#
# There is insufficient memory for the Java Runtime Environment to continue.
# Native memory allocation (malloc) failed to allocate 1059136 bytes for Chunk::new
# Possible reasons:
#   The system is out of physical RAM or swap space
#   The process is running with CompressedOops enabled, and the Java Heap may be blocking the growth of the native heap
# Possible solutions:
#   Reduce memory load on the system
#   Increase physical memory or swap space
#   Check if swap backing store is full
#   Decrease Java heap size (-Xmx/-Xms)
#   Decrease number of Java threads
#   Decrease Java thread stack sizes (-Xss)
#   Set larger code cache with -XX:ReservedCodeCacheSize=
#   JVM is running with Zero Based Compressed Oops mode in which the Java heap is
#     placed in the first 32GB address space. The Java Heap base address is the
#     maximum limit for the native heap growth. Please use -XX:HeapBaseMinAddress
#     to set the Java Heap base and to place the Java Heap above 32GB virtual address.
# This output file may be truncated or incomplete.
#
#  Out of Memory Error (t:/workspace/open/src/hotspot/share/memory/arena.cpp:197), pid=3224, tid=20268
#
# JRE version: Java(TM) SE Runtime Environment (11.0.5+10) (build 11.0.5+10-LTS)
# Java VM: Java HotSpot(TM) 64-Bit Server VM (11.0.5+10-LTS, mixed mode, tiered, compressed oops, g1 gc, windows-amd64)
# No core dump will be written. Minidumps are not enabled by default on client versions of Windows
#

---------------  S U M M A R Y ------------

Command Line: C:\Users\Hieu\AppData\Local\Temp\surefire16028274245985347709\surefirebooter4305735553949781653.jar C:\Users\Hieu\AppData\Local\Temp\surefire16028274245985347709 2020-09-03T20-35-08_713-jvmRun1 surefire11526571564440387515tmp surefire_012983554473588024785tmp

Host: Intel(R) Core(TM) i7-8550U CPU @ 1.80GHz, 8 cores, 15G,  Windows 10 , 64 bit Build 19041 (10.0.19041.292)
Time: Thu Sep  3 20:35:29 2020 SE Asia Standard Time elapsed time: 20 seconds (0d 0h 0m 20s)

---------------  T H R E A D  ---------------

Current thread (0x000001ebb891a000):  JavaThread "C2 CompilerThread0" daemon [_thread_in_native, id=20268, stack(0x0000008194400000,0x0000008194500000)]


Current CompileTask:
C2:  20145 6576       4       org.springframework.core.ResolvableType::forType (115 bytes)

Stack: [0x0000008194400000,0x0000008194500000]
Native frames: (J=compiled Java code, j=interpreted, Vv=VM code, C=native code)
V  [jvm.dll+0x63611a]
V  [jvm.dll+0x77426f]
V  [jvm.dll+0x77591a]
V  [jvm.dll+0x775fd3]
V  [jvm.dll+0x25e608]
V  [jvm.dll+0xc1f31]
V  [jvm.dll+0xc24bc]
V  [jvm.dll+0x2cf5c4]
V  [jvm.dll+0x55278f]
V  [jvm.dll+0x219f79]
V  [jvm.dll+0x217506]
V  [jvm.dll+0x1941bc]
V  [jvm.dll+0x226684]
V  [jvm.dll+0x224c78]
V  [jvm.dll+0x7396cd]
V  [jvm.dll+0x6351c2]
C  [ucrtbase.dll+0x21542]
C  [KERNEL32.DLL+0x16fd4]
C  [ntdll.dll+0x4cec1]


---------------  P R O C E S S  ---------------

Threads class SMR info:
_java_thread_list=0x000001ebbcde88f0, length=19, elements={
0x000001eb92e5a800, 0x000001ebb88fa000, 0x000001ebb8903000, 0x000001ebb8917000,
0x000001ebb8919000, 0x000001ebb891a000, 0x000001ebb8928800, 0x000001ebb8929800,
0x000001ebb93e3800, 0x000001ebb93eb800, 0x000001ebb94ba000, 0x000001ebb964e800,
0x000001ebba1d7800, 0x000001ebbcc17000, 0x000001ebbce50000, 0x000001ebbdc21000,
0x000001ebbafdf000, 0x000001ebbde85000, 0x000001ebbf5d0000
}

Java Threads: ( => current thread )
  0x000001eb92e5a800 JavaThread "main" [_thread_in_native, id=824, stack(0x0000008193900000,0x0000008193a00000)]
  0x000001ebb88fa000 JavaThread "Reference Handler" daemon [_thread_blocked, id=12760, stack(0x0000008194000000,0x0000008194100000)]
  0x000001ebb8903000 JavaThread "Finalizer" daemon [_thread_blocked, id=13368, stack(0x0000008194100000,0x0000008194200000)]
  0x000001ebb8917000 JavaThread "Signal Dispatcher" daemon [_thread_blocked, id=18956, stack(0x0000008194200000,0x0000008194300000)]
  0x000001ebb8919000 JavaThread "Attach Listener" daemon [_thread_blocked, id=1032, stack(0x0000008194300000,0x0000008194400000)]
=>0x000001ebb891a000 JavaThread "C2 CompilerThread0" daemon [_thread_in_native, id=20268, stack(0x0000008194400000,0x0000008194500000)]
  0x000001ebb8928800 JavaThread "C1 CompilerThread0" daemon [_thread_blocked, id=22740, stack(0x0000008194500000,0x0000008194600000)]
  0x000001ebb8929800 JavaThread "Sweeper thread" daemon [_thread_blocked, id=11104, stack(0x0000008194600000,0x0000008194700000)]
  0x000001ebb93e3800 JavaThread "Service Thread" daemon [_thread_blocked, id=6888, stack(0x0000008194700000,0x0000008194800000)]
  0x000001ebb93eb800 JavaThread "Common-Cleaner" daemon [_thread_blocked, id=25884, stack(0x0000008194900000,0x0000008194a00000)]
  0x000001ebb94ba000 JavaThread "surefire-forkedjvm-command-thread" daemon [_thread_in_native, id=20728, stack(0x0000008194a00000,0x0000008194b00000)]
  0x000001ebb964e800 JavaThread "surefire-forkedjvm-ping-30s" daemon [_thread_in_native, id=13732, stack(0x0000008194b00000,0x0000008194c00000)]
  0x000001ebba1d7800 JavaThread "Java2D Disposer" daemon [_thread_blocked, id=25488, stack(0x0000008194c00000,0x0000008194d00000)]
  0x000001ebbcc17000 JavaThread "AWT-Windows" daemon [_thread_in_native, id=24896, stack(0x0000008195400000,0x0000008195500000)]
  0x000001ebbce50000 JavaThread "C2 CompilerThread1" daemon [_thread_in_native, id=6016, stack(0x0000008195300000,0x0000008195400000)]
  0x000001ebbdc21000 JavaThread "mysql-cj-abandoned-connection-cleanup" daemon [_thread_blocked, id=3460, stack(0x0000008195500000,0x0000008195600000)]
  0x000001ebbafdf000 JavaThread "task-1" [_thread_blocked, id=2340, stack(0x0000008195600000,0x0000008195700000)]
  0x000001ebbde85000 JavaThread "HikariPool-1 housekeeper" daemon [_thread_blocked, id=18192, stack(0x0000008195800000,0x0000008195900000)]
  0x000001ebbf5d0000 JavaThread "HikariPool-1 connection adder" daemon [_thread_blocked, id=1512, stack(0x0000008195900000,0x0000008195a00000)]

Other Threads:
  0x000001ebb88d5000 VMThread "VM Thread" [stack: 0x0000008193f00000,0x0000008194000000] [id=1960]
  0x000001ebb93eb000 WatcherThread [stack: 0x0000008194800000,0x0000008194900000] [id=2528]
  0x000001eb92e74000 GCTaskThread "GC Thread#0" [stack: 0x0000008193a00000,0x0000008193b00000] [id=5696]
  0x000001ebbad15000 GCTaskThread "GC Thread#1" [stack: 0x0000008194d00000,0x0000008194e00000] [id=3044]
  0x000001ebb97ee000 GCTaskThread "GC Thread#2" [stack: 0x0000008194e00000,0x0000008194f00000] [id=22152]
  0x000001ebbad73800 GCTaskThread "GC Thread#3" [stack: 0x0000008194f00000,0x0000008195000000] [id=5464]
  0x000001ebbad74000 GCTaskThread "GC Thread#4" [stack: 0x0000008195000000,0x0000008195100000] [id=10480]
  0x000001ebba664000 GCTaskThread "GC Thread#5" [stack: 0x0000008195100000,0x0000008195200000] [id=24148]
  0x000001eb92ed3800 ConcurrentGCThread "G1 Main Marker" [stack: 0x0000008193b00000,0x0000008193c00000] [id=15052]
  0x000001eb92ed4800 ConcurrentGCThread "G1 Conc#0" [stack: 0x0000008193c00000,0x0000008193d00000] [id=1812]
  0x000001ebba9cd800 ConcurrentGCThread "G1 Conc#1" [stack: 0x0000008195200000,0x0000008195300000] [id=21500]
  0x000001ebb8732000 ConcurrentGCThread "G1 Refine#0" [stack: 0x0000008193d00000,0x0000008193e00000] [id=25860]
  0x000001ebb8733000 ConcurrentGCThread "G1 Young RemSet Sampling" [stack: 0x0000008193e00000,0x0000008193f00000] [id=8748]

Threads with active compile tasks:
C2 CompilerThread06576       4       org.springframework.core.ResolvableType::forType (115 bytes)
C2 CompilerThread16598       4       org.springframework.transaction.annotation.AnnotationTransactionAttributeSource::determineTransactionAttribute (51 bytes)

VM state:not at safepoint (normal execution)

VM Mutex/Monitor currently owned by a thread: None

Heap address: 0x0000000702800000, size: 4056 MB, Compressed Oops mode: Zero based, Oop shift amount: 3
Narrow klass base: 0x0000000800000000, Narrow klass shift: 0
Compressed class space size: 1073741824 Address: 0x0000000800000000

Heap:
 garbage-first heap   total 260096K, used 165835K [0x0000000702800000, 0x0000000800000000)
  region size 1024K, 152 young (155648K), 18 survivors (18432K)
 Metaspace       used 69579K, capacity 71218K, committed 71424K, reserved 1112064K
  class space    used 8676K, capacity 9352K, committed 9472K, reserved 1048576K
Heap Regions: E=young(eden), S=young(survivor), O=old, HS=humongous(starts), HC=humongous(continues), CS=collection set, F=free, A=archive, TAMS=top-at-mark-start (previous, next)
|   0|0x0000000702800000, 0x0000000702900000, 0x0000000702900000|100%|HS|  |TAMS 0x0000000702900000, 0x0000000702800000| Complete 
|   1|0x0000000702900000, 0x0000000702a00000, 0x0000000702a00000|100%| O|  |TAMS 0x0000000702a00000, 0x0000000702900000| Untracked 
|   2|0x0000000702a00000, 0x0000000702b00000, 0x0000000702b00000|100%| O|  |TAMS 0x0000000702b00000, 0x0000000702a00000| Untracked 
|   3|0x0000000702b00000, 0x0000000702c00000, 0x0000000702c00000|100%| O|  |TAMS 0x0000000702c00000, 0x0000000702b00000| Untracked 
|   4|0x0000000702c00000, 0x0000000702d00000, 0x0000000702d00000|100%| O|  |TAMS 0x0000000702d00000, 0x0000000702c00000| Untracked 
|   5|0x0000000702d00000, 0x0000000702e00000, 0x0000000702e00000|100%| O|  |TAMS 0x0000000702e00000, 0x0000000702d00000| Untracked 
|   6|0x0000000702e00000, 0x0000000702f00000, 0x0000000702f00000|100%| O|  |TAMS 0x0000000702f00000, 0x0000000702e00000| Untracked 
|   7|0x0000000702f00000, 0x0000000702fffff8, 0x0000000703000000| 99%| O|  |TAMS 0x0000000702fffff8, 0x0000000702f00000| Untracked 
|   8|0x0000000703000000, 0x000000070309cc00, 0x0000000703100000| 61%| O|  |TAMS 0x000000070309cc00, 0x0000000703000000| Untracked 
|   9|0x0000000703100000, 0x0000000703100000, 0x0000000703200000|  0%| F|  |TAMS 0x0000000703100000, 0x0000000703100000| Untracked 
|  10|0x0000000703200000, 0x0000000703300000, 0x0000000703300000|100%| O|  |TAMS 0x0000000703300000, 0x0000000703200000| Untracked 
|  11|0x0000000703300000, 0x0000000703400000, 0x0000000703400000|100%| O|  |TAMS 0x0000000703400000, 0x0000000703300000| Untracked 
|  12|0x0000000703400000, 0x0000000703500000, 0x0000000703500000|100%| O|  |TAMS 0x0000000703500000, 0x0000000703400000| Untracked 
|  13|0x0000000703500000, 0x0000000703500000, 0x0000000703600000|  0%| F|  |TAMS 0x0000000703500000, 0x0000000703500000| Untracked 
|  14|0x0000000703600000, 0x0000000703600000, 0x0000000703700000|  0%| F|  |TAMS 0x0000000703600000, 0x0000000703600000| Untracked 
|  15|0x0000000703700000, 0x0000000703700000, 0x0000000703800000|  0%| F|  |TAMS 0x0000000703700000, 0x0000000703700000| Untracked 
|  16|0x0000000703800000, 0x0000000703800000, 0x0000000703900000|  0%| F|  |TAMS 0x0000000703800000, 0x0000000703800000| Untracked 
|  17|0x0000000703900000, 0x0000000703900000, 0x0000000703a00000|  0%| F|  |TAMS 0x0000000703900000, 0x0000000703900000| Untracked 
|  18|0x0000000703a00000, 0x0000000703a00000, 0x0000000703b00000|  0%| F|  |TAMS 0x0000000703a00000, 0x0000000703a00000| Untracked 
|  19|0x0000000703b00000, 0x0000000703b00000, 0x0000000703c00000|  0%| F|  |TAMS 0x0000000703b00000, 0x0000000703b00000| Untracked 
|  20|0x0000000703c00000, 0x0000000703c00000, 0x0000000703d00000|  0%| F|  |TAMS 0x0000000703c00000, 0x0000000703c00000| Untracked 
|  21|0x0000000703d00000, 0x0000000703d00000, 0x0000000703e00000|  0%| F|  |TAMS 0x0000000703d00000, 0x0000000703d00000| Untracked 
|  22|0x0000000703e00000, 0x0000000703e00000, 0x0000000703f00000|  0%| F|  |TAMS 0x0000000703e00000, 0x0000000703e00000| Untracked 
|  23|0x0000000703f00000, 0x0000000703f00000, 0x0000000704000000|  0%| F|  |TAMS 0x0000000703f00000, 0x0000000703f00000| Untracked 
|  24|0x0000000704000000, 0x0000000704000000, 0x0000000704100000|  0%| F|  |TAMS 0x0000000704000000, 0x0000000704000000| Untracked 
|  25|0x0000000704100000, 0x0000000704100000, 0x0000000704200000|  0%| F|  |TAMS 0x0000000704100000, 0x0000000704100000| Untracked 
|  26|0x0000000704200000, 0x0000000704200000, 0x0000000704300000|  0%| F|  |TAMS 0x0000000704200000, 0x0000000704200000| Untracked 
|  27|0x0000000704300000, 0x0000000704300000, 0x0000000704400000|  0%| F|  |TAMS 0x0000000704300000, 0x0000000704300000| Untracked 
|  28|0x0000000704400000, 0x0000000704400000, 0x0000000704500000|  0%| F|  |TAMS 0x0000000704400000, 0x0000000704400000| Untracked 
|  29|0x0000000704500000, 0x0000000704500000, 0x0000000704600000|  0%| F|  |TAMS 0x0000000704500000, 0x0000000704500000| Untracked 
|  30|0x0000000704600000, 0x0000000704600000, 0x0000000704700000|  0%| F|  |TAMS 0x0000000704600000, 0x0000000704600000| Untracked 
|  31|0x0000000704700000, 0x0000000704700000, 0x0000000704800000|  0%| F|  |TAMS 0x0000000704700000, 0x0000000704700000| Untracked 
|  32|0x0000000704800000, 0x0000000704800000, 0x0000000704900000|  0%| F|  |TAMS 0x0000000704800000, 0x0000000704800000| Untracked 
|  33|0x0000000704900000, 0x0000000704900000, 0x0000000704a00000|  0%| F|  |TAMS 0x0000000704900000, 0x0000000704900000| Untracked 
|  34|0x0000000704a00000, 0x0000000704a00000, 0x0000000704b00000|  0%| F|  |TAMS 0x0000000704a00000, 0x0000000704a00000| Untracked 
|  35|0x0000000704b00000, 0x0000000704b00000, 0x0000000704c00000|  0%| F|  |TAMS 0x0000000704b00000, 0x0000000704b00000| Untracked 
|  36|0x0000000704c00000, 0x0000000704c00000, 0x0000000704d00000|  0%| F|  |TAMS 0x0000000704c00000, 0x0000000704c00000| Untracked 
|  37|0x0000000704d00000, 0x0000000704d00000, 0x0000000704e00000|  0%| F|  |TAMS 0x0000000704d00000, 0x0000000704d00000| Untracked 
|  38|0x0000000704e00000, 0x0000000704e00000, 0x0000000704f00000|  0%| F|  |TAMS 0x0000000704e00000, 0x0000000704e00000| Untracked 
|  39|0x0000000704f00000, 0x0000000704f00000, 0x0000000705000000|  0%| F|  |TAMS 0x0000000704f00000, 0x0000000704f00000| Untracked 
|  40|0x0000000705000000, 0x0000000705000000, 0x0000000705100000|  0%| F|  |TAMS 0x0000000705000000, 0x0000000705000000| Untracked 
|  41|0x0000000705100000, 0x0000000705100000, 0x0000000705200000|  0%| F|  |TAMS 0x0000000705100000, 0x0000000705100000| Untracked 
|  42|0x0000000705200000, 0x0000000705200000, 0x0000000705300000|  0%| F|  |TAMS 0x0000000705200000, 0x0000000705200000| Untracked 
|  43|0x0000000705300000, 0x0000000705300000, 0x0000000705400000|  0%| F|  |TAMS 0x0000000705300000, 0x0000000705300000| Untracked 
|  44|0x0000000705400000, 0x0000000705400000, 0x0000000705500000|  0%| F|  |TAMS 0x0000000705400000, 0x0000000705400000| Untracked 
|  45|0x0000000705500000, 0x0000000705500000, 0x0000000705600000|  0%| F|  |TAMS 0x0000000705500000, 0x0000000705500000| Untracked 
|  46|0x0000000705600000, 0x0000000705600000, 0x0000000705700000|  0%| F|  |TAMS 0x0000000705600000, 0x0000000705600000| Untracked 
|  47|0x0000000705700000, 0x0000000705700000, 0x0000000705800000|  0%| F|  |TAMS 0x0000000705700000, 0x0000000705700000| Untracked 
|  48|0x0000000705800000, 0x0000000705800000, 0x0000000705900000|  0%| F|  |TAMS 0x0000000705800000, 0x0000000705800000| Untracked 
|  49|0x0000000705900000, 0x0000000705900000, 0x0000000705a00000|  0%| F|  |TAMS 0x0000000705900000, 0x0000000705900000| Untracked 
|  50|0x0000000705a00000, 0x0000000705a00000, 0x0000000705b00000|  0%| F|  |TAMS 0x0000000705a00000, 0x0000000705a00000| Untracked 
|  51|0x0000000705b00000, 0x0000000705b00000, 0x0000000705c00000|  0%| F|  |TAMS 0x0000000705b00000, 0x0000000705b00000| Untracked 
|  52|0x0000000705c00000, 0x0000000705c00000, 0x0000000705d00000|  0%| F|  |TAMS 0x0000000705c00000, 0x0000000705c00000| Untracked 
|  53|0x0000000705d00000, 0x0000000705d00000, 0x0000000705e00000|  0%| F|  |TAMS 0x0000000705d00000, 0x0000000705d00000| Untracked 
|  54|0x0000000705e00000, 0x0000000705e00000, 0x0000000705f00000|  0%| F|  |TAMS 0x0000000705e00000, 0x0000000705e00000| Untracked 
|  55|0x0000000705f00000, 0x0000000705f00000, 0x0000000706000000|  0%| F|  |TAMS 0x0000000705f00000, 0x0000000705f00000| Untracked 
|  56|0x0000000706000000, 0x0000000706000000, 0x0000000706100000|  0%| F|  |TAMS 0x0000000706000000, 0x0000000706000000| Untracked 
|  57|0x0000000706100000, 0x0000000706100000, 0x0000000706200000|  0%| F|  |TAMS 0x0000000706100000, 0x0000000706100000| Untracked 
|  58|0x0000000706200000, 0x0000000706200000, 0x0000000706300000|  0%| F|  |TAMS 0x0000000706200000, 0x0000000706200000| Untracked 
|  59|0x0000000706300000, 0x0000000706300000, 0x0000000706400000|  0%| F|  |TAMS 0x0000000706300000, 0x0000000706300000| Untracked 
|  60|0x0000000706400000, 0x0000000706400000, 0x0000000706500000|  0%| F|  |TAMS 0x0000000706400000, 0x0000000706400000| Untracked 
|  61|0x0000000706500000, 0x0000000706500000, 0x0000000706600000|  0%| F|  |TAMS 0x0000000706500000, 0x0000000706500000| Untracked 
|  62|0x0000000706600000, 0x0000000706600000, 0x0000000706700000|  0%| F|  |TAMS 0x0000000706600000, 0x0000000706600000| Untracked 
|  63|0x0000000706700000, 0x0000000706700000, 0x0000000706800000|  0%| F|  |TAMS 0x0000000706700000, 0x0000000706700000| Untracked 
|  64|0x0000000706800000, 0x0000000706800000, 0x0000000706900000|  0%| F|  |TAMS 0x0000000706800000, 0x0000000706800000| Untracked 
|  65|0x0000000706900000, 0x0000000706900000, 0x0000000706a00000|  0%| F|  |TAMS 0x0000000706900000, 0x0000000706900000| Untracked 
|  66|0x0000000706a00000, 0x0000000706a00000, 0x0000000706b00000|  0%| F|  |TAMS 0x0000000706a00000, 0x0000000706a00000| Untracked 
|  67|0x0000000706b00000, 0x0000000706b00000, 0x0000000706c00000|  0%| F|  |TAMS 0x0000000706b00000, 0x0000000706b00000| Untracked 
|  68|0x0000000706c00000, 0x0000000706c00000, 0x0000000706d00000|  0%| F|  |TAMS 0x0000000706c00000, 0x0000000706c00000| Untracked 
|  69|0x0000000706d00000, 0x0000000706d00000, 0x0000000706e00000|  0%| F|  |TAMS 0x0000000706d00000, 0x0000000706d00000| Untracked 
|  70|0x0000000706e00000, 0x0000000706e00000, 0x0000000706f00000|  0%| F|  |TAMS 0x0000000706e00000, 0x0000000706e00000| Untracked 
|  71|0x0000000706f00000, 0x0000000706f00000, 0x0000000707000000|  0%| F|  |TAMS 0x0000000706f00000, 0x0000000706f00000| Untracked 
|  72|0x0000000707000000, 0x0000000707000000, 0x0000000707100000|  0%| F|  |TAMS 0x0000000707000000, 0x0000000707000000| Untracked 
|  73|0x0000000707100000, 0x0000000707100000, 0x0000000707200000|  0%| F|  |TAMS 0x0000000707100000, 0x0000000707100000| Untracked 
|  74|0x0000000707200000, 0x0000000707200000, 0x0000000707300000|  0%| F|  |TAMS 0x0000000707200000, 0x0000000707200000| Untracked 
|  75|0x0000000707300000, 0x0000000707300000, 0x0000000707400000|  0%| F|  |TAMS 0x0000000707300000, 0x0000000707300000| Untracked 
|  76|0x0000000707400000, 0x0000000707400000, 0x0000000707500000|  0%| F|  |TAMS 0x0000000707400000, 0x0000000707400000| Untracked 
|  77|0x0000000707500000, 0x0000000707500000, 0x0000000707600000|  0%| F|  |TAMS 0x0000000707500000, 0x0000000707500000| Untracked 
|  78|0x0000000707600000, 0x0000000707600000, 0x0000000707700000|  0%| F|  |TAMS 0x0000000707600000, 0x0000000707600000| Untracked 
|  79|0x0000000707700000, 0x0000000707700000, 0x0000000707800000|  0%| F|  |TAMS 0x0000000707700000, 0x0000000707700000| Untracked 
|  80|0x0000000707800000, 0x0000000707800000, 0x0000000707900000|  0%| F|  |TAMS 0x0000000707800000, 0x0000000707800000| Untracked 
|  81|0x0000000707900000, 0x0000000707900000, 0x0000000707a00000|  0%| F|  |TAMS 0x0000000707900000, 0x0000000707900000| Untracked 
|  82|0x0000000707a00000, 0x0000000707a00000, 0x0000000707b00000|  0%| F|  |TAMS 0x0000000707a00000, 0x0000000707a00000| Untracked 
|  83|0x0000000707b00000, 0x0000000707b00000, 0x0000000707c00000|  0%| F|  |TAMS 0x0000000707b00000, 0x0000000707b00000| Untracked 
|  84|0x0000000707c00000, 0x0000000707c00000, 0x0000000707d00000|  0%| F|  |TAMS 0x0000000707c00000, 0x0000000707c00000| Untracked 
|  85|0x0000000707d00000, 0x0000000707d00000, 0x0000000707e00000|  0%| F|  |TAMS 0x0000000707d00000, 0x0000000707d00000| Untracked 
|  86|0x0000000707e00000, 0x0000000707e00000, 0x0000000707f00000|  0%| F|  |TAMS 0x0000000707e00000, 0x0000000707e00000| Untracked 
|  87|0x0000000707f00000, 0x0000000707f00000, 0x0000000708000000|  0%| F|  |TAMS 0x0000000707f00000, 0x0000000707f00000| Untracked 
|  88|0x0000000708000000, 0x0000000708000000, 0x0000000708100000|  0%| F|  |TAMS 0x0000000708000000, 0x0000000708000000| Untracked 
|  89|0x0000000708100000, 0x0000000708100000, 0x0000000708200000|  0%| F|  |TAMS 0x0000000708100000, 0x0000000708100000| Untracked 
|  90|0x0000000708200000, 0x0000000708200000, 0x0000000708300000|  0%| F|  |TAMS 0x0000000708200000, 0x0000000708200000| Untracked 
|  91|0x0000000708300000, 0x0000000708300000, 0x0000000708400000|  0%| F|  |TAMS 0x0000000708300000, 0x0000000708300000| Untracked 
|  92|0x0000000708400000, 0x0000000708400000, 0x0000000708500000|  0%| F|  |TAMS 0x0000000708400000, 0x0000000708400000| Untracked 
|  93|0x0000000708500000, 0x0000000708500000, 0x0000000708600000|  0%| F|  |TAMS 0x0000000708500000, 0x0000000708500000| Untracked 
|  94|0x0000000708600000, 0x0000000708600000, 0x0000000708700000|  0%| F|  |TAMS 0x0000000708600000, 0x0000000708600000| Untracked 
|  95|0x0000000708700000, 0x0000000708700000, 0x0000000708800000|  0%| F|  |TAMS 0x0000000708700000, 0x0000000708700000| Untracked 
|  96|0x0000000708800000, 0x0000000708800000, 0x0000000708900000|  0%| F|  |TAMS 0x0000000708800000, 0x0000000708800000| Untracked 
|  97|0x0000000708900000, 0x0000000708900000, 0x0000000708a00000|  0%| F|  |TAMS 0x0000000708900000, 0x0000000708900000| Untracked 
|  98|0x0000000708a00000, 0x0000000708a00000, 0x0000000708b00000|  0%| F|  |TAMS 0x0000000708a00000, 0x0000000708a00000| Untracked 
|  99|0x0000000708b00000, 0x0000000708b00000, 0x0000000708c00000|  0%| F|  |TAMS 0x0000000708b00000, 0x0000000708b00000| Untracked 
| 100|0x0000000708c00000, 0x0000000708c00000, 0x0000000708d00000|  0%| F|  |TAMS 0x0000000708c00000, 0x0000000708c00000| Untracked 
| 101|0x0000000708d00000, 0x0000000708d00000, 0x0000000708e00000|  0%| F|  |TAMS 0x0000000708d00000, 0x0000000708d00000| Untracked 
| 102|0x0000000708e00000, 0x0000000708f00000, 0x0000000708f00000|100%| E|  |TAMS 0x0000000708e00000, 0x0000000708e00000| Complete 
| 103|0x0000000708f00000, 0x0000000709000000, 0x0000000709000000|100%| E|CS|TAMS 0x0000000708f00000, 0x0000000708f00000| Complete 
| 104|0x0000000709000000, 0x0000000709100000, 0x0000000709100000|100%| E|CS|TAMS 0x0000000709000000, 0x0000000709000000| Complete 
| 105|0x0000000709100000, 0x0000000709200000, 0x0000000709200000|100%| E|CS|TAMS 0x0000000709100000, 0x0000000709100000| Complete 
| 106|0x0000000709200000, 0x0000000709300000, 0x0000000709300000|100%| E|CS|TAMS 0x0000000709200000, 0x0000000709200000| Complete 
| 107|0x0000000709300000, 0x0000000709400000, 0x0000000709400000|100%| E|CS|TAMS 0x0000000709300000, 0x0000000709300000| Complete 
| 108|0x0000000709400000, 0x0000000709500000, 0x0000000709500000|100%| E|CS|TAMS 0x0000000709400000, 0x0000000709400000| Complete 
| 109|0x0000000709500000, 0x0000000709600000, 0x0000000709600000|100%| E|CS|TAMS 0x0000000709500000, 0x0000000709500000| Complete 
| 110|0x0000000709600000, 0x0000000709700000, 0x0000000709700000|100%| E|CS|TAMS 0x0000000709600000, 0x0000000709600000| Complete 
| 111|0x0000000709700000, 0x0000000709800000, 0x0000000709800000|100%| E|CS|TAMS 0x0000000709700000, 0x0000000709700000| Complete 
| 112|0x0000000709800000, 0x0000000709900000, 0x0000000709900000|100%| E|CS|TAMS 0x0000000709800000, 0x0000000709800000| Complete 
| 113|0x0000000709900000, 0x0000000709a00000, 0x0000000709a00000|100%| E|CS|TAMS 0x0000000709900000, 0x0000000709900000| Complete 
| 114|0x0000000709a00000, 0x0000000709b00000, 0x0000000709b00000|100%| E|CS|TAMS 0x0000000709a00000, 0x0000000709a00000| Complete 
| 115|0x0000000709b00000, 0x0000000709c00000, 0x0000000709c00000|100%| E|CS|TAMS 0x0000000709b00000, 0x0000000709b00000| Complete 
| 116|0x0000000709c00000, 0x0000000709d00000, 0x0000000709d00000|100%| E|CS|TAMS 0x0000000709c00000, 0x0000000709c00000| Complete 
| 117|0x0000000709d00000, 0x0000000709e00000, 0x0000000709e00000|100%| E|CS|TAMS 0x0000000709d00000, 0x0000000709d00000| Complete 
| 118|0x0000000709e00000, 0x0000000709f00000, 0x0000000709f00000|100%| E|CS|TAMS 0x0000000709e00000, 0x0000000709e00000| Complete 
| 119|0x0000000709f00000, 0x000000070a000000, 0x000000070a000000|100%| E|CS|TAMS 0x0000000709f00000, 0x0000000709f00000| Complete 
| 120|0x000000070a000000, 0x000000070a100000, 0x000000070a100000|100%| E|CS|TAMS 0x000000070a000000, 0x000000070a000000| Complete 
| 121|0x000000070a100000, 0x000000070a200000, 0x000000070a200000|100%| E|CS|TAMS 0x000000070a100000, 0x000000070a100000| Complete 
| 122|0x000000070a200000, 0x000000070a300000, 0x000000070a300000|100%| E|CS|TAMS 0x000000070a200000, 0x000000070a200000| Complete 
| 123|0x000000070a300000, 0x000000070a400000, 0x000000070a400000|100%| E|CS|TAMS 0x000000070a300000, 0x000000070a300000| Complete 
| 124|0x000000070a400000, 0x000000070a500000, 0x000000070a500000|100%| E|CS|TAMS 0x000000070a400000, 0x000000070a400000| Complete 
| 125|0x000000070a500000, 0x000000070a600000, 0x000000070a600000|100%| E|CS|TAMS 0x000000070a500000, 0x000000070a500000| Complete 
| 126|0x000000070a600000, 0x000000070a656050, 0x000000070a700000| 33%| S|CS|TAMS 0x000000070a600000, 0x000000070a600000| Complete 
| 127|0x000000070a700000, 0x000000070a800000, 0x000000070a800000|100%| S|CS|TAMS 0x000000070a700000, 0x000000070a700000| Complete 
| 128|0x000000070a800000, 0x000000070a900000, 0x000000070a900000|100%| S|CS|TAMS 0x000000070a800000, 0x000000070a800000| Complete 
| 129|0x000000070a900000, 0x000000070aa00000, 0x000000070aa00000|100%| S|CS|TAMS 0x000000070a900000, 0x000000070a900000| Complete 
| 130|0x000000070aa00000, 0x000000070ab00000, 0x000000070ab00000|100%| S|CS|TAMS 0x000000070aa00000, 0x000000070aa00000| Complete 
| 131|0x000000070ab00000, 0x000000070ac00000, 0x000000070ac00000|100%| S|CS|TAMS 0x000000070ab00000, 0x000000070ab00000| Complete 
| 132|0x000000070ac00000, 0x000000070ad00000, 0x000000070ad00000|100%| S|CS|TAMS 0x000000070ac00000, 0x000000070ac00000| Complete 
| 133|0x000000070ad00000, 0x000000070ae00000, 0x000000070ae00000|100%| S|CS|TAMS 0x000000070ad00000, 0x000000070ad00000| Complete 
| 134|0x000000070ae00000, 0x000000070af00000, 0x000000070af00000|100%| S|CS|TAMS 0x000000070ae00000, 0x000000070ae00000| Complete 
| 135|0x000000070af00000, 0x000000070b000000, 0x000000070b000000|100%| S|CS|TAMS 0x000000070af00000, 0x000000070af00000| Complete 
| 136|0x000000070b000000, 0x000000070b100000, 0x000000070b100000|100%| S|CS|TAMS 0x000000070b000000, 0x000000070b000000| Complete 
| 137|0x000000070b100000, 0x000000070b200000, 0x000000070b200000|100%| S|CS|TAMS 0x000000070b100000, 0x000000070b100000| Complete 
| 138|0x000000070b200000, 0x000000070b300000, 0x000000070b300000|100%| S|CS|TAMS 0x000000070b200000, 0x000000070b200000| Complete 
| 139|0x000000070b300000, 0x000000070b400000, 0x000000070b400000|100%| S|CS|TAMS 0x000000070b300000, 0x000000070b300000| Complete 
| 140|0x000000070b400000, 0x000000070b500000, 0x000000070b500000|100%| S|CS|TAMS 0x000000070b400000, 0x000000070b400000| Complete 
| 141|0x000000070b500000, 0x000000070b600000, 0x000000070b600000|100%| S|CS|TAMS 0x000000070b500000, 0x000000070b500000| Complete 
| 142|0x000000070b600000, 0x000000070b700000, 0x000000070b700000|100%| S|CS|TAMS 0x000000070b600000, 0x000000070b600000| Complete 
| 143|0x000000070b700000, 0x000000070b800000, 0x000000070b800000|100%| S|CS|TAMS 0x000000070b700000, 0x000000070b700000| Complete 
| 144|0x000000070b800000, 0x000000070b900000, 0x000000070b900000|100%| E|CS|TAMS 0x000000070b800000, 0x000000070b800000| Complete 
| 145|0x000000070b900000, 0x000000070ba00000, 0x000000070ba00000|100%| E|CS|TAMS 0x000000070b900000, 0x000000070b900000| Complete 
| 146|0x000000070ba00000, 0x000000070bb00000, 0x000000070bb00000|100%| E|CS|TAMS 0x000000070ba00000, 0x000000070ba00000| Complete 
| 147|0x000000070bb00000, 0x000000070bc00000, 0x000000070bc00000|100%| E|CS|TAMS 0x000000070bb00000, 0x000000070bb00000| Complete 
| 148|0x000000070bc00000, 0x000000070bd00000, 0x000000070bd00000|100%| E|CS|TAMS 0x000000070bc00000, 0x000000070bc00000| Complete 
| 149|0x000000070bd00000, 0x000000070be00000, 0x000000070be00000|100%| E|CS|TAMS 0x000000070bd00000, 0x000000070bd00000| Complete 
| 150|0x000000070be00000, 0x000000070bf00000, 0x000000070bf00000|100%| E|CS|TAMS 0x000000070be00000, 0x000000070be00000| Complete 
| 151|0x000000070bf00000, 0x000000070c000000, 0x000000070c000000|100%| E|CS|TAMS 0x000000070bf00000, 0x000000070bf00000| Complete 
| 152|0x000000070c000000, 0x000000070c100000, 0x000000070c100000|100%| E|CS|TAMS 0x000000070c000000, 0x000000070c000000| Complete 
| 153|0x000000070c100000, 0x000000070c200000, 0x000000070c200000|100%| E|CS|TAMS 0x000000070c100000, 0x000000070c100000| Complete 
| 154|0x000000070c200000, 0x000000070c300000, 0x000000070c300000|100%| E|CS|TAMS 0x000000070c200000, 0x000000070c200000| Complete 
| 155|0x000000070c300000, 0x000000070c400000, 0x000000070c400000|100%| E|CS|TAMS 0x000000070c300000, 0x000000070c300000| Complete 
| 156|0x000000070c400000, 0x000000070c500000, 0x000000070c500000|100%| E|CS|TAMS 0x000000070c400000, 0x000000070c400000| Complete 
| 157|0x000000070c500000, 0x000000070c600000, 0x000000070c600000|100%| E|CS|TAMS 0x000000070c500000, 0x000000070c500000| Complete 
| 158|0x000000070c600000, 0x000000070c700000, 0x000000070c700000|100%| E|CS|TAMS 0x000000070c600000, 0x000000070c600000| Complete 
| 159|0x000000070c700000, 0x000000070c800000, 0x000000070c800000|100%| E|CS|TAMS 0x000000070c700000, 0x000000070c700000| Complete 
| 160|0x000000070c800000, 0x000000070c900000, 0x000000070c900000|100%| E|CS|TAMS 0x000000070c800000, 0x000000070c800000| Complete 
| 161|0x000000070c900000, 0x000000070ca00000, 0x000000070ca00000|100%| E|CS|TAMS 0x000000070c900000, 0x000000070c900000| Complete 
| 162|0x000000070ca00000, 0x000000070cb00000, 0x000000070cb00000|100%| E|CS|TAMS 0x000000070ca00000, 0x000000070ca00000| Complete 
| 163|0x000000070cb00000, 0x000000070cc00000, 0x000000070cc00000|100%| E|CS|TAMS 0x000000070cb00000, 0x000000070cb00000| Complete 
| 164|0x000000070cc00000, 0x000000070cd00000, 0x000000070cd00000|100%| E|CS|TAMS 0x000000070cc00000, 0x000000070cc00000| Complete 
| 165|0x000000070cd00000, 0x000000070ce00000, 0x000000070ce00000|100%| E|CS|TAMS 0x000000070cd00000, 0x000000070cd00000| Complete 
| 166|0x000000070ce00000, 0x000000070cf00000, 0x000000070cf00000|100%| E|CS|TAMS 0x000000070ce00000, 0x000000070ce00000| Complete 
| 167|0x000000070cf00000, 0x000000070d000000, 0x000000070d000000|100%| E|CS|TAMS 0x000000070cf00000, 0x000000070cf00000| Complete 
| 168|0x000000070d000000, 0x000000070d100000, 0x000000070d100000|100%| E|CS|TAMS 0x000000070d000000, 0x000000070d000000| Complete 
| 169|0x000000070d100000, 0x000000070d200000, 0x000000070d200000|100%| E|CS|TAMS 0x000000070d100000, 0x000000070d100000| Complete 
| 170|0x000000070d200000, 0x000000070d300000, 0x000000070d300000|100%| E|CS|TAMS 0x000000070d200000, 0x000000070d200000| Complete 
| 171|0x000000070d300000, 0x000000070d400000, 0x000000070d400000|100%| E|CS|TAMS 0x000000070d300000, 0x000000070d300000| Complete 
| 172|0x000000070d400000, 0x000000070d500000, 0x000000070d500000|100%| E|CS|TAMS 0x000000070d400000, 0x000000070d400000| Complete 
| 173|0x000000070d500000, 0x000000070d600000, 0x000000070d600000|100%| E|CS|TAMS 0x000000070d500000, 0x000000070d500000| Complete 
| 174|0x000000070d600000, 0x000000070d700000, 0x000000070d700000|100%| E|CS|TAMS 0x000000070d600000, 0x000000070d600000| Complete 
| 175|0x000000070d700000, 0x000000070d800000, 0x000000070d800000|100%| E|CS|TAMS 0x000000070d700000, 0x000000070d700000| Complete 
| 176|0x000000070d800000, 0x000000070d900000, 0x000000070d900000|100%| E|CS|TAMS 0x000000070d800000, 0x000000070d800000| Complete 
| 177|0x000000070d900000, 0x000000070da00000, 0x000000070da00000|100%| E|CS|TAMS 0x000000070d900000, 0x000000070d900000| Complete 
| 178|0x000000070da00000, 0x000000070db00000, 0x000000070db00000|100%| E|CS|TAMS 0x000000070da00000, 0x000000070da00000| Complete 
| 179|0x000000070db00000, 0x000000070dc00000, 0x000000070dc00000|100%| E|CS|TAMS 0x000000070db00000, 0x000000070db00000| Complete 
| 180|0x000000070dc00000, 0x000000070dd00000, 0x000000070dd00000|100%| E|CS|TAMS 0x000000070dc00000, 0x000000070dc00000| Complete 
| 181|0x000000070dd00000, 0x000000070de00000, 0x000000070de00000|100%| E|CS|TAMS 0x000000070dd00000, 0x000000070dd00000| Complete 
| 182|0x000000070de00000, 0x000000070df00000, 0x000000070df00000|100%| E|CS|TAMS 0x000000070de00000, 0x000000070de00000| Complete 
| 183|0x000000070df00000, 0x000000070e000000, 0x000000070e000000|100%| E|CS|TAMS 0x000000070df00000, 0x000000070df00000| Complete 
| 184|0x000000070e000000, 0x000000070e100000, 0x000000070e100000|100%| E|CS|TAMS 0x000000070e000000, 0x000000070e000000| Complete 
| 185|0x000000070e100000, 0x000000070e200000, 0x000000070e200000|100%| E|CS|TAMS 0x000000070e100000, 0x000000070e100000| Complete 
| 186|0x000000070e200000, 0x000000070e300000, 0x000000070e300000|100%| E|CS|TAMS 0x000000070e200000, 0x000000070e200000| Complete 
| 187|0x000000070e300000, 0x000000070e400000, 0x000000070e400000|100%| E|CS|TAMS 0x000000070e300000, 0x000000070e300000| Complete 
| 188|0x000000070e400000, 0x000000070e500000, 0x000000070e500000|100%| E|CS|TAMS 0x000000070e400000, 0x000000070e400000| Complete 
| 189|0x000000070e500000, 0x000000070e600000, 0x000000070e600000|100%| E|CS|TAMS 0x000000070e500000, 0x000000070e500000| Complete 
| 190|0x000000070e600000, 0x000000070e700000, 0x000000070e700000|100%| E|CS|TAMS 0x000000070e600000, 0x000000070e600000| Complete 
| 191|0x000000070e700000, 0x000000070e800000, 0x000000070e800000|100%| E|CS|TAMS 0x000000070e700000, 0x000000070e700000| Complete 
| 192|0x000000070e800000, 0x000000070e900000, 0x000000070e900000|100%| E|CS|TAMS 0x000000070e800000, 0x000000070e800000| Complete 
| 193|0x000000070e900000, 0x000000070ea00000, 0x000000070ea00000|100%| E|CS|TAMS 0x000000070e900000, 0x000000070e900000| Complete 
| 194|0x000000070ea00000, 0x000000070eb00000, 0x000000070eb00000|100%| E|CS|TAMS 0x000000070ea00000, 0x000000070ea00000| Complete 
| 195|0x000000070eb00000, 0x000000070ec00000, 0x000000070ec00000|100%| E|CS|TAMS 0x000000070eb00000, 0x000000070eb00000| Complete 
| 196|0x000000070ec00000, 0x000000070ed00000, 0x000000070ed00000|100%| E|CS|TAMS 0x000000070ec00000, 0x000000070ec00000| Complete 
| 197|0x000000070ed00000, 0x000000070ee00000, 0x000000070ee00000|100%| E|CS|TAMS 0x000000070ed00000, 0x000000070ed00000| Complete 
| 198|0x000000070ee00000, 0x000000070ef00000, 0x000000070ef00000|100%| E|CS|TAMS 0x000000070ee00000, 0x000000070ee00000| Complete 
| 199|0x000000070ef00000, 0x000000070f000000, 0x000000070f000000|100%| E|CS|TAMS 0x000000070ef00000, 0x000000070ef00000| Complete 
| 200|0x000000070f000000, 0x000000070f100000, 0x000000070f100000|100%| E|CS|TAMS 0x000000070f000000, 0x000000070f000000| Complete 
| 201|0x000000070f100000, 0x000000070f200000, 0x000000070f200000|100%| E|CS|TAMS 0x000000070f100000, 0x000000070f100000| Complete 
| 202|0x000000070f200000, 0x000000070f300000, 0x000000070f300000|100%| E|CS|TAMS 0x000000070f200000, 0x000000070f200000| Complete 
| 203|0x000000070f300000, 0x000000070f400000, 0x000000070f400000|100%| E|CS|TAMS 0x000000070f300000, 0x000000070f300000| Complete 
| 204|0x000000070f400000, 0x000000070f500000, 0x000000070f500000|100%| E|CS|TAMS 0x000000070f400000, 0x000000070f400000| Complete 
| 205|0x000000070f500000, 0x000000070f600000, 0x000000070f600000|100%| E|CS|TAMS 0x000000070f500000, 0x000000070f500000| Complete 
| 206|0x000000070f600000, 0x000000070f700000, 0x000000070f700000|100%| E|CS|TAMS 0x000000070f600000, 0x000000070f600000| Complete 
| 207|0x000000070f700000, 0x000000070f800000, 0x000000070f800000|100%| E|CS|TAMS 0x000000070f700000, 0x000000070f700000| Complete 
| 208|0x000000070f800000, 0x000000070f900000, 0x000000070f900000|100%| E|CS|TAMS 0x000000070f800000, 0x000000070f800000| Complete 
| 209|0x000000070f900000, 0x000000070fa00000, 0x000000070fa00000|100%| E|CS|TAMS 0x000000070f900000, 0x000000070f900000| Complete 
| 210|0x000000070fa00000, 0x000000070fb00000, 0x000000070fb00000|100%| E|CS|TAMS 0x000000070fa00000, 0x000000070fa00000| Complete 
| 211|0x000000070fb00000, 0x000000070fc00000, 0x000000070fc00000|100%| E|CS|TAMS 0x000000070fb00000, 0x000000070fb00000| Complete 
| 212|0x000000070fc00000, 0x000000070fd00000, 0x000000070fd00000|100%| E|CS|TAMS 0x000000070fc00000, 0x000000070fc00000| Complete 
| 213|0x000000070fd00000, 0x000000070fe00000, 0x000000070fe00000|100%| E|CS|TAMS 0x000000070fd00000, 0x000000070fd00000| Complete 
| 214|0x000000070fe00000, 0x000000070ff00000, 0x000000070ff00000|100%| E|CS|TAMS 0x000000070fe00000, 0x000000070fe00000| Complete 
| 215|0x000000070ff00000, 0x0000000710000000, 0x0000000710000000|100%| E|CS|TAMS 0x000000070ff00000, 0x000000070ff00000| Complete 
| 216|0x0000000710000000, 0x0000000710100000, 0x0000000710100000|100%| E|CS|TAMS 0x0000000710000000, 0x0000000710000000| Complete 
| 217|0x0000000710100000, 0x0000000710200000, 0x0000000710200000|100%| E|CS|TAMS 0x0000000710100000, 0x0000000710100000| Complete 
| 218|0x0000000710200000, 0x0000000710300000, 0x0000000710300000|100%| E|CS|TAMS 0x0000000710200000, 0x0000000710200000| Complete 
| 219|0x0000000710300000, 0x0000000710400000, 0x0000000710400000|100%| E|CS|TAMS 0x0000000710300000, 0x0000000710300000| Complete 
| 220|0x0000000710400000, 0x0000000710500000, 0x0000000710500000|100%| E|CS|TAMS 0x0000000710400000, 0x0000000710400000| Complete 
| 221|0x0000000710500000, 0x0000000710600000, 0x0000000710600000|100%| E|CS|TAMS 0x0000000710500000, 0x0000000710500000| Complete 
| 222|0x0000000710600000, 0x0000000710700000, 0x0000000710700000|100%| E|CS|TAMS 0x0000000710600000, 0x0000000710600000| Complete 
| 223|0x0000000710700000, 0x0000000710800000, 0x0000000710800000|100%| E|CS|TAMS 0x0000000710700000, 0x0000000710700000| Complete 
| 224|0x0000000710800000, 0x0000000710900000, 0x0000000710900000|100%| E|CS|TAMS 0x0000000710800000, 0x0000000710800000| Complete 
| 225|0x0000000710900000, 0x0000000710a00000, 0x0000000710a00000|100%| E|CS|TAMS 0x0000000710900000, 0x0000000710900000| Complete 
| 226|0x0000000710a00000, 0x0000000710b00000, 0x0000000710b00000|100%| E|CS|TAMS 0x0000000710a00000, 0x0000000710a00000| Complete 
| 227|0x0000000710b00000, 0x0000000710c00000, 0x0000000710c00000|100%| E|CS|TAMS 0x0000000710b00000, 0x0000000710b00000| Complete 
| 228|0x0000000710c00000, 0x0000000710d00000, 0x0000000710d00000|100%| E|CS|TAMS 0x0000000710c00000, 0x0000000710c00000| Complete 
| 229|0x0000000710d00000, 0x0000000710e00000, 0x0000000710e00000|100%| E|CS|TAMS 0x0000000710d00000, 0x0000000710d00000| Complete 
| 230|0x0000000710e00000, 0x0000000710f00000, 0x0000000710f00000|100%| E|CS|TAMS 0x0000000710e00000, 0x0000000710e00000| Complete 
| 231|0x0000000710f00000, 0x0000000711000000, 0x0000000711000000|100%| E|CS|TAMS 0x0000000710f00000, 0x0000000710f00000| Complete 
| 232|0x0000000711000000, 0x0000000711100000, 0x0000000711100000|100%| E|CS|TAMS 0x0000000711000000, 0x0000000711000000| Complete 
| 233|0x0000000711100000, 0x0000000711200000, 0x0000000711200000|100%| E|CS|TAMS 0x0000000711100000, 0x0000000711100000| Complete 
| 234|0x0000000711200000, 0x0000000711300000, 0x0000000711300000|100%| E|CS|TAMS 0x0000000711200000, 0x0000000711200000| Complete 
| 235|0x0000000711300000, 0x0000000711400000, 0x0000000711400000|100%| E|CS|TAMS 0x0000000711300000, 0x0000000711300000| Complete 
| 236|0x0000000711400000, 0x0000000711500000, 0x0000000711500000|100%| E|CS|TAMS 0x0000000711400000, 0x0000000711400000| Complete 
| 237|0x0000000711500000, 0x0000000711600000, 0x0000000711600000|100%| E|CS|TAMS 0x0000000711500000, 0x0000000711500000| Complete 
| 238|0x0000000711600000, 0x0000000711700000, 0x0000000711700000|100%| E|CS|TAMS 0x0000000711600000, 0x0000000711600000| Complete 
| 239|0x0000000711700000, 0x0000000711800000, 0x0000000711800000|100%| E|CS|TAMS 0x0000000711700000, 0x0000000711700000| Complete 
| 240|0x0000000711800000, 0x0000000711900000, 0x0000000711900000|100%| E|CS|TAMS 0x0000000711800000, 0x0000000711800000| Complete 
| 241|0x0000000711900000, 0x0000000711a00000, 0x0000000711a00000|100%| E|CS|TAMS 0x0000000711900000, 0x0000000711900000| Complete 
| 242|0x0000000711a00000, 0x0000000711b00000, 0x0000000711b00000|100%| E|CS|TAMS 0x0000000711a00000, 0x0000000711a00000| Complete 
| 243|0x0000000711b00000, 0x0000000711c00000, 0x0000000711c00000|100%| E|CS|TAMS 0x0000000711b00000, 0x0000000711b00000| Complete 
| 244|0x0000000711c00000, 0x0000000711d00000, 0x0000000711d00000|100%| E|CS|TAMS 0x0000000711c00000, 0x0000000711c00000| Complete 
| 245|0x0000000711d00000, 0x0000000711e00000, 0x0000000711e00000|100%| E|CS|TAMS 0x0000000711d00000, 0x0000000711d00000| Complete 
| 246|0x0000000711e00000, 0x0000000711f00000, 0x0000000711f00000|100%| E|CS|TAMS 0x0000000711e00000, 0x0000000711e00000| Complete 
| 247|0x0000000711f00000, 0x0000000712000000, 0x0000000712000000|100%| E|CS|TAMS 0x0000000711f00000, 0x0000000711f00000| Complete 
| 248|0x0000000712000000, 0x0000000712100000, 0x0000000712100000|100%| E|CS|TAMS 0x0000000712000000, 0x0000000712000000| Complete 
| 249|0x0000000712100000, 0x0000000712200000, 0x0000000712200000|100%| E|CS|TAMS 0x0000000712100000, 0x0000000712100000| Complete 
| 250|0x0000000712200000, 0x0000000712300000, 0x0000000712300000|100%| E|CS|TAMS 0x0000000712200000, 0x0000000712200000| Complete 
| 251|0x0000000712300000, 0x0000000712400000, 0x0000000712400000|100%| E|CS|TAMS 0x0000000712300000, 0x0000000712300000| Complete 
| 252|0x0000000712400000, 0x0000000712500000, 0x0000000712500000|100%| E|CS|TAMS 0x0000000712400000, 0x0000000712400000| Complete 
| 253|0x0000000712500000, 0x0000000712600000, 0x0000000712600000|100%| E|CS|TAMS 0x0000000712500000, 0x0000000712500000| Complete 

Card table byte_map: [0x000001ebace20000,0x000001ebad610000] _byte_map_base: 0x000001eba960c000

Marking Bits (Prev, Next): (CMBitMap*) 0x000001eb92ec2ac0, (CMBitMap*) 0x000001eb92ec2a88
 Prev Bits: [0x000001ebb1d60000, 0x000001ebb5cc0000)
 Next Bits: [0x000001ebade00000, 0x000001ebb1d60000)

Polling page: 0x000001eb947f0000

Metaspace:

Usage:
  Non-class:     60.42 MB capacity,    59.48 MB ( 98%) used,   742.06 KB (  1%) free+waste,   220.13 KB ( <1%) overhead. 
      Class:      9.13 MB capacity,     8.47 MB ( 93%) used,   573.40 KB (  6%) free+waste,   102.56 KB (  1%) overhead. 
       Both:     69.55 MB capacity,    67.95 MB ( 98%) used,     1.28 MB (  2%) free+waste,   322.69 KB ( <1%) overhead. 

Virtual space:
  Non-class space:       62.00 MB reserved,      60.50 MB ( 98%) committed 
      Class space:        1.00 GB reserved,       9.25 MB ( <1%) committed 
             Both:        1.06 GB reserved,      69.75 MB (  6%) committed 

Chunk freelists:
   Non-Class:  2.75 KB
       Class:  3.00 KB
        Both:  5.75 KB

CodeHeap 'non-profiled nmethods': size=120000Kb used=3664Kb max_used=3664Kb free=116335Kb
 bounds [0x000001eba4dd0000, 0x000001eba5170000, 0x000001ebac300000]
CodeHeap 'profiled nmethods': size=120000Kb used=15015Kb max_used=15015Kb free=104984Kb
 bounds [0x000001eb9d8a0000, 0x000001eb9e750000, 0x000001eba4dd0000]
CodeHeap 'non-nmethods': size=5760Kb used=1321Kb max_used=1406Kb free=4438Kb
 bounds [0x000001eb9d300000, 0x000001eb9d570000, 0x000001eb9d8a0000]
 total_blobs=8556 nmethods=6277 adapters=630
 compilation: enabled
              stopped_count=0, restarted_count=0
 full_count=0

Compilation events (10 events):
Event: 20.010 Thread 0x000001ebbce50000 6594       4       java.io.WinNTFileSystem::resolve (275 bytes)
Event: 20.012 Thread 0x000001ebb8928800 nmethod 6593 0x000001eb9e749890 code [0x000001eb9e749ca0, 0x000001eb9e74b9c0]
Event: 20.014 Thread 0x000001ebb8928800 6595       3       org.hibernate.mapping.Column::getQuotedName (49 bytes)
Event: 20.015 Thread 0x000001ebb8928800 nmethod 6595 0x000001eb9e74c390 code [0x000001eb9e74c640, 0x000001eb9e74d1b0]
Event: 20.015 Thread 0x000001ebb8928800 6596       1       jdk.internal.misc.VM::initLevel (4 bytes)
Event: 20.016 Thread 0x000001ebb8928800 nmethod 6596 0x000001eba5162010 code [0x000001eba51621c0, 0x000001eba51622d8]
Event: 20.016 Thread 0x000001ebb8928800 6597       1       org.hibernate.tuple.AbstractAttribute::getName (5 bytes)
Event: 20.016 Thread 0x000001ebb8928800 nmethod 6597 0x000001eba5162390 code [0x000001eba5162540, 0x000001eba5162658]
Event: 20.046 Thread 0x000001ebbce50000 nmethod 6594 0x000001eba5162710 code [0x000001eba5162920, 0x000001eba5163848]
Event: 20.046 Thread 0x000001ebbce50000 6598       4       org.springframework.transaction.annotation.AnnotationTransactionAttributeSource::determineTransactionAttribute (51 bytes)

GC Heap History (10 events):
Event: 7.343 GC heap before
{Heap before GC invocations=3 (full 0):
 garbage-first heap   total 260096K, used 79565K [0x0000000702800000, 0x0000000800000000)
  region size 1024K, 69 young (70656K), 6 survivors (6144K)
 Metaspace       used 29016K, capacity 29897K, committed 30080K, reserved 1075200K
  class space    used 3293K, capacity 3659K, committed 3712K, reserved 1048576K
}
Event: 7.351 GC heap after
{Heap after GC invocations=4 (full 0):
 garbage-first heap   total 260096K, used 12301K [0x0000000702800000, 0x0000000800000000)
  region size 1024K, 4 young (4096K), 4 survivors (4096K)
 Metaspace       used 29016K, capacity 29897K, committed 30080K, reserved 1075200K
  class space    used 3293K, capacity 3659K, committed 3712K, reserved 1048576K
}
Event: 9.238 GC heap before
{Heap before GC invocations=4 (full 0):
 garbage-first heap   total 260096K, used 100365K [0x0000000702800000, 0x0000000800000000)
  region size 1024K, 91 young (93184K), 4 survivors (4096K)
 Metaspace       used 32591K, capacity 33656K, committed 33920K, reserved 1079296K
  class space    used 3705K, capacity 4123K, committed 4224K, reserved 1048576K
}
Event: 9.250 GC heap after
{Heap after GC invocations=5 (full 0):
 garbage-first heap   total 260096K, used 14952K [0x0000000702800000, 0x0000000800000000)
  region size 1024K, 6 young (6144K), 6 survivors (6144K)
 Metaspace       used 32591K, capacity 33656K, committed 33920K, reserved 1079296K
  class space    used 3705K, capacity 4123K, committed 4224K, reserved 1048576K
}
Event: 9.966 GC heap before
{Heap before GC invocations=5 (full 0):
 garbage-first heap   total 260096K, used 53864K [0x0000000702800000, 0x0000000800000000)
  region size 1024K, 45 young (46080K), 6 survivors (6144K)
 Metaspace       used 34661K, capacity 35699K, committed 35840K, reserved 1081344K
  class space    used 3977K, capacity 4389K, committed 4480K, reserved 1048576K
}
Event: 9.988 GC heap after
{Heap after GC invocations=6 (full 0):
 garbage-first heap   total 260096K, used 15642K [0x0000000702800000, 0x0000000800000000)
  region size 1024K, 7 young (7168K), 7 survivors (7168K)
 Metaspace       used 34661K, capacity 35699K, committed 35840K, reserved 1081344K
  class space    used 3977K, capacity 4389K, committed 4480K, reserved 1048576K
}
Event: 14.341 GC heap before
{Heap before GC invocations=7 (full 0):
 garbage-first heap   total 260096K, used 149786K [0x0000000702800000, 0x0000000800000000)
  region size 1024K, 138 young (141312K), 7 survivors (7168K)
 Metaspace       used 46256K, capacity 47551K, committed 47744K, reserved 1091584K
  class space    used 5619K, capacity 6160K, committed 6272K, reserved 1048576K
}
Event: 14.362 GC heap after
{Heap after GC invocations=8 (full 0):
 garbage-first heap   total 260096K, used 21493K [0x0000000702800000, 0x0000000800000000)
  region size 1024K, 13 young (13312K), 13 survivors (13312K)
 Metaspace       used 46256K, capacity 47551K, committed 47744K, reserved 1091584K
  class space    used 5619K, capacity 6160K, committed 6272K, reserved 1048576K
}
Event: 16.657 GC heap before
{Heap before GC invocations=8 (full 0):
 garbage-first heap   total 260096K, used 133109K [0x0000000702800000, 0x0000000800000000)
  region size 1024K, 123 young (125952K), 13 survivors (13312K)
 Metaspace       used 58501K, capacity 60049K, committed 60160K, reserved 1101824K
  class space    used 7086K, capacity 7736K, committed 7808K, reserved 1048576K
}
Event: 16.702 GC heap after
{Heap after GC invocations=9 (full 0):
 garbage-first heap   total 260096K, used 29643K [0x0000000702800000, 0x0000000800000000)
  region size 1024K, 18 young (18432K), 18 survivors (18432K)
 Metaspace       used 58501K, capacity 60049K, committed 60160K, reserved 1101824K
  class space    used 7086K, capacity 7736K, committed 7808K, reserved 1048576K
}

Deoptimization events (10 events):
Event: 17.689 Thread 0x000001ebbafdf000 Uncommon trap: reason=null_check action=make_not_entrant pc=0x000001eba501dbe4 method=java.lang.Class.createAnnotationData(I)Ljava/lang/Class$AnnotationData; @ 14 c2
Event: 18.338 Thread 0x000001eb92e5a800 Uncommon trap: reason=speculate_class_check action=maybe_recompile pc=0x000001eba50ee748 method=java.lang.reflect.Executable.declaredAnnotations()Ljava/util/Map; @ 23 c2
Event: 18.376 Thread 0x000001eb92e5a800 Uncommon trap: reason=speculate_class_check action=maybe_recompile pc=0x000001eba50ee748 method=java.lang.reflect.Executable.declaredAnnotations()Ljava/util/Map; @ 23 c2
Event: 18.446 Thread 0x000001eb92e5a800 Uncommon trap: reason=speculate_class_check action=maybe_recompile pc=0x000001eba50ee748 method=java.lang.reflect.Executable.declaredAnnotations()Ljava/util/Map; @ 23 c2
Event: 18.589 Thread 0x000001eb92e5a800 Uncommon trap: reason=speculate_class_check action=maybe_recompile pc=0x000001eba50ee748 method=java.lang.reflect.Executable.declaredAnnotations()Ljava/util/Map; @ 23 c2
Event: 18.942 Thread 0x000001eb92e5a800 Uncommon trap: reason=class_check action=maybe_recompile pc=0x000001eba4e7aa10 method=org.springframework.boot.context.properties.source.ConfigurationPropertyName$Elements.charAt(II)C @ 43 c2
Event: 18.942 Thread 0x000001eb92e5a800 Uncommon trap: reason=class_check action=maybe_recompile pc=0x000001eba4e7aa10 method=org.springframework.boot.context.properties.source.ConfigurationPropertyName$Elements.charAt(II)C @ 43 c2
Event: 19.131 Thread 0x000001ebbafdf000 Uncommon trap: reason=unstable_if action=reinterpret pc=0x000001eba4fc0f4c method=java.util.HashMap$HashIterator.<init>(Ljava/util/HashMap;)V @ 45 c2
Event: 19.178 Thread 0x000001eb92e5a800 Uncommon trap: reason=unstable_if action=reinterpret pc=0x000001eba50ec248 method=java.lang.Class.getTypeName()Ljava/lang/String; @ 23 c2
Event: 19.282 Thread 0x000001ebbafdf000 Uncommon trap: reason=unstable_if action=reinterpret pc=0x000001eba5117420 method=java.util.HashMap$HashIterator.<init>(Ljava/util/HashMap;)V @ 45 c2

Classes redefined (0 events):
No events

Internal exceptions (10 events):
Event: 19.932 Thread 0x000001eb92e5a800 Exception <a 'java/lang/ClassNotFoundException'{0x00000007092b7f30}: java/lang/ObjectCustomizer> (0x00000007092b7f30) thrown at [t:/workspace/open/src/hotspot/share/classfile/systemDictionary.cpp, line 231]
Event: 19.933 Thread 0x000001eb92e5a800 Exception <a 'java/lang/ClassNotFoundException'{0x00000007092da4e0}: org/springframework/data/relational/core/conversion/BasicRelationalConverterCustomizer> (0x00000007092da4e0) thrown at [t:/workspace/open/src/hotspot/share/classfile/systemDictionary.cpp
Event: 19.938 Thread 0x000001eb92e5a800 Exception <a 'java/lang/ClassNotFoundException'{0x000000070910b8c8}: org/springframework/data/jdbc/core/convert/BasicJdbcConverterCustomizer> (0x000000070910b8c8) thrown at [t:/workspace/open/src/hotspot/share/classfile/systemDictionary.cpp, line 231]
Event: 19.940 Thread 0x000001eb92e5a800 Exception <a 'java/lang/ClassNotFoundException'{0x0000000709135a28}: org/springframework/data/jdbc/core/convert/JdbcConverterCustomizer> (0x0000000709135a28) thrown at [t:/workspace/open/src/hotspot/share/classfile/systemDictionary.cpp, line 231]
Event: 19.942 Thread 0x000001eb92e5a800 Exception <a 'java/lang/ClassNotFoundException'{0x0000000709159938}: org/springframework/data/relational/core/conversion/RelationalConverterCustomizer> (0x0000000709159938) thrown at [t:/workspace/open/src/hotspot/share/classfile/systemDictionary.cpp, lin
Event: 19.944 Thread 0x000001eb92e5a800 Exception <a 'java/lang/ClassNotFoundException'{0x0000000709003180}: org/springframework/data/relational/core/conversion/RelationalConverterCustomizer> (0x0000000709003180) thrown at [t:/workspace/open/src/hotspot/share/classfile/systemDictionary.cpp, lin
Event: 20.004 Thread 0x000001eb92e5a800 Exception <a 'java/lang/ClassNotFoundException'{0x0000000708f0f470}: java/lang/ObjectCustomizer> (0x0000000708f0f470) thrown at [t:/workspace/open/src/hotspot/share/classfile/systemDictionary.cpp, line 231]
Event: 20.009 Thread 0x000001eb92e5a800 Exception <a 'java/lang/ClassNotFoundException'{0x0000000708f2fe38}: org/springframework/data/jdbc/core/convert/DefaultDataAccessStrategyCustomizer> (0x0000000708f2fe38) thrown at [t:/workspace/open/src/hotspot/share/classfile/systemDictionary.cpp, line 2
Event: 20.012 Thread 0x000001eb92e5a800 Exception <a 'java/lang/ClassNotFoundException'{0x0000000708f64500}: org/springframework/data/jdbc/core/convert/DataAccessStrategyCustomizer> (0x0000000708f64500) thrown at [t:/workspace/open/src/hotspot/share/classfile/systemDictionary.cpp, line 231]
Event: 20.015 Thread 0x000001eb92e5a800 Exception <a 'java/lang/ClassNotFoundException'{0x0000000708f97250}: org/springframework/data/jdbc/core/convert/RelationResolverCustomizer> (0x0000000708f97250) thrown at [t:/workspace/open/src/hotspot/share/classfile/systemDictionary.cpp, line 231]

Events (10 events):
Event: 20.058 loading class org/springframework/data/mapping/callback/EntityCallbackDiscoverer$CallbackRetriever
Event: 20.058 loading class org/springframework/data/mapping/callback/EntityCallbackDiscoverer$CallbackRetriever done
Event: 20.059 loading class org/hibernate/loader/plan/exec/internal/AbstractLoadPlanBasedLoader
Event: 20.059 loading class org/hibernate/loader/plan/exec/internal/AbstractLoadPlanBasedLoader done
Event: 20.059 loading class org/springframework/data/relational/core/conversion/RelationalEntityInsertWriter
Event: 20.059 loading class org/springframework/data/relational/core/conversion/RelationalEntityInsertWriter done
Event: 20.060 loading class org/springframework/data/convert/EntityWriter
Event: 20.060 loading class org/springframework/data/convert/EntityWriter done
Event: 20.061 loading class org/hibernate/loader/plan/exec/query/spi/NamedParameterContext
Event: 20.061 loading class org/hibernate/loader/plan/exec/query/spi/NamedParameterContext done


Dynamic libraries:
0x00007ff7acb90000 - 0x00007ff7acbd7000 	C:\Java Development Kit\JDK 11\bin\java.exe
0x00007ffce92d0000 - 0x00007ffce94c5000 	C:\WINDOWS\SYSTEM32\ntdll.dll
0x00007ffce7b30000 - 0x00007ffce7bed000 	C:\WINDOWS\System32\KERNEL32.DLL
0x00007ffce6bd0000 - 0x00007ffce6e97000 	C:\WINDOWS\System32\KERNELBASE.dll
0x00007ffce7840000 - 0x00007ffce78ea000 	C:\WINDOWS\System32\ADVAPI32.dll
0x00007ffce9170000 - 0x00007ffce920e000 	C:\WINDOWS\System32\msvcrt.dll
0x00007ffce77a0000 - 0x00007ffce783b000 	C:\WINDOWS\System32\sechost.dll
0x00007ffce7a00000 - 0x00007ffce7b23000 	C:\WINDOWS\System32\RPCRT4.dll
0x00007ffce8210000 - 0x00007ffce83b0000 	C:\WINDOWS\System32\USER32.dll
0x00007ffce6ea0000 - 0x00007ffce6ec2000 	C:\WINDOWS\System32\win32u.dll
0x00007ffce7410000 - 0x00007ffce743a000 	C:\WINDOWS\System32\GDI32.dll
0x00007ffce6fe0000 - 0x00007ffce70ea000 	C:\WINDOWS\System32\gdi32full.dll
0x00007ffce72a0000 - 0x00007ffce733d000 	C:\WINDOWS\System32\msvcp_win.dll
0x00007ffce70f0000 - 0x00007ffce71f0000 	C:\WINDOWS\System32\ucrtbase.dll
0x00007ffcd65d0000 - 0x00007ffcd686a000 	C:\WINDOWS\WinSxS\amd64_microsoft.windows.common-controls_6595b64144ccf1df_6.0.19041.1_none_b555e41d4684ddec\COMCTL32.dll
0x00007ffcdfce0000 - 0x00007ffcdfcea000 	C:\WINDOWS\SYSTEM32\VERSION.dll
0x00007ffce84e0000 - 0x00007ffce8510000 	C:\WINDOWS\System32\IMM32.DLL
0x00007ffce3f70000 - 0x00007ffce3f86000 	C:\Java Development Kit\JDK 11\bin\vcruntime140.dll
0x00007ffcd09f0000 - 0x00007ffcd0a9a000 	C:\Java Development Kit\JDK 11\bin\msvcp140.dll
0x00007ffc7fcf0000 - 0x00007ffc80818000 	C:\Java Development Kit\JDK 11\bin\server\jvm.dll
0x00007ffce8510000 - 0x00007ffce8518000 	C:\WINDOWS\System32\PSAPI.DLL
0x00007ffcd5e60000 - 0x00007ffcd5e69000 	C:\WINDOWS\SYSTEM32\WSOCK32.dll
0x00007ffcdad40000 - 0x00007ffcdad67000 	C:\WINDOWS\SYSTEM32\WINMM.dll
0x00007ffce8640000 - 0x00007ffce86ab000 	C:\WINDOWS\System32\WS2_32.dll
0x00007ffce4960000 - 0x00007ffce4973000 	C:\WINDOWS\SYSTEM32\kernel.appcore.dll
0x00007ffce2090000 - 0x00007ffce20a1000 	C:\Java Development Kit\JDK 11\bin\verify.dll
0x0000000053bd0000 - 0x0000000053d66000 	C:\Program Files\Microsoft SQL Server\120\Shared\DBGHELP.DLL
0x00007ffce0b20000 - 0x00007ffce0b49000 	C:\Java Development Kit\JDK 11\bin\java.dll
0x00007ffcdea20000 - 0x00007ffcdea36000 	C:\Java Development Kit\JDK 11\bin\zip.dll
0x00007ffce2100000 - 0x00007ffce210a000 	C:\Java Development Kit\JDK 11\bin\jimage.dll
0x00007ffce89a0000 - 0x00007ffce90e0000 	C:\WINDOWS\System32\SHELL32.dll
0x00007ffce4b60000 - 0x00007ffce52f1000 	C:\WINDOWS\SYSTEM32\windows.storage.dll
0x00007ffce7440000 - 0x00007ffce7793000 	C:\WINDOWS\System32\combase.dll
0x00007ffce63d0000 - 0x00007ffce63fc000 	C:\WINDOWS\SYSTEM32\Wldp.dll
0x00007ffce83c0000 - 0x00007ffce846e000 	C:\WINDOWS\System32\SHCORE.dll
0x00007ffce78f0000 - 0x00007ffce7945000 	C:\WINDOWS\System32\shlwapi.dll
0x00007ffce6960000 - 0x00007ffce697f000 	C:\WINDOWS\SYSTEM32\profapi.dll
0x00007ffcde9a0000 - 0x00007ffcde9b9000 	C:\Java Development Kit\JDK 11\bin\net.dll
0x00007ffce09d0000 - 0x00007ffce0ad0000 	C:\WINDOWS\SYSTEM32\WINHTTP.dll
0x00007ffce6100000 - 0x00007ffce616a000 	C:\WINDOWS\system32\mswsock.dll
0x00007ffcde890000 - 0x00007ffcde8a3000 	C:\Java Development Kit\JDK 11\bin\nio.dll
0x00007ffce0b10000 - 0x00007ffce0b19000 	C:\Java Development Kit\JDK 11\bin\management.dll
0x00007ffcdc890000 - 0x00007ffcdc89c000 	C:\Java Development Kit\JDK 11\bin\management_ext.dll
0x00007ffcb6800000 - 0x00007ffcb6817000 	C:\WINDOWS\system32\napinsp.dll
0x00007ffcb67e0000 - 0x00007ffcb67fb000 	C:\WINDOWS\system32\pnrpnsp.dll
0x00007ffcb6780000 - 0x00007ffcb6795000 	C:\WINDOWS\system32\wshbth.dll
0x00007ffce1f00000 - 0x00007ffce1f1d000 	C:\WINDOWS\system32\NLAapi.dll
0x00007ffce5e00000 - 0x00007ffce5e3b000 	C:\WINDOWS\SYSTEM32\IPHLPAPI.DLL
0x00007ffce5e40000 - 0x00007ffce5f0a000 	C:\WINDOWS\SYSTEM32\DNSAPI.dll
0x00007ffce83b0000 - 0x00007ffce83b9000 	C:\WINDOWS\System32\NSI.dll
0x00007ffcb63b0000 - 0x00007ffcb63c2000 	C:\WINDOWS\System32\winrnr.dll
0x00007ffcddb70000 - 0x00007ffcddb7a000 	C:\Windows\System32\rasadhlp.dll
0x00007ffcdcbe0000 - 0x00007ffcdcc5f000 	C:\WINDOWS\System32\fwpuclnt.dll
0x00007ffce6ed0000 - 0x00007ffce6ef7000 	C:\WINDOWS\System32\bcrypt.dll
0x00007ffc6c2b0000 - 0x00007ffc6c44f000 	C:\Java Development Kit\JDK 11\bin\awt.dll
0x00007ffce7340000 - 0x00007ffce740d000 	C:\WINDOWS\System32\OLEAUT32.dll
0x00007ffce2dc0000 - 0x00007ffce3380000 	C:\WINDOWS\SYSTEM32\d2d1.dll
0x00007ffce3ff0000 - 0x00007ffce4080000 	C:\WINDOWS\SYSTEM32\apphelp.dll
0x00007ffce62a0000 - 0x00007ffce62b8000 	C:\WINDOWS\SYSTEM32\CRYPTSP.dll
0x00007ffce5aa0000 - 0x00007ffce5ad4000 	C:\WINDOWS\system32\rsaenh.dll
0x00007ffce68d0000 - 0x00007ffce68fe000 	C:\WINDOWS\SYSTEM32\USERENV.dll
0x00007ffce6f60000 - 0x00007ffce6fdf000 	C:\WINDOWS\System32\bcryptprimitives.dll
0x00007ffce62c0000 - 0x00007ffce62cc000 	C:\WINDOWS\SYSTEM32\CRYPTBASE.dll
0x00007ffcdffe0000 - 0x00007ffcdfff7000 	C:\WINDOWS\SYSTEM32\dhcpcsvc6.DLL
0x00007ffcdf920000 - 0x00007ffcdf93d000 	C:\WINDOWS\SYSTEM32\dhcpcsvc.DLL
0x00007ffce44a0000 - 0x00007ffce453f000 	C:\WINDOWS\system32\uxtheme.dll
0x00007ffce8520000 - 0x00007ffce8635000 	C:\WINDOWS\System32\MSCTF.dll
0x00007ffce80e0000 - 0x00007ffce8209000 	C:\WINDOWS\System32\ole32.dll
0x00007ffce4780000 - 0x00007ffce47af000 	C:\WINDOWS\system32\DWMAPI.DLL
0x00007ffc8e280000 - 0x00007ffc8e2bf000 	C:\Java Development Kit\JDK 11\bin\lcms.dll
0x00007ffc8c1d0000 - 0x00007ffc8c1f7000 	C:\Java Development Kit\JDK 11\bin\sunec.dll
0x00007ffcd3150000 - 0x00007ffcd315d000 	C:\Java Development Kit\JDK 11\bin\sunmscapi.dll
0x00007ffce6a20000 - 0x00007ffce6b7d000 	C:\WINDOWS\System32\CRYPT32.dll
0x00007ffce6440000 - 0x00007ffce6467000 	C:\WINDOWS\SYSTEM32\ncrypt.dll
0x00007ffce6400000 - 0x00007ffce643b000 	C:\WINDOWS\SYSTEM32\NTASN1.dll

dbghelp: loaded successfully - version: 4.0.5 - missing functions: none
symbol engine: initialized successfully - sym options: 0x614 - pdb path: .;C:\Java Development Kit\JDK 11\bin;C:\WINDOWS\SYSTEM32;C:\WINDOWS\WinSxS\amd64_microsoft.windows.common-controls_6595b64144ccf1df_6.0.19041.1_none_b555e41d4684ddec;C:\Java Development Kit\JDK 11\bin\server;C:\Program Files\Microsoft SQL Server\120\Shared

VM Arguments:
java_command: C:\Users\Hieu\AppData\Local\Temp\surefire16028274245985347709\surefirebooter4305735553949781653.jar C:\Users\Hieu\AppData\Local\Temp\surefire16028274245985347709 2020-09-03T20-35-08_713-jvmRun1 surefire11526571564440387515tmp surefire_012983554473588024785tmp
java_class_path (initial): C:\Users\Hieu\AppData\Local\Temp\surefire16028274245985347709\surefirebooter4305735553949781653.jar
Launcher Type: SUN_STANDARD

[Global flags]
     intx CICompilerCount                          = 4                                         {product} {ergonomic}
     uint ConcGCThreads                            = 2                                         {product} {ergonomic}
     uint G1ConcRefinementThreads                  = 8                                         {product} {ergonomic}
   size_t G1HeapRegionSize                         = 1048576                                   {product} {ergonomic}
    uintx GCDrainStackTargetSize                   = 64                                        {product} {ergonomic}
   size_t InitialHeapSize                          = 266338304                                 {product} {ergonomic}
   size_t MarkStackSize                            = 4194304                                   {product} {ergonomic}
   size_t MaxHeapSize                              = 4253024256                                {product} {ergonomic}
   size_t MaxNewSize                               = 2551185408                                {product} {ergonomic}
   size_t MinHeapDeltaBytes                        = 1048576                                   {product} {ergonomic}
    uintx NonNMethodCodeHeapSize                   = 5836300                                {pd product} {ergonomic}
    uintx NonProfiledCodeHeapSize                  = 122910970                              {pd product} {ergonomic}
    uintx ProfiledCodeHeapSize                     = 122910970                              {pd product} {ergonomic}
    uintx ReservedCodeCacheSize                    = 251658240                              {pd product} {ergonomic}
     bool SegmentedCodeCache                       = true                                      {product} {ergonomic}
     bool UseCompressedClassPointers               = true                                 {lp64_product} {ergonomic}
     bool UseCompressedOops                        = true                                 {lp64_product} {ergonomic}
     bool UseG1GC                                  = true                                      {product} {ergonomic}
     bool UseLargePagesIndividualAllocation        = false                                  {pd product} {ergonomic}

Logging:
Log output configuration:
 #0: stdout all=warning uptime,level,tags
 #1: stderr all=off uptime,level,tags

Environment Variables:
JAVA_HOME=C:\Java Development Kit\JDK 11
PATH=C:\app\Hieu\product\18.0.0\dbhomeXE\bin;C:\Python\Python 3;C:\Python\Python 3\Scripts;C:\Python27\;C:\Python27\Scripts;C:\WINDOWS;C:\WINDOWS\System32\Wbem;C:\WINDOWS\System32\WindowsPowerShell\v1.0\;C:\WINDOWS\System32\OpenSSH\;c:\Program Files (x86)\Microsoft SQL Server\110\DTS\Binn\;C:\Program Files\Git\cmd;C:\Go\bin;C:\Program Files\dotnet\;C:\Program Files\Microsoft SQL Server\130\Tools\Binn\;C:\Program Files\Microsoft SQL Server\Client SDK\ODBC\170\Tools\Binn\;C:\Program Files\Microsoft SQL Server\120\Tools\Binn\;C:\Java Development Kit\JDK 11\bin;C:\Apache Maven\apache-maven-3.6.2\bin;C:\Program Files\Microsoft\Web Platform Installer\;C:\Program Files (x86)\Microsoft SQL Server\120\DTS\Binn\;C:\Program Files (x86)\Microsoft SQL Server\130\DTS\Binn\;C:\Program Files (x86)\Microsoft SQL Server\140\DTS\Binn\;C:\Program Files\Microsoft DNX\Dnvm\;c:\Program Files (x86)\Microsoft SQL Server\100\Tools\Binn\;c:\Program Files\Microsoft SQL Server\100\Tools\Binn\;c:\Program Files\Microsoft SQL Server\100\DTS\Binn\;c:\Program Files (x86)\Microsoft SQL Server\100\Tools\Binn\VSShell\Common7\IDE\;c:\Program Files (x86)\Microsoft Visual Studio 9.0\Common7\IDE\PrivateAssemblies\;c:\Program Files (x86)\Microsoft SQL Server\100\DTS\Binn\;c:\Program Files\Microsoft SQL Server\110\Tools\Binn\;c:\Program Files (x86)\Microsoft SQL Server\110\Tools\Binn\;c:\Program Files\Microsoft SQL Server\110\DTS\Binn\;c:\Program Files (x86)\Microsoft SQL Server\110\Tools\Binn\ManagementStudio\;c:\Program Files (x86)\Microsoft Visual Studio 10.0\Common7\IDE\PrivateAssemblies\;C:\Groovy\groovy-2.5.8\bin;C:\Gradle\gradle-6.4.1\bin;C:\Spring Boot CLI\spring-2.2.4.RELEASE\bin;C:\sqlite3;C:\ProgramData\chocolatey\bin;C:\Java Development Kit\JDK 8\bin;C:\WINDOWS\System32;C:\aspectj1.9\bin;C:\Oracle Glassfish\glassfish5\glassfish\bin;C:\Apache Derby\db-derby-10.8.1.2-bin\bin;C:\Users\Hieu\.jpm\windows\bin;C:\Program Files (x86)\Brackets\command;C:\Program Files\nodejs\;C:\Program Files\Docker\Docker\r
USERNAME=Hieu
OS=Windows_NT
PROCESSOR_IDENTIFIER=Intel64 Family 6 Model 142 Stepping 10, GenuineIntel



---------------  S Y S T E M  ---------------

OS: Windows 10 , 64 bit Build 19041 (10.0.19041.292)

CPU:total 8 (initial active 8) (4 cores per cpu, 2 threads per core) family 6 model 142 stepping 10, cmov, cx8, fxsr, mmx, sse, sse2, sse3, ssse3, sse4.1, sse4.2, popcnt, avx, avx2, aes, clmul, erms, 3dnowpref, lzcnt, ht, tsc, tscinvbit, bmi1, bmi2, adx, fma

Memory: 4k page, system-wide physical 16217M (341M free)
TotalPageFile size 28531M (AvailPageFile size 3M)
current process WorkingSet (physical memory assigned to process): 400M, peak: 400M
current process commit charge ("private bytes"): 506M, peak: 557M

vm_info: Java HotSpot(TM) 64-Bit Server VM (11.0.5+10-LTS) for windows-amd64 JRE (11.0.5+10-LTS), built on Oct  6 2019 12:37:14 by "mach5one" with MS VC++ 15.5 (VS2017)

END.
