#
# There is insufficient memory for the Java Runtime Environment to continue.
# Native memory allocation (malloc) failed to allocate 32744 bytes for ChunkPool::allocate
# Possible reasons:
#   The system is out of physical RAM or swap space
#   The process is running with CompressedOops enabled, and the Java Heap may be blocking the growth of the native heap
# Possible solutions:
#   Reduce memory load on the system
#   Increase physical memory or swap space
#   Check if swap backing store is full
#   Decrease Java heap size (-Xmx/-Xms)
#   Decrease number of Java threads
#   Decrease Java thread stack sizes (-Xss)
#   Set larger code cache with -XX:ReservedCodeCacheSize=
#   JVM is running with Zero Based Compressed Oops mode in which the Java heap is
#     placed in the first 32GB address space. The Java Heap base address is the
#     maximum limit for the native heap growth. Please use -XX:HeapBaseMinAddress
#     to set the Java Heap base and to place the Java Heap above 32GB virtual address.
# This output file may be truncated or incomplete.
#
#  Out of Memory Error (t:/workspace/open/src/hotspot/share/memory/arena.cpp:81), pid=21936, tid=21232
#
# JRE version: Java(TM) SE Runtime Environment (11.0.5+10) (build 11.0.5+10-LTS)
# Java VM: Java HotSpot(TM) 64-Bit Server VM (11.0.5+10-LTS, mixed mode, tiered, compressed oops, g1 gc, windows-amd64)
# No core dump will be written. Minidumps are not enabled by default on client versions of Windows
#

---------------  S U M M A R Y ------------

Command Line: -Dclassworlds.conf=C:\Apache Maven\apache-maven-3.6.2\bin\..\bin\m2.conf -Dmaven.home=C:\Apache Maven\apache-maven-3.6.2\bin\.. -Dlibrary.jansi.path=C:\Apache Maven\apache-maven-3.6.2\bin\..\lib\jansi-native -Dmaven.multiModuleProjectDirectory=D:\Cybersoft Academy\Java Backend\Java\Spring Framework\E-Learning\Backend\IntelliJ IDEA\e-learning org.codehaus.plexus.classworlds.launcher.Launcher clean package

Host: Intel(R) Core(TM) i7-8550U CPU @ 1.80GHz, 8 cores, 15G,  Windows 10 , 64 bit Build 19041 (10.0.19041.292)
Time: Thu Sep  3 20:35:29 2020 SE Asia Standard Time elapsed time: 37 seconds (0d 0h 0m 37s)

---------------  T H R E A D  ---------------

Current thread (0x0000023d7fdbb000):  JavaThread "C2 CompilerThread0" daemon [_thread_in_native, id=21232, stack(0x000000e8fec00000,0x000000e8fed00000)]


Current CompileTask:
C2:  37330 8071       4       org.codehaus.plexus.classworlds.realm.Entry::matches (282 bytes)

Stack: [0x000000e8fec00000,0x000000e8fed00000]
Native frames: (J=compiled Java code, j=interpreted, Vv=VM code, C=native code)
V  [jvm.dll+0x63611a]
V  [jvm.dll+0x77426f]
V  [jvm.dll+0x77591a]
V  [jvm.dll+0x775fd3]
V  [jvm.dll+0x25e608]
V  [jvm.dll+0xc215b]
V  [jvm.dll+0xc24bc]
V  [jvm.dll+0xc2010]
V  [jvm.dll+0x66388f]
V  [jvm.dll+0x667db5]
V  [jvm.dll+0x1a97cd]
V  [jvm.dll+0x218592]
V  [jvm.dll+0x21762a]
V  [jvm.dll+0x1941bc]
V  [jvm.dll+0x226684]
V  [jvm.dll+0x224c78]
V  [jvm.dll+0x7396cd]
V  [jvm.dll+0x6351c2]
C  [ucrtbase.dll+0x21542]
C  [KERNEL32.DLL+0x16fd4]
C  [ntdll.dll+0x4cec1]


---------------  P R O C E S S  ---------------

Threads class SMR info:
_java_thread_list=0x0000023d1c7d20c0, length=21, elements={
0x0000023d6f20c800, 0x0000023d7fd78000, 0x0000023d7fd99800, 0x0000023d157a2800,
0x0000023d7fdb9000, 0x0000023d7fdbb000, 0x0000023d7fdbe000, 0x0000023d7fdbf000,
0x0000023d15904800, 0x0000023d15910800, 0x0000023d18632000, 0x0000023d180a3800,
0x0000023d1c4d1800, 0x0000023d18f35000, 0x0000023d1be13000, 0x0000023d1b50f000,
0x0000023d1bdd8000, 0x0000023d18007800, 0x0000023d1c5f5800, 0x0000023d15f3d000,
0x0000023d15f42000
}

Java Threads: ( => current thread )
  0x0000023d6f20c800 JavaThread "main" [_thread_in_native, id=12932, stack(0x000000e8fe100000,0x000000e8fe200000)]
  0x0000023d7fd78000 JavaThread "Reference Handler" daemon [_thread_blocked, id=8420, stack(0x000000e8fe800000,0x000000e8fe900000)]
  0x0000023d7fd99800 JavaThread "Finalizer" daemon [_thread_blocked, id=20212, stack(0x000000e8fe900000,0x000000e8fea00000)]
  0x0000023d157a2800 JavaThread "Signal Dispatcher" daemon [_thread_blocked, id=21580, stack(0x000000e8fea00000,0x000000e8feb00000)]
  0x0000023d7fdb9000 JavaThread "Attach Listener" daemon [_thread_blocked, id=19776, stack(0x000000e8feb00000,0x000000e8fec00000)]
=>0x0000023d7fdbb000 JavaThread "C2 CompilerThread0" daemon [_thread_in_native, id=21232, stack(0x000000e8fec00000,0x000000e8fed00000)]
  0x0000023d7fdbe000 JavaThread "C1 CompilerThread0" daemon [_thread_in_vm, id=16320, stack(0x000000e8fed00000,0x000000e8fee00000)]
  0x0000023d7fdbf000 JavaThread "Sweeper thread" daemon [_thread_blocked, id=23608, stack(0x000000e8fee00000,0x000000e8fef00000)]
  0x0000023d15904800 JavaThread "Service Thread" daemon [_thread_blocked, id=11028, stack(0x000000e8fef00000,0x000000e8ff000000)]
  0x0000023d15910800 JavaThread "Common-Cleaner" daemon [_thread_blocked, id=11268, stack(0x000000e8ff100000,0x000000e8ff200000)]
  0x0000023d18632000 JavaThread "resolver-1" daemon [_thread_blocked, id=20528, stack(0x000000e8ff300000,0x000000e8ff400000)]
  0x0000023d180a3800 JavaThread "resolver-2" daemon [_thread_blocked, id=15524, stack(0x000000e8ffa00000,0x000000e8ffb00000)]
  0x0000023d1c4d1800 JavaThread "resolver-3" daemon [_thread_blocked, id=13060, stack(0x000000e8ffb00000,0x000000e8ffc00000)]
  0x0000023d18f35000 JavaThread "resolver-4" daemon [_thread_blocked, id=10824, stack(0x000000e8ffc00000,0x000000e8ffd00000)]
  0x0000023d1be13000 JavaThread "resolver-5" daemon [_thread_blocked, id=11316, stack(0x000000e8ffd00000,0x000000e8ffe00000)]
  0x0000023d1b50f000 JavaThread "timeout-check-timer" daemon [_thread_blocked, id=3480, stack(0x000000e8ffe00000,0x000000e8fff00000)]
  0x0000023d1bdd8000 JavaThread "ping-timer-10s" daemon [_thread_blocked, id=10536, stack(0x000000e8fff00000,0x000000e900000000)]
  0x0000023d18007800 JavaThread "ThreadedStreamConsumer" daemon [_thread_blocked, id=19736, stack(0x000000e880100000,0x000000e880200000)]
  0x0000023d1c5f5800 JavaThread "Thread-2" [_thread_blocked, id=10340, stack(0x000000e880200000,0x000000e880300000)]
  0x0000023d15f3d000 JavaThread "Thread-3" [_thread_in_native, id=21772, stack(0x000000e880300000,0x000000e880400000)]
  0x0000023d15f42000 JavaThread "Thread-4" [_thread_in_native, id=7364, stack(0x000000e880400000,0x000000e880500000)]

Other Threads:
  0x0000023d7fd75000 VMThread "VM Thread" [stack: 0x000000e8fe700000,0x000000e8fe800000] [id=25472]
  0x0000023d1590b800 WatcherThread [stack: 0x000000e8ff000000,0x000000e8ff100000] [id=21512]
  0x0000023d6f222800 GCTaskThread "GC Thread#0" [stack: 0x000000e8fe200000,0x000000e8fe300000] [id=1684]
  0x0000023d16b93800 GCTaskThread "GC Thread#1" [stack: 0x000000e8ff400000,0x000000e8ff500000] [id=22632]
  0x0000023d16670800 GCTaskThread "GC Thread#2" [stack: 0x000000e8ff500000,0x000000e8ff600000] [id=8280]
  0x0000023d16c3f800 GCTaskThread "GC Thread#3" [stack: 0x000000e8ff600000,0x000000e8ff700000] [id=13192]
  0x0000023d15bac000 GCTaskThread "GC Thread#4" [stack: 0x000000e8ff700000,0x000000e8ff800000] [id=22192]
  0x0000023d16796000 GCTaskThread "GC Thread#5" [stack: 0x000000e8ff800000,0x000000e8ff900000] [id=8364]
  0x0000023d169b0800 GCTaskThread "GC Thread#6" [stack: 0x000000e880000000,0x000000e880100000] [id=14304]
  0x0000023d1633e800 GCTaskThread "GC Thread#7" [stack: 0x000000e880500000,0x000000e880600000] [id=2088]
  0x0000023d6f282000 ConcurrentGCThread "G1 Main Marker" [stack: 0x000000e8fe300000,0x000000e8fe400000] [id=9840]
  0x0000023d6f283800 ConcurrentGCThread "G1 Conc#0" [stack: 0x000000e8fe400000,0x000000e8fe500000] [id=3188]
  0x0000023d17181800 ConcurrentGCThread "G1 Conc#1" [stack: 0x000000e8ff900000,0x000000e8ffa00000] [id=17000]
  0x0000023d7fbd1000 ConcurrentGCThread "G1 Refine#0" [stack: 0x000000e8fe500000,0x000000e8fe600000] [id=16824]
  0x0000023d7fbd2000 ConcurrentGCThread "G1 Young RemSet Sampling" [stack: 0x000000e8fe600000,0x000000e8fe700000] [id=26404]

Threads with active compile tasks:
C2 CompilerThread08071       4       org.codehaus.plexus.classworlds.realm.Entry::matches (282 bytes)
C1 CompilerThread08072  s    1       java.lang.StringBuffer::length (5 bytes)

VM state:synchronizing (normal execution)

VM Mutex/Monitor currently owned by a thread:  ([mutex/lock_event])
[0x0000023d6f207b90] Threads_lock - owner thread: 0x0000023d7fd75000

Heap address: 0x0000000702800000, size: 4056 MB, Compressed Oops mode: Zero based, Oop shift amount: 3
Narrow klass base: 0x0000000800000000, Narrow klass shift: 0
Compressed class space size: 1073741824 Address: 0x0000000800000000

Heap:
 garbage-first heap   total 260096K, used 57814K [0x0000000702800000, 0x0000000800000000)
  region size 1024K, 20 young (20480K), 16 survivors (16384K)
 Metaspace       used 39965K, capacity 41046K, committed 41264K, reserved 1085440K
  class space    used 4096K, capacity 4468K, committed 4480K, reserved 1048576K
Heap Regions: E=young(eden), S=young(survivor), O=old, HS=humongous(starts), HC=humongous(continues), CS=collection set, F=free, A=archive, TAMS=top-at-mark-start (previous, next)
|   0|0x0000000702800000, 0x0000000702900000, 0x0000000702900000|100%| O|  |TAMS 0x0000000702900000, 0x0000000702800000| Untracked 
|   1|0x0000000702900000, 0x0000000702a00000, 0x0000000702a00000|100%| O|  |TAMS 0x0000000702a00000, 0x0000000702900000| Untracked 
|   2|0x0000000702a00000, 0x0000000702b00000, 0x0000000702b00000|100%| O|  |TAMS 0x0000000702b00000, 0x0000000702a00000| Untracked 
|   3|0x0000000702b00000, 0x0000000702c00000, 0x0000000702c00000|100%| O|  |TAMS 0x0000000702c00000, 0x0000000702b00000| Untracked 
|   4|0x0000000702c00000, 0x0000000702d00000, 0x0000000702d00000|100%| O|  |TAMS 0x0000000702d00000, 0x0000000702c00000| Untracked 
|   5|0x0000000702d00000, 0x0000000702e00000, 0x0000000702e00000|100%| O|  |TAMS 0x0000000702e00000, 0x0000000702d00000| Untracked 
|   6|0x0000000702e00000, 0x0000000702f00000, 0x0000000702f00000|100%| O|  |TAMS 0x0000000702f00000, 0x0000000702e00000| Untracked 
|   7|0x0000000702f00000, 0x0000000703000000, 0x0000000703000000|100%| O|  |TAMS 0x0000000703000000, 0x0000000702f00000| Untracked 
|   8|0x0000000703000000, 0x0000000703100000, 0x0000000703100000|100%| O|  |TAMS 0x0000000703100000, 0x0000000703000000| Untracked 
|   9|0x0000000703100000, 0x0000000703200000, 0x0000000703200000|100%| O|  |TAMS 0x0000000703200000, 0x0000000703100000| Untracked 
|  10|0x0000000703200000, 0x0000000703300000, 0x0000000703300000|100%| O|  |TAMS 0x0000000703300000, 0x0000000703200000| Untracked 
|  11|0x0000000703300000, 0x0000000703400000, 0x0000000703400000|100%|HS|  |TAMS 0x0000000703300000, 0x0000000703300000| Complete 
|  12|0x0000000703400000, 0x0000000703500000, 0x0000000703500000|100%|HS|  |TAMS 0x0000000703500000, 0x0000000703400000| Complete 
|  13|0x0000000703500000, 0x0000000703600000, 0x0000000703600000|100%| O|  |TAMS 0x0000000703600000, 0x0000000703500000| Untracked 
|  14|0x0000000703600000, 0x0000000703700000, 0x0000000703700000|100%| O|  |TAMS 0x0000000703700000, 0x0000000703600000| Untracked 
|  15|0x0000000703700000, 0x0000000703800000, 0x0000000703800000|100%| O|  |TAMS 0x0000000703800000, 0x0000000703700000| Untracked 
|  16|0x0000000703800000, 0x0000000703900000, 0x0000000703900000|100%| O|  |TAMS 0x0000000703900000, 0x0000000703800000| Untracked 
|  17|0x0000000703900000, 0x0000000703a00000, 0x0000000703a00000|100%| O|  |TAMS 0x0000000703a00000, 0x0000000703900000| Untracked 
|  18|0x0000000703a00000, 0x0000000703b00000, 0x0000000703b00000|100%| O|  |TAMS 0x0000000703b00000, 0x0000000703a00000| Untracked 
|  19|0x0000000703b00000, 0x0000000703c00000, 0x0000000703c00000|100%| O|  |TAMS 0x0000000703c00000, 0x0000000703b00000| Untracked 
|  20|0x0000000703c00000, 0x0000000703d00000, 0x0000000703d00000|100%| O|  |TAMS 0x0000000703d00000, 0x0000000703c00000| Untracked 
|  21|0x0000000703d00000, 0x0000000703e00000, 0x0000000703e00000|100%| O|  |TAMS 0x0000000703e00000, 0x0000000703d00000| Untracked 
|  22|0x0000000703e00000, 0x0000000703f00000, 0x0000000703f00000|100%| O|  |TAMS 0x0000000703f00000, 0x0000000703e00000| Untracked 
|  23|0x0000000703f00000, 0x0000000704000000, 0x0000000704000000|100%| O|  |TAMS 0x0000000704000000, 0x0000000703f00000| Untracked 
|  24|0x0000000704000000, 0x0000000704100000, 0x0000000704100000|100%| O|  |TAMS 0x0000000704100000, 0x0000000704000000| Untracked 
|  25|0x0000000704100000, 0x0000000704200000, 0x0000000704200000|100%| O|  |TAMS 0x0000000704200000, 0x0000000704100000| Untracked 
|  26|0x0000000704200000, 0x0000000704300000, 0x0000000704300000|100%| O|  |TAMS 0x0000000704300000, 0x0000000704200000| Untracked 
|  27|0x0000000704300000, 0x0000000704400000, 0x0000000704400000|100%| O|  |TAMS 0x0000000704400000, 0x0000000704300000| Untracked 
|  28|0x0000000704400000, 0x0000000704500000, 0x0000000704500000|100%| O|  |TAMS 0x0000000704500000, 0x0000000704400000| Untracked 
|  29|0x0000000704500000, 0x0000000704600000, 0x0000000704600000|100%| O|  |TAMS 0x0000000704600000, 0x0000000704500000| Untracked 
|  30|0x0000000704600000, 0x0000000704700000, 0x0000000704700000|100%| O|  |TAMS 0x0000000704700000, 0x0000000704600000| Untracked 
|  31|0x0000000704700000, 0x0000000704800000, 0x0000000704800000|100%| O|  |TAMS 0x0000000704800000, 0x0000000704700000| Untracked 
|  32|0x0000000704800000, 0x0000000704900000, 0x0000000704900000|100%| O|  |TAMS 0x0000000704900000, 0x0000000704800000| Untracked 
|  33|0x0000000704900000, 0x0000000704a00000, 0x0000000704a00000|100%| O|  |TAMS 0x0000000704a00000, 0x0000000704900000| Untracked 
|  34|0x0000000704a00000, 0x0000000704b00000, 0x0000000704b00000|100%| O|  |TAMS 0x0000000704b00000, 0x0000000704a00000| Untracked 
|  35|0x0000000704b00000, 0x0000000704c00000, 0x0000000704c00000|100%| O|  |TAMS 0x0000000704bf6a00, 0x0000000704b00000| Untracked 
|  36|0x0000000704c00000, 0x0000000704ccb600, 0x0000000704d00000| 79%| O|  |TAMS 0x0000000704c00000, 0x0000000704c00000| Untracked 
|  37|0x0000000704d00000, 0x0000000704d00000, 0x0000000704e00000|  0%| F|  |TAMS 0x0000000704d00000, 0x0000000704d00000| Untracked 
|  38|0x0000000704e00000, 0x0000000704f00000, 0x0000000704f00000|100%|HS|  |TAMS 0x0000000704f00000, 0x0000000704e00000| Complete 
|  39|0x0000000704f00000, 0x0000000704f00000, 0x0000000705000000|  0%| F|  |TAMS 0x0000000704f00000, 0x0000000704f00000| Untracked 
|  40|0x0000000705000000, 0x0000000705000000, 0x0000000705100000|  0%| F|  |TAMS 0x0000000705000000, 0x0000000705000000| Untracked 
|  41|0x0000000705100000, 0x0000000705100000, 0x0000000705200000|  0%| F|  |TAMS 0x0000000705100000, 0x0000000705100000| Untracked 
|  42|0x0000000705200000, 0x0000000705200000, 0x0000000705300000|  0%| F|  |TAMS 0x0000000705200000, 0x0000000705200000| Untracked 
|  43|0x0000000705300000, 0x0000000705300000, 0x0000000705400000|  0%| F|  |TAMS 0x0000000705300000, 0x0000000705300000| Untracked 
|  44|0x0000000705400000, 0x0000000705400000, 0x0000000705500000|  0%| F|  |TAMS 0x0000000705400000, 0x0000000705400000| Untracked 
|  45|0x0000000705500000, 0x0000000705500000, 0x0000000705600000|  0%| F|  |TAMS 0x0000000705500000, 0x0000000705500000| Untracked 
|  46|0x0000000705600000, 0x0000000705600000, 0x0000000705700000|  0%| F|  |TAMS 0x0000000705600000, 0x0000000705600000| Untracked 
|  47|0x0000000705700000, 0x0000000705700000, 0x0000000705800000|  0%| F|  |TAMS 0x0000000705700000, 0x0000000705700000| Untracked 
|  48|0x0000000705800000, 0x0000000705800000, 0x0000000705900000|  0%| F|  |TAMS 0x0000000705800000, 0x0000000705800000| Untracked 
|  49|0x0000000705900000, 0x0000000705900000, 0x0000000705a00000|  0%| F|  |TAMS 0x0000000705900000, 0x0000000705900000| Untracked 
|  50|0x0000000705a00000, 0x0000000705a00000, 0x0000000705b00000|  0%| F|  |TAMS 0x0000000705a00000, 0x0000000705a00000| Untracked 
|  51|0x0000000705b00000, 0x0000000705b00000, 0x0000000705c00000|  0%| F|  |TAMS 0x0000000705b00000, 0x0000000705b00000| Untracked 
|  52|0x0000000705c00000, 0x0000000705c00000, 0x0000000705d00000|  0%| F|  |TAMS 0x0000000705c00000, 0x0000000705c00000| Untracked 
|  53|0x0000000705d00000, 0x0000000705d00000, 0x0000000705e00000|  0%| F|  |TAMS 0x0000000705d00000, 0x0000000705d00000| Untracked 
|  54|0x0000000705e00000, 0x0000000705e00000, 0x0000000705f00000|  0%| F|  |TAMS 0x0000000705e00000, 0x0000000705e00000| Untracked 
|  55|0x0000000705f00000, 0x0000000705f00000, 0x0000000706000000|  0%| F|  |TAMS 0x0000000705f00000, 0x0000000705f00000| Untracked 
|  56|0x0000000706000000, 0x0000000706000000, 0x0000000706100000|  0%| F|  |TAMS 0x0000000706000000, 0x0000000706000000| Untracked 
|  57|0x0000000706100000, 0x0000000706100000, 0x0000000706200000|  0%| F|  |TAMS 0x0000000706100000, 0x0000000706100000| Untracked 
|  58|0x0000000706200000, 0x0000000706200000, 0x0000000706300000|  0%| F|  |TAMS 0x0000000706200000, 0x0000000706200000| Untracked 
|  59|0x0000000706300000, 0x0000000706300000, 0x0000000706400000|  0%| F|  |TAMS 0x0000000706300000, 0x0000000706300000| Untracked 
|  60|0x0000000706400000, 0x0000000706400000, 0x0000000706500000|  0%| F|  |TAMS 0x0000000706400000, 0x0000000706400000| Untracked 
|  61|0x0000000706500000, 0x0000000706500000, 0x0000000706600000|  0%| F|  |TAMS 0x0000000706500000, 0x0000000706500000| Untracked 
|  62|0x0000000706600000, 0x0000000706600000, 0x0000000706700000|  0%| F|  |TAMS 0x0000000706600000, 0x0000000706600000| Untracked 
|  63|0x0000000706700000, 0x0000000706700000, 0x0000000706800000|  0%| F|  |TAMS 0x0000000706700000, 0x0000000706700000| Untracked 
|  64|0x0000000706800000, 0x0000000706800000, 0x0000000706900000|  0%| F|  |TAMS 0x0000000706800000, 0x0000000706800000| Untracked 
|  65|0x0000000706900000, 0x0000000706900000, 0x0000000706a00000|  0%| F|  |TAMS 0x0000000706900000, 0x0000000706900000| Untracked 
|  66|0x0000000706a00000, 0x0000000706a00000, 0x0000000706b00000|  0%| F|  |TAMS 0x0000000706a00000, 0x0000000706a00000| Untracked 
|  67|0x0000000706b00000, 0x0000000706b00000, 0x0000000706c00000|  0%| F|  |TAMS 0x0000000706b00000, 0x0000000706b00000| Untracked 
|  68|0x0000000706c00000, 0x0000000706c00000, 0x0000000706d00000|  0%| F|  |TAMS 0x0000000706c00000, 0x0000000706c00000| Untracked 
|  69|0x0000000706d00000, 0x0000000706d00000, 0x0000000706e00000|  0%| F|  |TAMS 0x0000000706d00000, 0x0000000706d00000| Untracked 
|  70|0x0000000706e00000, 0x0000000706e00000, 0x0000000706f00000|  0%| F|  |TAMS 0x0000000706e00000, 0x0000000706e00000| Untracked 
|  71|0x0000000706f00000, 0x0000000706f00000, 0x0000000707000000|  0%| F|  |TAMS 0x0000000706f00000, 0x0000000706f00000| Untracked 
|  72|0x0000000707000000, 0x0000000707000000, 0x0000000707100000|  0%| F|  |TAMS 0x0000000707000000, 0x0000000707000000| Untracked 
|  73|0x0000000707100000, 0x0000000707100000, 0x0000000707200000|  0%| F|  |TAMS 0x0000000707100000, 0x0000000707100000| Untracked 
|  74|0x0000000707200000, 0x0000000707200000, 0x0000000707300000|  0%| F|  |TAMS 0x0000000707200000, 0x0000000707200000| Untracked 
|  75|0x0000000707300000, 0x0000000707300000, 0x0000000707400000|  0%| F|  |TAMS 0x0000000707300000, 0x0000000707300000| Untracked 
|  76|0x0000000707400000, 0x0000000707400000, 0x0000000707500000|  0%| F|  |TAMS 0x0000000707400000, 0x0000000707400000| Untracked 
|  77|0x0000000707500000, 0x0000000707500000, 0x0000000707600000|  0%| F|  |TAMS 0x0000000707500000, 0x0000000707500000| Untracked 
|  78|0x0000000707600000, 0x0000000707600000, 0x0000000707700000|  0%| F|  |TAMS 0x0000000707600000, 0x0000000707600000| Untracked 
|  79|0x0000000707700000, 0x0000000707700000, 0x0000000707800000|  0%| F|  |TAMS 0x0000000707700000, 0x0000000707700000| Untracked 
|  80|0x0000000707800000, 0x0000000707800000, 0x0000000707900000|  0%| F|  |TAMS 0x0000000707800000, 0x0000000707800000| Untracked 
|  81|0x0000000707900000, 0x0000000707900000, 0x0000000707a00000|  0%| F|  |TAMS 0x0000000707900000, 0x0000000707900000| Untracked 
|  82|0x0000000707a00000, 0x0000000707a00000, 0x0000000707b00000|  0%| F|  |TAMS 0x0000000707a00000, 0x0000000707a00000| Untracked 
|  83|0x0000000707b00000, 0x0000000707b00000, 0x0000000707c00000|  0%| F|  |TAMS 0x0000000707b00000, 0x0000000707b00000| Untracked 
|  84|0x0000000707c00000, 0x0000000707c00000, 0x0000000707d00000|  0%| F|  |TAMS 0x0000000707c00000, 0x0000000707c00000| Untracked 
|  85|0x0000000707d00000, 0x0000000707d00000, 0x0000000707e00000|  0%| F|  |TAMS 0x0000000707d00000, 0x0000000707d00000| Untracked 
|  86|0x0000000707e00000, 0x0000000707e00000, 0x0000000707f00000|  0%| F|  |TAMS 0x0000000707e00000, 0x0000000707e00000| Untracked 
|  87|0x0000000707f00000, 0x0000000707f00000, 0x0000000708000000|  0%| F|  |TAMS 0x0000000707f00000, 0x0000000707f00000| Untracked 
|  88|0x0000000708000000, 0x0000000708000000, 0x0000000708100000|  0%| F|  |TAMS 0x0000000708000000, 0x0000000708000000| Untracked 
|  89|0x0000000708100000, 0x0000000708100000, 0x0000000708200000|  0%| F|  |TAMS 0x0000000708100000, 0x0000000708100000| Untracked 
|  90|0x0000000708200000, 0x0000000708200000, 0x0000000708300000|  0%| F|  |TAMS 0x0000000708200000, 0x0000000708200000| Untracked 
|  91|0x0000000708300000, 0x0000000708300000, 0x0000000708400000|  0%| F|  |TAMS 0x0000000708300000, 0x0000000708300000| Untracked 
|  92|0x0000000708400000, 0x0000000708400000, 0x0000000708500000|  0%| F|  |TAMS 0x0000000708400000, 0x0000000708400000| Untracked 
|  93|0x0000000708500000, 0x0000000708500000, 0x0000000708600000|  0%| F|  |TAMS 0x0000000708500000, 0x0000000708500000| Untracked 
|  94|0x0000000708600000, 0x0000000708600000, 0x0000000708700000|  0%| F|  |TAMS 0x0000000708600000, 0x0000000708600000| Untracked 
|  95|0x0000000708700000, 0x0000000708700000, 0x0000000708800000|  0%| F|  |TAMS 0x0000000708700000, 0x0000000708700000| Untracked 
|  96|0x0000000708800000, 0x0000000708800000, 0x0000000708900000|  0%| F|  |TAMS 0x0000000708800000, 0x0000000708800000| Untracked 
|  97|0x0000000708900000, 0x0000000708900000, 0x0000000708a00000|  0%| F|  |TAMS 0x0000000708900000, 0x0000000708900000| Untracked 
|  98|0x0000000708a00000, 0x0000000708a00000, 0x0000000708b00000|  0%| F|  |TAMS 0x0000000708a00000, 0x0000000708a00000| Untracked 
|  99|0x0000000708b00000, 0x0000000708b00000, 0x0000000708c00000|  0%| F|  |TAMS 0x0000000708b00000, 0x0000000708b00000| Untracked 
| 100|0x0000000708c00000, 0x0000000708c00000, 0x0000000708d00000|  0%| F|  |TAMS 0x0000000708c00000, 0x0000000708c00000| Untracked 
| 101|0x0000000708d00000, 0x0000000708d00000, 0x0000000708e00000|  0%| F|  |TAMS 0x0000000708d00000, 0x0000000708d00000| Untracked 
| 102|0x0000000708e00000, 0x0000000708e00000, 0x0000000708f00000|  0%| F|  |TAMS 0x0000000708e00000, 0x0000000708e00000| Untracked 
| 103|0x0000000708f00000, 0x0000000708f00000, 0x0000000709000000|  0%| F|  |TAMS 0x0000000708f00000, 0x0000000708f00000| Untracked 
| 104|0x0000000709000000, 0x0000000709000000, 0x0000000709100000|  0%| F|  |TAMS 0x0000000709000000, 0x0000000709000000| Untracked 
| 105|0x0000000709100000, 0x0000000709100000, 0x0000000709200000|  0%| F|  |TAMS 0x0000000709100000, 0x0000000709100000| Untracked 
| 106|0x0000000709200000, 0x0000000709200000, 0x0000000709300000|  0%| F|  |TAMS 0x0000000709200000, 0x0000000709200000| Untracked 
| 107|0x0000000709300000, 0x0000000709300000, 0x0000000709400000|  0%| F|  |TAMS 0x0000000709300000, 0x0000000709300000| Untracked 
| 108|0x0000000709400000, 0x0000000709400000, 0x0000000709500000|  0%| F|  |TAMS 0x0000000709400000, 0x0000000709400000| Untracked 
| 109|0x0000000709500000, 0x0000000709500000, 0x0000000709600000|  0%| F|  |TAMS 0x0000000709500000, 0x0000000709500000| Untracked 
| 110|0x0000000709600000, 0x0000000709600000, 0x0000000709700000|  0%| F|  |TAMS 0x0000000709600000, 0x0000000709600000| Untracked 
| 111|0x0000000709700000, 0x0000000709700000, 0x0000000709800000|  0%| F|  |TAMS 0x0000000709700000, 0x0000000709700000| Untracked 
| 112|0x0000000709800000, 0x0000000709800000, 0x0000000709900000|  0%| F|  |TAMS 0x0000000709800000, 0x0000000709800000| Untracked 
| 113|0x0000000709900000, 0x0000000709900000, 0x0000000709a00000|  0%| F|  |TAMS 0x0000000709900000, 0x0000000709900000| Untracked 
| 114|0x0000000709a00000, 0x0000000709a00000, 0x0000000709b00000|  0%| F|  |TAMS 0x0000000709a00000, 0x0000000709a00000| Untracked 
| 115|0x0000000709b00000, 0x0000000709b00000, 0x0000000709c00000|  0%| F|  |TAMS 0x0000000709b00000, 0x0000000709b00000| Untracked 
| 116|0x0000000709c00000, 0x0000000709caa4d8, 0x0000000709d00000| 66%| S|CS|TAMS 0x0000000709c00000, 0x0000000709c00000| Complete 
| 117|0x0000000709d00000, 0x0000000709e00000, 0x0000000709e00000|100%| S|CS|TAMS 0x0000000709d00000, 0x0000000709d00000| Complete 
| 118|0x0000000709e00000, 0x0000000709f00000, 0x0000000709f00000|100%| S|CS|TAMS 0x0000000709e00000, 0x0000000709e00000| Complete 
| 119|0x0000000709f00000, 0x000000070a000000, 0x000000070a000000|100%| S|CS|TAMS 0x0000000709f00000, 0x0000000709f00000| Complete 
| 120|0x000000070a000000, 0x000000070a100000, 0x000000070a100000|100%| S|CS|TAMS 0x000000070a000000, 0x000000070a000000| Complete 
| 121|0x000000070a100000, 0x000000070a200000, 0x000000070a200000|100%| S|CS|TAMS 0x000000070a100000, 0x000000070a100000| Complete 
| 122|0x000000070a200000, 0x000000070a300000, 0x000000070a300000|100%| S|CS|TAMS 0x000000070a200000, 0x000000070a200000| Complete 
| 123|0x000000070a300000, 0x000000070a400000, 0x000000070a400000|100%| S|CS|TAMS 0x000000070a300000, 0x000000070a300000| Complete 
| 124|0x000000070a400000, 0x000000070a500000, 0x000000070a500000|100%| S|CS|TAMS 0x000000070a400000, 0x000000070a400000| Complete 
| 125|0x000000070a500000, 0x000000070a600000, 0x000000070a600000|100%| S|CS|TAMS 0x000000070a500000, 0x000000070a500000| Complete 
| 126|0x000000070a600000, 0x000000070a700000, 0x000000070a700000|100%| S|CS|TAMS 0x000000070a600000, 0x000000070a600000| Complete 
| 127|0x000000070a700000, 0x000000070a800000, 0x000000070a800000|100%| S|CS|TAMS 0x000000070a700000, 0x000000070a700000| Complete 
| 128|0x000000070a800000, 0x000000070a900000, 0x000000070a900000|100%| S|CS|TAMS 0x000000070a800000, 0x000000070a800000| Complete 
| 129|0x000000070a900000, 0x000000070aa00000, 0x000000070aa00000|100%| S|CS|TAMS 0x000000070a900000, 0x000000070a900000| Complete 
| 130|0x000000070aa00000, 0x000000070ab00000, 0x000000070ab00000|100%| S|CS|TAMS 0x000000070aa00000, 0x000000070aa00000| Complete 
| 131|0x000000070ab00000, 0x000000070ac00000, 0x000000070ac00000|100%| S|CS|TAMS 0x000000070ab00000, 0x000000070ab00000| Complete 
| 132|0x000000070ac00000, 0x000000070ac00000, 0x000000070ad00000|  0%| F|  |TAMS 0x000000070ac00000, 0x000000070ac00000| Untracked 
| 133|0x000000070ad00000, 0x000000070ad00000, 0x000000070ae00000|  0%| F|  |TAMS 0x000000070ad00000, 0x000000070ad00000| Untracked 
| 134|0x000000070ae00000, 0x000000070ae00000, 0x000000070af00000|  0%| F|  |TAMS 0x000000070ae00000, 0x000000070ae00000| Untracked 
| 135|0x000000070af00000, 0x000000070af00000, 0x000000070b000000|  0%| F|  |TAMS 0x000000070af00000, 0x000000070af00000| Untracked 
| 136|0x000000070b000000, 0x000000070b000000, 0x000000070b100000|  0%| F|  |TAMS 0x000000070b000000, 0x000000070b000000| Untracked 
| 137|0x000000070b100000, 0x000000070b100000, 0x000000070b200000|  0%| F|  |TAMS 0x000000070b100000, 0x000000070b100000| Untracked 
| 138|0x000000070b200000, 0x000000070b200000, 0x000000070b300000|  0%| F|  |TAMS 0x000000070b200000, 0x000000070b200000| Untracked 
| 139|0x000000070b300000, 0x000000070b300000, 0x000000070b400000|  0%| F|  |TAMS 0x000000070b300000, 0x000000070b300000| Untracked 
| 140|0x000000070b400000, 0x000000070b400000, 0x000000070b500000|  0%| F|  |TAMS 0x000000070b400000, 0x000000070b400000| Untracked 
| 141|0x000000070b500000, 0x000000070b500000, 0x000000070b600000|  0%| F|  |TAMS 0x000000070b500000, 0x000000070b500000| Untracked 
| 142|0x000000070b600000, 0x000000070b600000, 0x000000070b700000|  0%| F|  |TAMS 0x000000070b600000, 0x000000070b600000| Untracked 
| 143|0x000000070b700000, 0x000000070b700000, 0x000000070b800000|  0%| F|  |TAMS 0x000000070b700000, 0x000000070b700000| Untracked 
| 144|0x000000070b800000, 0x000000070b800000, 0x000000070b900000|  0%| F|  |TAMS 0x000000070b800000, 0x000000070b800000| Untracked 
| 145|0x000000070b900000, 0x000000070b900000, 0x000000070ba00000|  0%| F|  |TAMS 0x000000070b900000, 0x000000070b900000| Untracked 
| 146|0x000000070ba00000, 0x000000070ba00000, 0x000000070bb00000|  0%| F|  |TAMS 0x000000070ba00000, 0x000000070ba00000| Untracked 
| 147|0x000000070bb00000, 0x000000070bb00000, 0x000000070bc00000|  0%| F|  |TAMS 0x000000070bb00000, 0x000000070bb00000| Untracked 
| 148|0x000000070bc00000, 0x000000070bc00000, 0x000000070bd00000|  0%| F|  |TAMS 0x000000070bc00000, 0x000000070bc00000| Untracked 
| 149|0x000000070bd00000, 0x000000070bd00000, 0x000000070be00000|  0%| F|  |TAMS 0x000000070bd00000, 0x000000070bd00000| Untracked 
| 150|0x000000070be00000, 0x000000070be00000, 0x000000070bf00000|  0%| F|  |TAMS 0x000000070be00000, 0x000000070be00000| Untracked 
| 151|0x000000070bf00000, 0x000000070bf00000, 0x000000070c000000|  0%| F|  |TAMS 0x000000070bf00000, 0x000000070bf00000| Untracked 
| 152|0x000000070c000000, 0x000000070c000000, 0x000000070c100000|  0%| F|  |TAMS 0x000000070c000000, 0x000000070c000000| Untracked 
| 153|0x000000070c100000, 0x000000070c100000, 0x000000070c200000|  0%| F|  |TAMS 0x000000070c100000, 0x000000070c100000| Untracked 
| 154|0x000000070c200000, 0x000000070c200000, 0x000000070c300000|  0%| F|  |TAMS 0x000000070c200000, 0x000000070c200000| Untracked 
| 155|0x000000070c300000, 0x000000070c300000, 0x000000070c400000|  0%| F|  |TAMS 0x000000070c300000, 0x000000070c300000| Untracked 
| 156|0x000000070c400000, 0x000000070c400000, 0x000000070c500000|  0%| F|  |TAMS 0x000000070c400000, 0x000000070c400000| Untracked 
| 157|0x000000070c500000, 0x000000070c500000, 0x000000070c600000|  0%| F|  |TAMS 0x000000070c500000, 0x000000070c500000| Untracked 
| 158|0x000000070c600000, 0x000000070c600000, 0x000000070c700000|  0%| F|  |TAMS 0x000000070c600000, 0x000000070c600000| Untracked 
| 159|0x000000070c700000, 0x000000070c700000, 0x000000070c800000|  0%| F|  |TAMS 0x000000070c700000, 0x000000070c700000| Untracked 
| 160|0x000000070c800000, 0x000000070c800000, 0x000000070c900000|  0%| F|  |TAMS 0x000000070c800000, 0x000000070c800000| Untracked 
| 161|0x000000070c900000, 0x000000070c900000, 0x000000070ca00000|  0%| F|  |TAMS 0x000000070c900000, 0x000000070c900000| Untracked 
| 162|0x000000070ca00000, 0x000000070ca00000, 0x000000070cb00000|  0%| F|  |TAMS 0x000000070ca00000, 0x000000070ca00000| Untracked 
| 163|0x000000070cb00000, 0x000000070cb00000, 0x000000070cc00000|  0%| F|  |TAMS 0x000000070cb00000, 0x000000070cb00000| Untracked 
| 164|0x000000070cc00000, 0x000000070cc00000, 0x000000070cd00000|  0%| F|  |TAMS 0x000000070cc00000, 0x000000070cc00000| Untracked 
| 165|0x000000070cd00000, 0x000000070cd00000, 0x000000070ce00000|  0%| F|  |TAMS 0x000000070cd00000, 0x000000070cd00000| Untracked 
| 166|0x000000070ce00000, 0x000000070ce00000, 0x000000070cf00000|  0%| F|  |TAMS 0x000000070ce00000, 0x000000070ce00000| Untracked 
| 167|0x000000070cf00000, 0x000000070cf00000, 0x000000070d000000|  0%| F|  |TAMS 0x000000070cf00000, 0x000000070cf00000| Untracked 
| 168|0x000000070d000000, 0x000000070d000000, 0x000000070d100000|  0%| F|  |TAMS 0x000000070d000000, 0x000000070d000000| Untracked 
| 169|0x000000070d100000, 0x000000070d100000, 0x000000070d200000|  0%| F|  |TAMS 0x000000070d100000, 0x000000070d100000| Untracked 
| 170|0x000000070d200000, 0x000000070d200000, 0x000000070d300000|  0%| F|  |TAMS 0x000000070d200000, 0x000000070d200000| Untracked 
| 171|0x000000070d300000, 0x000000070d300000, 0x000000070d400000|  0%| F|  |TAMS 0x000000070d300000, 0x000000070d300000| Untracked 
| 172|0x000000070d400000, 0x000000070d400000, 0x000000070d500000|  0%| F|  |TAMS 0x000000070d400000, 0x000000070d400000| Untracked 
| 173|0x000000070d500000, 0x000000070d500000, 0x000000070d600000|  0%| F|  |TAMS 0x000000070d500000, 0x000000070d500000| Untracked 
| 174|0x000000070d600000, 0x000000070d600000, 0x000000070d700000|  0%| F|  |TAMS 0x000000070d600000, 0x000000070d600000| Untracked 
| 175|0x000000070d700000, 0x000000070d700000, 0x000000070d800000|  0%| F|  |TAMS 0x000000070d700000, 0x000000070d700000| Untracked 
| 176|0x000000070d800000, 0x000000070d800000, 0x000000070d900000|  0%| F|  |TAMS 0x000000070d800000, 0x000000070d800000| Untracked 
| 177|0x000000070d900000, 0x000000070d900000, 0x000000070da00000|  0%| F|  |TAMS 0x000000070d900000, 0x000000070d900000| Untracked 
| 178|0x000000070da00000, 0x000000070da00000, 0x000000070db00000|  0%| F|  |TAMS 0x000000070da00000, 0x000000070da00000| Untracked 
| 179|0x000000070db00000, 0x000000070db00000, 0x000000070dc00000|  0%| F|  |TAMS 0x000000070db00000, 0x000000070db00000| Untracked 
| 180|0x000000070dc00000, 0x000000070dc00000, 0x000000070dd00000|  0%| F|  |TAMS 0x000000070dc00000, 0x000000070dc00000| Untracked 
| 181|0x000000070dd00000, 0x000000070dd00000, 0x000000070de00000|  0%| F|  |TAMS 0x000000070dd00000, 0x000000070dd00000| Untracked 
| 182|0x000000070de00000, 0x000000070de00000, 0x000000070df00000|  0%| F|  |TAMS 0x000000070de00000, 0x000000070de00000| Untracked 
| 183|0x000000070df00000, 0x000000070df00000, 0x000000070e000000|  0%| F|  |TAMS 0x000000070df00000, 0x000000070df00000| Untracked 
| 184|0x000000070e000000, 0x000000070e000000, 0x000000070e100000|  0%| F|  |TAMS 0x000000070e000000, 0x000000070e000000| Untracked 
| 185|0x000000070e100000, 0x000000070e100000, 0x000000070e200000|  0%| F|  |TAMS 0x000000070e100000, 0x000000070e100000| Untracked 
| 186|0x000000070e200000, 0x000000070e200000, 0x000000070e300000|  0%| F|  |TAMS 0x000000070e200000, 0x000000070e200000| Untracked 
| 187|0x000000070e300000, 0x000000070e300000, 0x000000070e400000|  0%| F|  |TAMS 0x000000070e300000, 0x000000070e300000| Untracked 
| 188|0x000000070e400000, 0x000000070e400000, 0x000000070e500000|  0%| F|  |TAMS 0x000000070e400000, 0x000000070e400000| Untracked 
| 189|0x000000070e500000, 0x000000070e500000, 0x000000070e600000|  0%| F|  |TAMS 0x000000070e500000, 0x000000070e500000| Untracked 
| 190|0x000000070e600000, 0x000000070e600000, 0x000000070e700000|  0%| F|  |TAMS 0x000000070e600000, 0x000000070e600000| Untracked 
| 191|0x000000070e700000, 0x000000070e700000, 0x000000070e800000|  0%| F|  |TAMS 0x000000070e700000, 0x000000070e700000| Untracked 
| 192|0x000000070e800000, 0x000000070e800000, 0x000000070e900000|  0%| F|  |TAMS 0x000000070e800000, 0x000000070e800000| Untracked 
| 193|0x000000070e900000, 0x000000070e900000, 0x000000070ea00000|  0%| F|  |TAMS 0x000000070e900000, 0x000000070e900000| Untracked 
| 194|0x000000070ea00000, 0x000000070ea00000, 0x000000070eb00000|  0%| F|  |TAMS 0x000000070ea00000, 0x000000070ea00000| Untracked 
| 195|0x000000070eb00000, 0x000000070eb00000, 0x000000070ec00000|  0%| F|  |TAMS 0x000000070eb00000, 0x000000070eb00000| Untracked 
| 196|0x000000070ec00000, 0x000000070ec00000, 0x000000070ed00000|  0%| F|  |TAMS 0x000000070ec00000, 0x000000070ec00000| Untracked 
| 197|0x000000070ed00000, 0x000000070ed00000, 0x000000070ee00000|  0%| F|  |TAMS 0x000000070ed00000, 0x000000070ed00000| Untracked 
| 198|0x000000070ee00000, 0x000000070ee00000, 0x000000070ef00000|  0%| F|  |TAMS 0x000000070ee00000, 0x000000070ee00000| Untracked 
| 199|0x000000070ef00000, 0x000000070ef00000, 0x000000070f000000|  0%| F|  |TAMS 0x000000070ef00000, 0x000000070ef00000| Untracked 
| 200|0x000000070f000000, 0x000000070f000000, 0x000000070f100000|  0%| F|  |TAMS 0x000000070f000000, 0x000000070f000000| Untracked 
| 201|0x000000070f100000, 0x000000070f100000, 0x000000070f200000|  0%| F|  |TAMS 0x000000070f100000, 0x000000070f100000| Untracked 
| 202|0x000000070f200000, 0x000000070f200000, 0x000000070f300000|  0%| F|  |TAMS 0x000000070f200000, 0x000000070f200000| Untracked 
| 203|0x000000070f300000, 0x000000070f300000, 0x000000070f400000|  0%| F|  |TAMS 0x000000070f300000, 0x000000070f300000| Untracked 
| 204|0x000000070f400000, 0x000000070f400000, 0x000000070f500000|  0%| F|  |TAMS 0x000000070f400000, 0x000000070f400000| Untracked 
| 205|0x000000070f500000, 0x000000070f500000, 0x000000070f600000|  0%| F|  |TAMS 0x000000070f500000, 0x000000070f500000| Untracked 
| 206|0x000000070f600000, 0x000000070f600000, 0x000000070f700000|  0%| F|  |TAMS 0x000000070f600000, 0x000000070f600000| Untracked 
| 207|0x000000070f700000, 0x000000070f700000, 0x000000070f800000|  0%| F|  |TAMS 0x000000070f700000, 0x000000070f700000| Untracked 
| 208|0x000000070f800000, 0x000000070f800000, 0x000000070f900000|  0%| F|  |TAMS 0x000000070f800000, 0x000000070f800000| Untracked 
| 209|0x000000070f900000, 0x000000070f900000, 0x000000070fa00000|  0%| F|  |TAMS 0x000000070f900000, 0x000000070f900000| Untracked 
| 210|0x000000070fa00000, 0x000000070fa00000, 0x000000070fb00000|  0%| F|  |TAMS 0x000000070fa00000, 0x000000070fa00000| Untracked 
| 211|0x000000070fb00000, 0x000000070fb00000, 0x000000070fc00000|  0%| F|  |TAMS 0x000000070fb00000, 0x000000070fb00000| Untracked 
| 212|0x000000070fc00000, 0x000000070fc00000, 0x000000070fd00000|  0%| F|  |TAMS 0x000000070fc00000, 0x000000070fc00000| Untracked 
| 213|0x000000070fd00000, 0x000000070fd00000, 0x000000070fe00000|  0%| F|  |TAMS 0x000000070fd00000, 0x000000070fd00000| Untracked 
| 214|0x000000070fe00000, 0x000000070fe00000, 0x000000070ff00000|  0%| F|  |TAMS 0x000000070fe00000, 0x000000070fe00000| Untracked 
| 215|0x000000070ff00000, 0x000000070ff00000, 0x0000000710000000|  0%| F|  |TAMS 0x000000070ff00000, 0x000000070ff00000| Untracked 
| 216|0x0000000710000000, 0x0000000710000000, 0x0000000710100000|  0%| F|  |TAMS 0x0000000710000000, 0x0000000710000000| Untracked 
| 217|0x0000000710100000, 0x0000000710100000, 0x0000000710200000|  0%| F|  |TAMS 0x0000000710100000, 0x0000000710100000| Untracked 
| 218|0x0000000710200000, 0x0000000710200000, 0x0000000710300000|  0%| F|  |TAMS 0x0000000710200000, 0x0000000710200000| Untracked 
| 219|0x0000000710300000, 0x0000000710300000, 0x0000000710400000|  0%| F|  |TAMS 0x0000000710300000, 0x0000000710300000| Untracked 
| 220|0x0000000710400000, 0x0000000710400000, 0x0000000710500000|  0%| F|  |TAMS 0x0000000710400000, 0x0000000710400000| Untracked 
| 221|0x0000000710500000, 0x0000000710500000, 0x0000000710600000|  0%| F|  |TAMS 0x0000000710500000, 0x0000000710500000| Untracked 
| 222|0x0000000710600000, 0x0000000710600000, 0x0000000710700000|  0%| F|  |TAMS 0x0000000710600000, 0x0000000710600000| Untracked 
| 223|0x0000000710700000, 0x0000000710700000, 0x0000000710800000|  0%| F|  |TAMS 0x0000000710700000, 0x0000000710700000| Untracked 
| 224|0x0000000710800000, 0x0000000710800000, 0x0000000710900000|  0%| F|  |TAMS 0x0000000710800000, 0x0000000710800000| Untracked 
| 225|0x0000000710900000, 0x0000000710900000, 0x0000000710a00000|  0%| F|  |TAMS 0x0000000710900000, 0x0000000710900000| Untracked 
| 226|0x0000000710a00000, 0x0000000710a00000, 0x0000000710b00000|  0%| F|  |TAMS 0x0000000710a00000, 0x0000000710a00000| Untracked 
| 227|0x0000000710b00000, 0x0000000710b00000, 0x0000000710c00000|  0%| F|  |TAMS 0x0000000710b00000, 0x0000000710b00000| Untracked 
| 228|0x0000000710c00000, 0x0000000710c00000, 0x0000000710d00000|  0%| F|  |TAMS 0x0000000710c00000, 0x0000000710c00000| Untracked 
| 229|0x0000000710d00000, 0x0000000710d00000, 0x0000000710e00000|  0%| F|  |TAMS 0x0000000710d00000, 0x0000000710d00000| Untracked 
| 230|0x0000000710e00000, 0x0000000710e00000, 0x0000000710f00000|  0%| F|  |TAMS 0x0000000710e00000, 0x0000000710e00000| Untracked 
| 231|0x0000000710f00000, 0x0000000710f00000, 0x0000000711000000|  0%| F|  |TAMS 0x0000000710f00000, 0x0000000710f00000| Untracked 
| 232|0x0000000711000000, 0x0000000711000000, 0x0000000711100000|  0%| F|  |TAMS 0x0000000711000000, 0x0000000711000000| Untracked 
| 233|0x0000000711100000, 0x0000000711100000, 0x0000000711200000|  0%| F|  |TAMS 0x0000000711100000, 0x0000000711100000| Untracked 
| 234|0x0000000711200000, 0x0000000711200000, 0x0000000711300000|  0%| F|  |TAMS 0x0000000711200000, 0x0000000711200000| Untracked 
| 235|0x0000000711300000, 0x0000000711300000, 0x0000000711400000|  0%| F|  |TAMS 0x0000000711300000, 0x0000000711300000| Untracked 
| 236|0x0000000711400000, 0x0000000711400000, 0x0000000711500000|  0%| F|  |TAMS 0x0000000711400000, 0x0000000711400000| Untracked 
| 237|0x0000000711500000, 0x0000000711500000, 0x0000000711600000|  0%| F|  |TAMS 0x0000000711500000, 0x0000000711500000| Untracked 
| 238|0x0000000711600000, 0x0000000711600000, 0x0000000711700000|  0%| F|  |TAMS 0x0000000711600000, 0x0000000711600000| Untracked 
| 239|0x0000000711700000, 0x0000000711700000, 0x0000000711800000|  0%| F|  |TAMS 0x0000000711700000, 0x0000000711700000| Untracked 
| 240|0x0000000711800000, 0x0000000711800000, 0x0000000711900000|  0%| F|  |TAMS 0x0000000711800000, 0x0000000711800000| Untracked 
| 241|0x0000000711900000, 0x0000000711900000, 0x0000000711a00000|  0%| F|  |TAMS 0x0000000711900000, 0x0000000711900000| Untracked 
| 242|0x0000000711a00000, 0x0000000711a00000, 0x0000000711b00000|  0%| F|  |TAMS 0x0000000711a00000, 0x0000000711a00000| Untracked 
| 243|0x0000000711b00000, 0x0000000711b00000, 0x0000000711c00000|  0%| F|  |TAMS 0x0000000711b00000, 0x0000000711b00000| Untracked 
| 244|0x0000000711c00000, 0x0000000711c00000, 0x0000000711d00000|  0%| F|  |TAMS 0x0000000711c00000, 0x0000000711c00000| Untracked 
| 245|0x0000000711d00000, 0x0000000711d00000, 0x0000000711e00000|  0%| F|  |TAMS 0x0000000711d00000, 0x0000000711d00000| Untracked 
| 246|0x0000000711e00000, 0x0000000711e00000, 0x0000000711f00000|  0%| F|  |TAMS 0x0000000711e00000, 0x0000000711e00000| Untracked 
| 247|0x0000000711f00000, 0x0000000711f00000, 0x0000000712000000|  0%| F|  |TAMS 0x0000000711f00000, 0x0000000711f00000| Untracked 
| 248|0x0000000712000000, 0x0000000712000000, 0x0000000712100000|  0%| F|  |TAMS 0x0000000712000000, 0x0000000712000000| Untracked 
| 249|0x0000000712100000, 0x0000000712100000, 0x0000000712200000|  0%| F|  |TAMS 0x0000000712100000, 0x0000000712100000| Untracked 
| 250|0x0000000712200000, 0x0000000712300000, 0x0000000712300000|100%| E|  |TAMS 0x0000000712200000, 0x0000000712200000| Complete 
| 251|0x0000000712300000, 0x0000000712400000, 0x0000000712400000|100%| E|CS|TAMS 0x0000000712300000, 0x0000000712300000| Complete 
| 252|0x0000000712400000, 0x0000000712500000, 0x0000000712500000|100%| E|CS|TAMS 0x0000000712400000, 0x0000000712400000| Complete 
| 253|0x0000000712500000, 0x0000000712600000, 0x0000000712600000|100%| E|CS|TAMS 0x0000000712500000, 0x0000000712500000| Complete 

Card table byte_map: [0x0000023d7a220000,0x0000023d7aa10000] _byte_map_base: 0x0000023d76a0c000

Marking Bits (Prev, Next): (CMBitMap*) 0x0000023d6f271a00, (CMBitMap*) 0x0000023d6f2719c8
 Prev Bits: [0x0000023d0f000000, 0x0000023d12f60000)
 Next Bits: [0x0000023d7b200000, 0x0000023d7f160000)

Polling page: 0x0000023d6f320000

Metaspace:

Usage:
  Non-class:     35.72 MB capacity,    35.03 MB ( 98%) used,   635.66 KB (  2%) free+waste,    73.06 KB ( <1%) overhead. 
      Class:      4.36 MB capacity,     4.00 MB ( 92%) used,   341.82 KB (  8%) free+waste,    29.56 KB ( <1%) overhead. 
       Both:     40.08 MB capacity,    39.03 MB ( 97%) used,   977.48 KB (  2%) free+waste,   102.63 KB ( <1%) overhead. 

Virtual space:
  Non-class space:       36.00 MB reserved,      35.92 MB (>99%) committed 
      Class space:        1.00 GB reserved,       4.38 MB ( <1%) committed 
             Both:        1.04 GB reserved,      40.30 MB (  4%) committed 

Chunk freelists:
   Non-Class:  1.75 KB
       Class:  1.50 KB
        Both:  3.25 KB

CodeHeap 'non-profiled nmethods': size=120000Kb used=5299Kb max_used=5620Kb free=114700Kb
 bounds [0x0000023d07ad0000, 0x0000023d08060000, 0x0000023d0f000000]
CodeHeap 'profiled nmethods': size=120000Kb used=18624Kb max_used=20662Kb free=101376Kb
 bounds [0x0000023d005a0000, 0x0000023d019e0000, 0x0000023d07ad0000]
CodeHeap 'non-nmethods': size=5760Kb used=1182Kb max_used=1230Kb free=4577Kb
 bounds [0x0000023d00000000, 0x0000023d00270000, 0x0000023d005a0000]
 total_blobs=10792 nmethods=7253 adapters=429
 compilation: enabled
              stopped_count=0, restarted_count=0
 full_count=0

Compilation events (10 events):
Event: 34.991 Thread 0x0000023d7fdbe000 nmethod 8065 0x0000023d005f0a90 code [0x0000023d005f0c60, 0x0000023d005f0ed0]
Event: 35.675 Thread 0x0000023d7fdbe000 8066       3       java.util.concurrent.locks.AbstractQueuedSynchronizer$ConditionObject::doSignal (43 bytes)
Event: 35.676 Thread 0x0000023d7fdbe000 nmethod 8066 0x0000023d005f1c90 code [0x0000023d005f1e60, 0x0000023d005f2230]
Event: 35.857 Thread 0x0000023d7fdbe000 8067       3       java.util.concurrent.locks.AbstractQueuedSynchronizer$Node::setPrevRelaxed (9 bytes)
Event: 35.858 Thread 0x0000023d7fdbe000 nmethod 8067 0x0000023d00618910 code [0x0000023d00618b60, 0x0000023d00619400]
Event: 35.858 Thread 0x0000023d7fdbe000 8068       3       java.util.concurrent.locks.AbstractQueuedSynchronizer::compareAndSetTail (10 bytes)
Event: 35.859 Thread 0x0000023d7fdbe000 nmethod 8068 0x0000023d0061bf10 code [0x0000023d0061c1a0, 0x0000023d0061cd20]
Event: 35.944 Thread 0x0000023d7fdbe000 8069       3       java.util.concurrent.locks.AbstractQueuedSynchronizer::setHead (16 bytes)
Event: 35.945 Thread 0x0000023d7fdbe000 nmethod 8069 0x0000023d005fd790 code [0x0000023d005fd960, 0x0000023d005fdc18]
Event: 37.188 Thread 0x0000023d7fdbb000 8071       4       org.codehaus.plexus.classworlds.realm.Entry::matches (282 bytes)

GC Heap History (10 events):
Event: 9.233 GC heap before
{Heap before GC invocations=4 (full 0):
 garbage-first heap   total 260096K, used 118744K [0x0000000702800000, 0x0000000800000000)
  region size 1024K, 105 young (107520K), 5 survivors (5120K)
 Metaspace       used 31130K, capacity 31873K, committed 31920K, reserved 1077248K
  class space    used 3295K, capacity 3563K, committed 3584K, reserved 1048576K
}
Event: 9.248 GC heap after
{Heap after GC invocations=5 (full 0):
 garbage-first heap   total 260096K, used 25030K [0x0000000702800000, 0x0000000800000000)
  region size 1024K, 13 young (13312K), 13 survivors (13312K)
 Metaspace       used 31130K, capacity 31873K, committed 31920K, reserved 1077248K
  class space    used 3295K, capacity 3563K, committed 3584K, reserved 1048576K
}
Event: 12.182 GC heap before
{Heap before GC invocations=5 (full 0):
 garbage-first heap   total 260096K, used 166342K [0x0000000702800000, 0x0000000800000000)
  region size 1024K, 152 young (155648K), 13 survivors (13312K)
 Metaspace       used 34397K, capacity 35271K, committed 35376K, reserved 1081344K
  class space    used 3603K, capacity 3917K, committed 3968K, reserved 1048576K
}
Event: 12.206 GC heap after
{Heap after GC invocations=6 (full 0):
 garbage-first heap   total 260096K, used 36794K [0x0000000702800000, 0x0000000800000000)
  region size 1024K, 19 young (19456K), 19 survivors (19456K)
 Metaspace       used 34397K, capacity 35271K, committed 35376K, reserved 1081344K
  class space    used 3603K, capacity 3917K, committed 3968K, reserved 1048576K
}
Event: 12.935 GC heap before
{Heap before GC invocations=6 (full 0):
 garbage-first heap   total 260096K, used 92090K [0x0000000702800000, 0x0000000800000000)
  region size 1024K, 74 young (75776K), 19 survivors (19456K)
 Metaspace       used 35016K, capacity 35833K, committed 35888K, reserved 1081344K
  class space    used 3628K, capacity 3925K, committed 3968K, reserved 1048576K
}
Event: 12.993 GC heap after
{Heap after GC invocations=7 (full 0):
 garbage-first heap   total 260096K, used 39869K [0x0000000702800000, 0x0000000800000000)
  region size 1024K, 3 young (3072K), 3 survivors (3072K)
 Metaspace       used 35016K, capacity 35833K, committed 35888K, reserved 1081344K
  class space    used 3628K, capacity 3925K, committed 3968K, reserved 1048576K
}
Event: 14.614 GC heap before
{Heap before GC invocations=8 (full 0):
 garbage-first heap   total 260096K, used 153533K [0x0000000702800000, 0x0000000800000000)
  region size 1024K, 112 young (114688K), 3 survivors (3072K)
 Metaspace       used 36255K, capacity 37204K, committed 37296K, reserved 1083392K
  class space    used 3732K, capacity 4082K, committed 4096K, reserved 1048576K
}
Event: 14.627 GC heap after
{Heap after GC invocations=9 (full 0):
 garbage-first heap   total 260096K, used 46882K [0x0000000702800000, 0x0000000800000000)
  region size 1024K, 9 young (9216K), 9 survivors (9216K)
 Metaspace       used 36255K, capacity 37204K, committed 37296K, reserved 1083392K
  class space    used 3732K, capacity 4082K, committed 4096K, reserved 1048576K
}
Event: 24.867 GC heap before
{Heap before GC invocations=10 (full 0):
 garbage-first heap   total 260096K, used 162594K [0x0000000702800000, 0x0000000800000000)
  region size 1024K, 122 young (124928K), 9 survivors (9216K)
 Metaspace       used 39947K, capacity 40979K, committed 41008K, reserved 1085440K
  class space    used 4095K, capacity 4467K, committed 4480K, reserved 1048576K
}
Event: 24.889 GC heap after
{Heap after GC invocations=11 (full 0):
 garbage-first heap   total 260096K, used 54742K [0x0000000702800000, 0x0000000800000000)
  region size 1024K, 16 young (16384K), 16 survivors (16384K)
 Metaspace       used 39947K, capacity 40979K, committed 41008K, reserved 1085440K
  class space    used 4095K, capacity 4467K, committed 4480K, reserved 1048576K
}

Deoptimization events (10 events):
Event: 16.726 Thread 0x0000023d1c4d1800 Uncommon trap: reason=unstable_if action=reinterpret pc=0x0000023d07dcff90 method=java.util.concurrent.locks.AbstractQueuedSynchronizer.doReleaseShared()V @ 6 c2
Event: 16.781 Thread 0x0000023d18632000 Uncommon trap: reason=unstable_if action=reinterpret pc=0x0000023d07e0747c method=java.util.concurrent.ConcurrentHashMap.addCount(JI)V @ 34 c2
Event: 16.782 Thread 0x0000023d1c4d1800 Uncommon trap: reason=unstable_if action=reinterpret pc=0x0000023d07b179ac method=java.util.concurrent.ConcurrentHashMap.addCount(JI)V @ 7 c2
Event: 16.782 Thread 0x0000023d1be13000 Uncommon trap: reason=unstable_if action=reinterpret pc=0x0000023d07b179ac method=java.util.concurrent.ConcurrentHashMap.addCount(JI)V @ 7 c2
Event: 16.941 Thread 0x0000023d6f20c800 Uncommon trap: reason=class_check action=maybe_recompile pc=0x0000023d07d28e14 method=java.util.Collections$UnmodifiableMap$UnmodifiableEntrySet$1.<init>(Ljava/util/Collections$UnmodifiableMap$UnmodifiableEntrySet;)V @ 17 c2
Event: 19.382 Thread 0x0000023d18007800 Uncommon trap: reason=unstable_if action=reinterpret pc=0x0000023d07d548cc method=java.util.StringTokenizer.nextToken()Ljava/lang/String; @ 5 c2
Event: 21.831 Thread 0x0000023d15f3d000 Uncommon trap: reason=unstable_if action=reinterpret pc=0x0000023d07b2a32c method=java.io.BufferedReader.readLine(Z)Ljava/lang/String; @ 192 c2
Event: 24.131 Thread 0x0000023d15f3d000 Uncommon trap: reason=unstable_if action=reinterpret pc=0x0000023d08037d34 method=java.util.concurrent.locks.ReentrantLock$Sync.nonfairTryAcquire(I)Z @ 34 c2
Event: 24.894 Thread 0x0000023d7fd99800 Uncommon trap: reason=null_check action=make_not_entrant pc=0x0000023d07e24ee0 method=sun.nio.fs.NativeBuffers.getNativeBufferFromCache(I)Lsun/nio/fs/NativeBuffer; @ 6 c2
Event: 24.894 Thread 0x0000023d7fd99800 Uncommon trap: reason=null_check action=make_not_entrant pc=0x0000023d07e06c08 method=sun.nio.fs.NativeBuffers.releaseNativeBuffer(Lsun/nio/fs/NativeBuffer;)V @ 6 c2

Classes redefined (0 events):
No events

Internal exceptions (10 events):
Event: 16.205 Thread 0x0000023d6f20c800 Exception <a 'java/lang/NoSuchMethodError'{0x000000070d25be98}: org.apache.maven.execution.MavenExecutionRequest.getFailureBehavior()Ljava/lang/String;> (0x000000070d25be98) thrown at [t:/workspace/open/src/hotspot/share/interpreter/linkResolver.cpp, line
Event: 16.210 Thread 0x0000023d1bd9d800 Exception <a 'java/lang/NoSuchMethodError'{0x000000070d4c8a30}: java.lang.invoke.DirectMethodHandle$Holder.invokeStaticInit(Ljava/lang/Object;Ljava/lang/Object;JLjava/lang/Object;)Ljava/lang/Object;> (0x000000070d4c8a30) thrown at [t:/workspace/open/src/h
Event: 16.212 Thread 0x0000023d1bd9d800 Exception <a 'java/lang/NoSuchMethodError'{0x000000070d4d4b50}: java.lang.invoke.Invokers$Holder.linkToTargetMethod(Ljava/lang/Object;JLjava/lang/Object;)Ljava/lang/Object;> (0x000000070d4d4b50) thrown at [t:/workspace/open/src/hotspot/share/interpreter/l
Event: 16.658 Thread 0x0000023d6f20c800 Exception <a 'java/lang/NoSuchMethodError'{0x000000070d1802b8}: java.lang.invoke.DirectMethodHandle$Holder.invokeStaticInit(Ljava/lang/Object;Ljava/lang/Object;IIII)Ljava/lang/Object;> (0x000000070d1802b8) thrown at [t:/workspace/open/src/hotspot/share/in
Event: 16.952 Thread 0x0000023d6f20c800 Exception <a 'java/lang/NoSuchMethodError'{0x000000070b92b7b8}: java.lang.invoke.DirectMethodHandle$Holder.invokeStatic(Ljava/lang/Object;J)V> (0x000000070b92b7b8) thrown at [t:/workspace/open/src/hotspot/share/interpreter/linkResolver.cpp, line 772]
Event: 16.953 Thread 0x0000023d6f20c800 Exception <a 'java/lang/NoSuchMethodError'{0x000000070b9309c8}: java.lang.invoke.DirectMethodHandle$Holder.invokeStatic(Ljava/lang/Object;J)Ljava/lang/Object;> (0x000000070b9309c8) thrown at [t:/workspace/open/src/hotspot/share/interpreter/linkResolver.cp
Event: 16.953 Thread 0x0000023d6f20c800 Exception <a 'java/lang/NoSuchMethodError'{0x000000070b933cf0}: java.lang.invoke.DirectMethodHandle$Holder.invokeSpecial(Ljava/lang/Object;Ljava/lang/Object;J)Ljava/lang/Object;> (0x000000070b933cf0) thrown at [t:/workspace/open/src/hotspot/share/interpre
Event: 16.953 Thread 0x0000023d6f20c800 Exception <a 'java/lang/NoSuchMethodError'{0x000000070b936a58}: java.lang.invoke.Invokers$Holder.linkToTargetMethod(JLjava/lang/Object;)Ljava/lang/Object;> (0x000000070b936a58) thrown at [t:/workspace/open/src/hotspot/share/interpreter/linkResolver.cpp, l
Event: 24.893 Thread 0x0000023d7fd99800 Implicit null exception at 0x0000023d07e247c8 to 0x0000023d07e24ed2
Event: 24.894 Thread 0x0000023d7fd99800 Implicit null exception at 0x0000023d07e06a0c to 0x0000023d07e06bf6

Events (10 events):
Event: 37.191 Executing VM operation: RevokeBias
Event: 37.191 Executing VM operation: RevokeBias done
Event: 37.191 Executing VM operation: RevokeBias
Event: 37.191 Executing VM operation: RevokeBias done
Event: 37.191 Executing VM operation: RevokeBias
Event: 37.191 Executing VM operation: RevokeBias done
Event: 37.191 Executing VM operation: RevokeBias
Event: 37.192 Executing VM operation: RevokeBias done
Event: 37.192 Executing VM operation: BulkRevokeBias
Event: 37.193 Executing VM operation: BulkRevokeBias done


Dynamic libraries:
0x00007ff7acb90000 - 0x00007ff7acbd7000 	C:\Java Development Kit\JDK 11\bin\java.exe
0x00007ffce92d0000 - 0x00007ffce94c5000 	C:\WINDOWS\SYSTEM32\ntdll.dll
0x00007ffce7b30000 - 0x00007ffce7bed000 	C:\WINDOWS\System32\KERNEL32.DLL
0x00007ffce6bd0000 - 0x00007ffce6e97000 	C:\WINDOWS\System32\KERNELBASE.dll
0x00007ffce7840000 - 0x00007ffce78ea000 	C:\WINDOWS\System32\ADVAPI32.dll
0x00007ffce9170000 - 0x00007ffce920e000 	C:\WINDOWS\System32\msvcrt.dll
0x00007ffce77a0000 - 0x00007ffce783b000 	C:\WINDOWS\System32\sechost.dll
0x00007ffce7a00000 - 0x00007ffce7b23000 	C:\WINDOWS\System32\RPCRT4.dll
0x00007ffce8210000 - 0x00007ffce83b0000 	C:\WINDOWS\System32\USER32.dll
0x00007ffce6ea0000 - 0x00007ffce6ec2000 	C:\WINDOWS\System32\win32u.dll
0x00007ffce7410000 - 0x00007ffce743a000 	C:\WINDOWS\System32\GDI32.dll
0x00007ffce6fe0000 - 0x00007ffce70ea000 	C:\WINDOWS\System32\gdi32full.dll
0x00007ffce72a0000 - 0x00007ffce733d000 	C:\WINDOWS\System32\msvcp_win.dll
0x00007ffce70f0000 - 0x00007ffce71f0000 	C:\WINDOWS\System32\ucrtbase.dll
0x00007ffcd65d0000 - 0x00007ffcd686a000 	C:\WINDOWS\WinSxS\amd64_microsoft.windows.common-controls_6595b64144ccf1df_6.0.19041.1_none_b555e41d4684ddec\COMCTL32.dll
0x00007ffcdfce0000 - 0x00007ffcdfcea000 	C:\WINDOWS\SYSTEM32\VERSION.dll
0x00007ffce84e0000 - 0x00007ffce8510000 	C:\WINDOWS\System32\IMM32.DLL
0x00007ffce3f70000 - 0x00007ffce3f86000 	C:\Java Development Kit\JDK 11\bin\vcruntime140.dll
0x00007ffcd09f0000 - 0x00007ffcd0a9a000 	C:\Java Development Kit\JDK 11\bin\msvcp140.dll
0x00007ffc7fcf0000 - 0x00007ffc80818000 	C:\Java Development Kit\JDK 11\bin\server\jvm.dll
0x00007ffce8510000 - 0x00007ffce8518000 	C:\WINDOWS\System32\PSAPI.DLL
0x00007ffcd5e60000 - 0x00007ffcd5e69000 	C:\WINDOWS\SYSTEM32\WSOCK32.dll
0x00007ffcdad40000 - 0x00007ffcdad67000 	C:\WINDOWS\SYSTEM32\WINMM.dll
0x00007ffce8640000 - 0x00007ffce86ab000 	C:\WINDOWS\System32\WS2_32.dll
0x00007ffce4960000 - 0x00007ffce4973000 	C:\WINDOWS\SYSTEM32\kernel.appcore.dll
0x00007ffce2090000 - 0x00007ffce20a1000 	C:\Java Development Kit\JDK 11\bin\verify.dll
0x0000000053bd0000 - 0x0000000053d66000 	C:\Program Files\Microsoft SQL Server\120\Shared\DBGHELP.DLL
0x00007ffce0b20000 - 0x00007ffce0b49000 	C:\Java Development Kit\JDK 11\bin\java.dll
0x00007ffcdea20000 - 0x00007ffcdea36000 	C:\Java Development Kit\JDK 11\bin\zip.dll
0x00007ffce2100000 - 0x00007ffce210a000 	C:\Java Development Kit\JDK 11\bin\jimage.dll
0x00007ffce89a0000 - 0x00007ffce90e0000 	C:\WINDOWS\System32\SHELL32.dll
0x00007ffce4b60000 - 0x00007ffce52f1000 	C:\WINDOWS\SYSTEM32\windows.storage.dll
0x00007ffce7440000 - 0x00007ffce7793000 	C:\WINDOWS\System32\combase.dll
0x00007ffce63d0000 - 0x00007ffce63fc000 	C:\WINDOWS\SYSTEM32\Wldp.dll
0x00007ffce83c0000 - 0x00007ffce846e000 	C:\WINDOWS\System32\SHCORE.dll
0x00007ffce78f0000 - 0x00007ffce7945000 	C:\WINDOWS\System32\shlwapi.dll
0x00007ffce6960000 - 0x00007ffce697f000 	C:\WINDOWS\SYSTEM32\profapi.dll
0x00007ffcde9a0000 - 0x00007ffcde9b9000 	C:\Java Development Kit\JDK 11\bin\net.dll
0x00007ffce09d0000 - 0x00007ffce0ad0000 	C:\WINDOWS\SYSTEM32\WINHTTP.dll
0x00007ffce6100000 - 0x00007ffce616a000 	C:\WINDOWS\system32\mswsock.dll
0x00007ffcde890000 - 0x00007ffcde8a3000 	C:\Java Development Kit\JDK 11\bin\nio.dll
0x00007ffce3fe0000 - 0x00007ffce3fea000 	C:\Apache Maven\apache-maven-3.6.2\lib\jansi-native\windows64\jansi.dll
0x00007ffce62a0000 - 0x00007ffce62b8000 	C:\WINDOWS\SYSTEM32\CRYPTSP.dll
0x00007ffce5aa0000 - 0x00007ffce5ad4000 	C:\WINDOWS\system32\rsaenh.dll
0x00007ffce6ed0000 - 0x00007ffce6ef7000 	C:\WINDOWS\System32\bcrypt.dll
0x00007ffce68d0000 - 0x00007ffce68fe000 	C:\WINDOWS\SYSTEM32\USERENV.dll
0x00007ffce6f60000 - 0x00007ffce6fdf000 	C:\WINDOWS\System32\bcryptprimitives.dll
0x00007ffce62c0000 - 0x00007ffce62cc000 	C:\WINDOWS\SYSTEM32\CRYPTBASE.dll
0x00007ffce5e00000 - 0x00007ffce5e3b000 	C:\WINDOWS\SYSTEM32\IPHLPAPI.DLL
0x00007ffce83b0000 - 0x00007ffce83b9000 	C:\WINDOWS\System32\NSI.dll
0x00007ffcdffe0000 - 0x00007ffcdfff7000 	C:\WINDOWS\SYSTEM32\dhcpcsvc6.DLL
0x00007ffcdf920000 - 0x00007ffcdf93d000 	C:\WINDOWS\SYSTEM32\dhcpcsvc.DLL
0x00007ffce5e40000 - 0x00007ffce5f0a000 	C:\WINDOWS\SYSTEM32\DNSAPI.dll

dbghelp: loaded successfully - version: 4.0.5 - missing functions: none
symbol engine: initialized successfully - sym options: 0x614 - pdb path: .;C:\Java Development Kit\JDK 11\bin;C:\WINDOWS\SYSTEM32;C:\WINDOWS\WinSxS\amd64_microsoft.windows.common-controls_6595b64144ccf1df_6.0.19041.1_none_b555e41d4684ddec;C:\Java Development Kit\JDK 11\bin\server;C:\Program Files\Microsoft SQL Server\120\Shared;C:\Apache Maven\apache-maven-3.6.2\lib\jansi-native\windows64

VM Arguments:
jvm_args: -Dclassworlds.conf=C:\Apache Maven\apache-maven-3.6.2\bin\..\bin\m2.conf -Dmaven.home=C:\Apache Maven\apache-maven-3.6.2\bin\.. -Dlibrary.jansi.path=C:\Apache Maven\apache-maven-3.6.2\bin\..\lib\jansi-native -Dmaven.multiModuleProjectDirectory=D:\Cybersoft Academy\Java Backend\Java\Spring Framework\E-Learning\Backend\IntelliJ IDEA\e-learning 
java_command: org.codehaus.plexus.classworlds.launcher.Launcher clean package
java_class_path (initial): C:\Apache Maven\apache-maven-3.6.2\bin\..\boot\plexus-classworlds-2.6.0.jar
Launcher Type: SUN_STANDARD

[Global flags]
     intx CICompilerCount                          = 4                                         {product} {ergonomic}
     uint ConcGCThreads                            = 2                                         {product} {ergonomic}
     uint G1ConcRefinementThreads                  = 8                                         {product} {ergonomic}
   size_t G1HeapRegionSize                         = 1048576                                   {product} {ergonomic}
    uintx GCDrainStackTargetSize                   = 64                                        {product} {ergonomic}
   size_t InitialHeapSize                          = 266338304                                 {product} {ergonomic}
   size_t MarkStackSize                            = 4194304                                   {product} {ergonomic}
   size_t MaxHeapSize                              = 4253024256                                {product} {ergonomic}
   size_t MaxNewSize                               = 2551185408                                {product} {ergonomic}
   size_t MinHeapDeltaBytes                        = 1048576                                   {product} {ergonomic}
    uintx NonNMethodCodeHeapSize                   = 5836300                                {pd product} {ergonomic}
    uintx NonProfiledCodeHeapSize                  = 122910970                              {pd product} {ergonomic}
    uintx ProfiledCodeHeapSize                     = 122910970                              {pd product} {ergonomic}
    uintx ReservedCodeCacheSize                    = 251658240                              {pd product} {ergonomic}
     bool SegmentedCodeCache                       = true                                      {product} {ergonomic}
     bool UseCompressedClassPointers               = true                                 {lp64_product} {ergonomic}
     bool UseCompressedOops                        = true                                 {lp64_product} {ergonomic}
     bool UseG1GC                                  = true                                      {product} {ergonomic}
     bool UseLargePagesIndividualAllocation        = false                                  {pd product} {ergonomic}

Logging:
Log output configuration:
 #0: stdout all=warning uptime,level,tags
 #1: stderr all=off uptime,level,tags

Environment Variables:
JAVA_HOME=C:\Java Development Kit\JDK 11
PATH=C:\app\Hieu\product\18.0.0\dbhomeXE\bin;C:\Python\Python 3;C:\Python\Python 3\Scripts;C:\Python27\;C:\Python27\Scripts;C:\WINDOWS;C:\WINDOWS\System32\Wbem;C:\WINDOWS\System32\WindowsPowerShell\v1.0\;C:\WINDOWS\System32\OpenSSH\;c:\Program Files (x86)\Microsoft SQL Server\110\DTS\Binn\;C:\Program Files\Git\cmd;C:\Go\bin;C:\Program Files\dotnet\;C:\Program Files\Microsoft SQL Server\130\Tools\Binn\;C:\Program Files\Microsoft SQL Server\Client SDK\ODBC\170\Tools\Binn\;C:\Program Files\Microsoft SQL Server\120\Tools\Binn\;C:\Java Development Kit\JDK 11\bin;C:\Apache Maven\apache-maven-3.6.2\bin;C:\Program Files\Microsoft\Web Platform Installer\;C:\Program Files (x86)\Microsoft SQL Server\120\DTS\Binn\;C:\Program Files (x86)\Microsoft SQL Server\130\DTS\Binn\;C:\Program Files (x86)\Microsoft SQL Server\140\DTS\Binn\;C:\Program Files\Microsoft DNX\Dnvm\;c:\Program Files (x86)\Microsoft SQL Server\100\Tools\Binn\;c:\Program Files\Microsoft SQL Server\100\Tools\Binn\;c:\Program Files\Microsoft SQL Server\100\DTS\Binn\;c:\Program Files (x86)\Microsoft SQL Server\100\Tools\Binn\VSShell\Common7\IDE\;c:\Program Files (x86)\Microsoft Visual Studio 9.0\Common7\IDE\PrivateAssemblies\;c:\Program Files (x86)\Microsoft SQL Server\100\DTS\Binn\;c:\Program Files\Microsoft SQL Server\110\Tools\Binn\;c:\Program Files (x86)\Microsoft SQL Server\110\Tools\Binn\;c:\Program Files\Microsoft SQL Server\110\DTS\Binn\;c:\Program Files (x86)\Microsoft SQL Server\110\Tools\Binn\ManagementStudio\;c:\Program Files (x86)\Microsoft Visual Studio 10.0\Common7\IDE\PrivateAssemblies\;C:\Groovy\groovy-2.5.8\bin;C:\Gradle\gradle-6.4.1\bin;C:\Spring Boot CLI\spring-2.2.4.RELEASE\bin;C:\sqlite3;C:\ProgramData\chocolatey\bin;C:\Java Development Kit\JDK 8\bin;C:\WINDOWS\System32;C:\aspectj1.9\bin;C:\Oracle Glassfish\glassfish5\glassfish\bin;C:\Apache Derby\db-derby-10.8.1.2-bin\bin;C:\Users\Hieu\.jpm\windows\bin;C:\Program Files (x86)\Brackets\command;C:\Program Files\nodejs\;C:\Program Files\Docker\Docker\r
USERNAME=Hieu
OS=Windows_NT
PROCESSOR_IDENTIFIER=Intel64 Family 6 Model 142 Stepping 10, GenuineIntel



---------------  S Y S T E M  ---------------

OS: Windows 10 , 64 bit Build 19041 (10.0.19041.292)

CPU:total 8 (initial active 8) (4 cores per cpu, 2 threads per core) family 6 model 142 stepping 10, cmov, cx8, fxsr, mmx, sse, sse2, sse3, ssse3, sse4.1, sse4.2, popcnt, avx, avx2, aes, clmul, erms, 3dnowpref, lzcnt, ht, tsc, tscinvbit, bmi1, bmi2, adx, fma

Memory: 4k page, system-wide physical 16217M (350M free)
TotalPageFile size 28531M (AvailPageFile size 32M)
current process WorkingSet (physical memory assigned to process): 344M, peak: 394M
current process commit charge ("private bytes"): 427M, peak: 479M

vm_info: Java HotSpot(TM) 64-Bit Server VM (11.0.5+10-LTS) for windows-amd64 JRE (11.0.5+10-LTS), built on Oct  6 2019 12:37:14 by "mach5one" with MS VC++ 15.5 (VS2017)

END.
