#
# There is insufficient memory for the Java Runtime Environment to continue.
# Native memory allocation (mmap) failed to map 53477376 bytes for Failed to commit area from 0x0000000712600000 to 0x0000000715900000 of length 53477376.
# Possible reasons:
#   The system is out of physical RAM or swap space
#   The process is running with CompressedOops enabled, and the Java Heap may be blocking the growth of the native heap
# Possible solutions:
#   Reduce memory load on the system
#   Increase physical memory or swap space
#   Check if swap backing store is full
#   Decrease Java heap size (-Xmx/-Xms)
#   Decrease number of Java threads
#   Decrease Java thread stack sizes (-Xss)
#   Set larger code cache with -XX:ReservedCodeCacheSize=
#   JVM is running with Zero Based Compressed Oops mode in which the Java heap is
#     placed in the first 32GB address space. The Java Heap base address is the
#     maximum limit for the native heap growth. Please use -XX:HeapBaseMinAddress
#     to set the Java Heap base and to place the Java Heap above 32GB virtual address.
# This output file may be truncated or incomplete.
#
#  Out of Memory Error (t:/workspace/open/src/hotspot/os/windows/os_windows.cpp:3274), pid=31100, tid=5744
#
# JRE version: Java(TM) SE Runtime Environment (11.0.5+10) (build 11.0.5+10-LTS)
# Java VM: Java HotSpot(TM) 64-Bit Server VM (11.0.5+10-LTS, mixed mode, tiered, compressed oops, g1 gc, windows-amd64)
# No core dump will be written. Minidumps are not enabled by default on client versions of Windows
#

---------------  S U M M A R Y ------------

Command Line: -XX:TieredStopAtLevel=1 -Xverify:none -Dspring.output.ansi.enabled=always -Dcom.sun.management.jmxremote -Dspring.jmx.enabled=true -Dspring.liveBeansView.mbeanDomain -Dspring.application.admin.enabled=true -javaagent:C:\Users\Hieu\AppData\Local\JetBrains\Toolbox\apps\IDEA-U\ch-0\202.6397.94\lib\idea_rt.jar=52973:C:\Users\Hieu\AppData\Local\JetBrains\Toolbox\apps\IDEA-U\ch-0\202.6397.94\bin -Dfile.encoding=UTF-8 edu.cybersoft.elearning.ELearningApplication

Host: Intel(R) Core(TM) i7-8550U CPU @ 1.80GHz, 8 cores, 15G,  Windows 10 , 64 bit Build 19041 (10.0.19041.292)
Time: Fri Aug 21 22:19:23 2020 SE Asia Standard Time elapsed time: 7 seconds (0d 0h 0m 7s)

---------------  T H R E A D  ---------------

Current thread (0x00000265dd0c6000):  VMThread "VM Thread" [stack: 0x00000069a8600000,0x00000069a8700000] [id=5744]

Stack: [0x00000069a8600000,0x00000069a8700000]
[error occurred during error reporting (printing stack bounds), id 0xc0000005, EXCEPTION_ACCESS_VIOLATION (0xc0000005) at pc=0x00000265c1380bad]

Native frames: (J=compiled Java code, j=interpreted, Vv=VM code, C=native code)
V  [jvm.dll+0x63611a]
V  [jvm.dll+0x77426f]
V  [jvm.dll+0x77591a]
V  [jvm.dll+0x775f35]
V  [jvm.dll+0x775eeb]
V  [jvm.dll+0x635826]
V  [jvm.dll+0x635be8]
C  [ntdll.dll+0xa111f]

VM_Operation (0x00000069a99fc3d0): CollectForMetadataAllocation, mode: safepoint, requested by thread 0x00000265de606000


---------------  P R O C E S S  ---------------

Threads class SMR info:
_java_thread_list=0x00000265e1fba000, length=39, elements={
0x00000265b7679800, 0x00000265dd0eb800, 0x00000265dd0fb000, 0x00000265dda72800,
0x00000265dda73800, 0x00000265dd108000, 0x00000265dd110800, 0x00000265dd082000,
0x00000265ddf18000, 0x00000265ddf1a800, 0x00000265de122800, 0x00000265de602800,
0x00000265de606000, 0x00000265de5f0800, 0x00000265de230800, 0x00000265df2ac000,
0x00000265df3b1000, 0x00000265df9a4800, 0x00000265df9a8000, 0x00000265df9a7000,
0x00000265df9a4000, 0x00000265df9a5800, 0x00000265df9a2000, 0x00000265df9a3000,
0x00000265df9a8800, 0x00000265df9a6000, 0x00000265e1fd3800, 0x00000265e1fce800,
0x00000265e1fd4800, 0x00000265e1fd5000, 0x00000265e1fcf800, 0x00000265e1fd3000,
0x00000265e1fd6000, 0x00000265e1fd0800, 0x00000265e1fd7000, 0x00000265e1fd1000,
0x00000265e1fd7800, 0x00000265e1fd2000, 0x00000265e1fd9800
}

Java Threads: ( => current thread )
  0x00000265b7679800 JavaThread "main" [_thread_blocked, id=28376, stack(0x00000069a8000000,0x00000069a8100000)]
  0x00000265dd0eb800 JavaThread "Reference Handler" daemon [_thread_blocked, id=19212, stack(0x00000069a8700000,0x00000069a8800000)]
  0x00000265dd0fb000 JavaThread "Finalizer" daemon [_thread_blocked, id=10960, stack(0x00000069a8800000,0x00000069a8900000)]
  0x00000265dda72800 JavaThread "Signal Dispatcher" daemon [_thread_blocked, id=17564, stack(0x00000069a8900000,0x00000069a8a00000)]
  0x00000265dda73800 JavaThread "Attach Listener" daemon [_thread_blocked, id=12576, stack(0x00000069a8a00000,0x00000069a8b00000)]
  0x00000265dd108000 JavaThread "C1 CompilerThread0" daemon [_thread_blocked, id=7596, stack(0x00000069a8b00000,0x00000069a8c00000)]
  0x00000265dd110800 JavaThread "Sweeper thread" daemon [_thread_blocked, id=30796, stack(0x00000069a8c00000,0x00000069a8d00000)]
  0x00000265dd082000 JavaThread "Common-Cleaner" daemon [_thread_blocked, id=31844, stack(0x00000069a8d00000,0x00000069a8e00000)]
  0x00000265ddf18000 JavaThread "Monitor Ctrl-Break" daemon [_thread_in_native, id=31112, stack(0x00000069a8e00000,0x00000069a8f00000)]
  0x00000265ddf1a800 JavaThread "Service Thread" daemon [_thread_blocked, id=6536, stack(0x00000069a8f00000,0x00000069a9000000)]
  0x00000265de122800 JavaThread "RMI TCP Accept-0" daemon [_thread_in_native, id=29632, stack(0x00000069a9000000,0x00000069a9100000)]
  0x00000265de602800 JavaThread "Thread-0" [_thread_blocked, id=30896, stack(0x00000069a9800000,0x00000069a9900000)]
  0x00000265de606000 JavaThread "restartedMain" [_thread_blocked, id=25568, stack(0x00000069a9900000,0x00000069a9a00000)]
  0x00000265de5f0800 JavaThread "RMI TCP Connection(1)-172.28.192.1" daemon [_thread_in_native, id=11564, stack(0x00000069a9a00000,0x00000069a9b00000)]
  0x00000265de230800 JavaThread "RMI Scheduler(0)" daemon [_thread_blocked, id=11996, stack(0x00000069a9b00000,0x00000069a9c00000)]
  0x00000265df2ac000 JavaThread "Java2D Disposer" daemon [_thread_blocked, id=22356, stack(0x00000069aa000000,0x00000069aa100000)]
  0x00000265df3b1000 JavaThread "AWT-Windows" daemon [_thread_in_native, id=32428, stack(0x00000069aa200000,0x00000069aa300000)]
  0x00000265df9a4800 JavaThread "HikariPool-1 housekeeper" daemon [_thread_blocked, id=31124, stack(0x00000069a9c00000,0x00000069a9d00000)]
  0x00000265df9a8000 JavaThread "Catalina-utility-1" [_thread_blocked, id=28648, stack(0x00000069aa100000,0x00000069aa200000)]
  0x00000265df9a7000 JavaThread "Catalina-utility-2" [_thread_blocked, id=24380, stack(0x00000069aa300000,0x00000069aa400000)]
  0x00000265df9a4000 JavaThread "container-0" [_thread_blocked, id=21624, stack(0x00000069aa400000,0x00000069aa500000)]
  0x00000265df9a5800 JavaThread "HikariPool-1 connection adder" daemon [_thread_blocked, id=28044, stack(0x00000069aa500000,0x00000069aa600000)]
  0x00000265df9a2000 JavaThread "task-1" [_thread_blocked, id=27024, stack(0x00000069aa600000,0x00000069aa700000)]
  0x00000265df9a3000 JavaThread "File Watcher" daemon [_thread_blocked, id=4976, stack(0x00000069aa700000,0x00000069aa800000)]
  0x00000265df9a8800 JavaThread "Live Reload Server" daemon [_thread_in_native, id=30168, stack(0x00000069aa900000,0x00000069aaa00000)]
  0x00000265df9a6000 JavaThread "http-nio-8080-BlockPoller" daemon [_thread_in_native, id=13964, stack(0x00000069aa800000,0x00000069aa900000)]
  0x00000265e1fd3800 JavaThread "http-nio-8080-exec-1" daemon [_thread_blocked, id=28060, stack(0x00000069aaa00000,0x00000069aab00000)]
  0x00000265e1fce800 JavaThread "http-nio-8080-exec-2" daemon [_thread_blocked, id=31980, stack(0x00000069aab00000,0x00000069aac00000)]
  0x00000265e1fd4800 JavaThread "http-nio-8080-exec-3" daemon [_thread_blocked, id=24440, stack(0x00000069aac00000,0x00000069aad00000)]
  0x00000265e1fd5000 JavaThread "http-nio-8080-exec-4" daemon [_thread_blocked, id=1080, stack(0x00000069aad00000,0x00000069aae00000)]
  0x00000265e1fcf800 JavaThread "http-nio-8080-exec-5" daemon [_thread_blocked, id=31944, stack(0x00000069aae00000,0x00000069aaf00000)]
  0x00000265e1fd3000 JavaThread "http-nio-8080-exec-6" daemon [_thread_blocked, id=31988, stack(0x00000069aaf00000,0x00000069ab000000)]
  0x00000265e1fd6000 JavaThread "http-nio-8080-exec-7" daemon [_thread_blocked, id=7040, stack(0x00000069ab000000,0x00000069ab100000)]
  0x00000265e1fd0800 JavaThread "http-nio-8080-exec-8" daemon [_thread_blocked, id=20456, stack(0x00000069ab100000,0x00000069ab200000)]
  0x00000265e1fd7000 JavaThread "http-nio-8080-exec-9" daemon [_thread_blocked, id=24104, stack(0x00000069ab200000,0x00000069ab300000)]
  0x00000265e1fd1000 JavaThread "http-nio-8080-exec-10" daemon [_thread_blocked, id=28108, stack(0x00000069ab300000,0x00000069ab400000)]
  0x00000265e1fd7800 JavaThread "http-nio-8080-ClientPoller" daemon [_thread_in_native, id=29928, stack(0x00000069ab400000,0x00000069ab500000)]
  0x00000265e1fd2000 JavaThread "http-nio-8080-Acceptor" daemon [_thread_in_native, id=28856, stack(0x00000069ab500000,0x00000069ab600000)]
  0x00000265e1fd9800 JavaThread "task-2" [_thread_blocked, id=27264, stack(0x00000069ab600000,0x00000069ab700000)]

Other Threads:
=>0x00000265dd0c6000 VMThread "VM Thread" [stack: 0x00000069a8600000,0x00000069a8700000] [id=5744]
  0x00000265de120000 WatcherThread [stack: 0x00000069a9100000,0x00000069a9200000] [id=33304]
  0x00000265b7696800 GCTaskThread "GC Thread#0" [stack: 0x00000069a8100000,0x00000069a8200000] [id=17176]
  0x00000265de11f000 GCTaskThread "GC Thread#1" [stack: 0x00000069a9200000,0x00000069a9300000] [id=27084]
  0x00000265de11c000 GCTaskThread "GC Thread#2" [stack: 0x00000069a9300000,0x00000069a9400000] [id=27460]
  0x00000265de213800 GCTaskThread "GC Thread#3" [stack: 0x00000069a9400000,0x00000069a9500000] [id=29368]
  0x00000265de3d9000 GCTaskThread "GC Thread#4" [stack: 0x00000069a9500000,0x00000069a9600000] [id=29900]
  0x00000265de5b2800 GCTaskThread "GC Thread#5" [stack: 0x00000069a9600000,0x00000069a9700000] [id=25016]
  0x00000265df2b8000 GCTaskThread "GC Thread#6" [stack: 0x00000069a9d00000,0x00000069a9e00000] [id=7740]
  0x00000265df2b8800 GCTaskThread "GC Thread#7" [stack: 0x00000069a9e00000,0x00000069a9f00000] [id=28052]
  0x00000265b76f4000 ConcurrentGCThread "G1 Main Marker" [stack: 0x00000069a8200000,0x00000069a8300000] [id=31804]
  0x00000265b76f5800 ConcurrentGCThread "G1 Conc#0" [stack: 0x00000069a8300000,0x00000069a8400000] [id=27208]
  0x00000265df0f2800 ConcurrentGCThread "G1 Conc#1" [stack: 0x00000069a9f00000,0x00000069aa000000] [id=23408]
  0x00000265dcf22000 ConcurrentGCThread "G1 Refine#0" [stack: 0x00000069a8400000,0x00000069a8500000] [id=32260]
  0x00000265dde2c800 ConcurrentGCThread "G1 Refine#1" [stack: 0x00000069a9700000,0x00000069a9800000] [id=22880]
  0x00000265dcf23000 ConcurrentGCThread "G1 Young RemSet Sampling" [stack: 0x00000069a8500000,0x00000069a8600000] [id=25080]

Threads with active compile tasks:
C1 CompilerThread05036       1       org.springframework.boot.autoconfigure.condition.ConditionEvaluationReport$ConditionAndOutcomes::iterator (13 bytes)

VM state:at safepoint (normal execution)

VM Mutex/Monitor currently owned by a thread:  ([mutex/lock_event])
[0x00000265b7678c80] Threads_lock - owner thread: 0x00000265dd0c6000
[0x00000265b76782f0] Heap_lock - owner thread: 0x00000265de606000

Heap address: 0x0000000702800000, size: 4056 MB, Compressed Oops mode: Zero based, Oop shift amount: 3
Narrow klass base: 0x0000000800000000, Narrow klass shift: 0
Compressed class space size: 1073741824 Address: 0x0000000800000000

Heap:
 garbage-first heap   total 312320K, used 23276K [0x0000000702800000, 0x0000000800000000)
  region size 1024K, 15 young (15360K), 15 survivors (15360K)
 Metaspace       used 58702K, capacity 60433K, committed 60508K, reserved 1101824K
  class space    used 7482K, capacity 8163K, committed 8192K, reserved 1048576K
Heap Regions: E=young(eden), S=young(survivor), O=old, HS=humongous(starts), HC=humongous(continues), CS=collection set, F=free, A=archive, TAMS=top-at-mark-start (previous, next)
|   0|0x0000000702800000, 0x0000000702900000, 0x0000000702900000|100%|HS|  |TAMS 0x0000000702900000, 0x0000000702900000| Complete 
|   1|0x0000000702900000, 0x0000000702a00000, 0x0000000702a00000|100%| O|  |TAMS 0x0000000702a00000, 0x0000000702a00000| Untracked 
|   2|0x0000000702a00000, 0x0000000702b00000, 0x0000000702b00000|100%| O|  |TAMS 0x0000000702b00000, 0x0000000702b00000| Untracked 
|   3|0x0000000702b00000, 0x0000000702c00000, 0x0000000702c00000|100%| O|  |TAMS 0x0000000702c00000, 0x0000000702c00000| Untracked 
|   4|0x0000000702c00000, 0x0000000702d00000, 0x0000000702d00000|100%| O|  |TAMS 0x0000000702c23200, 0x0000000702d00000| Untracked 
|   5|0x0000000702d00000, 0x0000000702e00000, 0x0000000702e00000|100%| O|  |TAMS 0x0000000702d00000, 0x0000000702e00000| Untracked 
|   6|0x0000000702e00000, 0x0000000702f00000, 0x0000000702f00000|100%| O|  |TAMS 0x0000000702e00000, 0x0000000702f00000| Untracked 
|   7|0x0000000702f00000, 0x0000000703000000, 0x0000000703000000|100%| O|  |TAMS 0x0000000702f00000, 0x0000000703000000| Untracked 
|   8|0x0000000703000000, 0x0000000703078c00, 0x0000000703100000| 47%| O|  |TAMS 0x0000000703000000, 0x0000000703078c00| Untracked 
|   9|0x0000000703100000, 0x0000000703100000, 0x0000000703200000|  0%| F|  |TAMS 0x0000000703100000, 0x0000000703100000| Untracked 
|  10|0x0000000703200000, 0x0000000703200000, 0x0000000703300000|  0%| F|  |TAMS 0x0000000703200000, 0x0000000703200000| Untracked 
|  11|0x0000000703300000, 0x0000000703300000, 0x0000000703400000|  0%| F|  |TAMS 0x0000000703300000, 0x0000000703300000| Untracked 
|  12|0x0000000703400000, 0x0000000703400000, 0x0000000703500000|  0%| F|  |TAMS 0x0000000703400000, 0x0000000703400000| Untracked 
|  13|0x0000000703500000, 0x0000000703500000, 0x0000000703600000|  0%| F|  |TAMS 0x0000000703500000, 0x0000000703500000| Untracked 
|  14|0x0000000703600000, 0x0000000703600000, 0x0000000703700000|  0%| F|  |TAMS 0x0000000703600000, 0x0000000703600000| Untracked 
|  15|0x0000000703700000, 0x0000000703700000, 0x0000000703800000|  0%| F|  |TAMS 0x0000000703700000, 0x0000000703700000| Untracked 
|  16|0x0000000703800000, 0x0000000703800000, 0x0000000703900000|  0%| F|  |TAMS 0x0000000703800000, 0x0000000703800000| Untracked 
|  17|0x0000000703900000, 0x0000000703900000, 0x0000000703a00000|  0%| F|  |TAMS 0x0000000703900000, 0x0000000703900000| Untracked 
|  18|0x0000000703a00000, 0x0000000703a00000, 0x0000000703b00000|  0%| F|  |TAMS 0x0000000703a00000, 0x0000000703a00000| Untracked 
|  19|0x0000000703b00000, 0x0000000703b00000, 0x0000000703c00000|  0%| F|  |TAMS 0x0000000703b00000, 0x0000000703b00000| Untracked 
|  20|0x0000000703c00000, 0x0000000703c00000, 0x0000000703d00000|  0%| F|  |TAMS 0x0000000703c00000, 0x0000000703c00000| Untracked 
|  21|0x0000000703d00000, 0x0000000703d00000, 0x0000000703e00000|  0%| F|  |TAMS 0x0000000703d00000, 0x0000000703d00000| Untracked 
|  22|0x0000000703e00000, 0x0000000703e00000, 0x0000000703f00000|  0%| F|  |TAMS 0x0000000703e00000, 0x0000000703e00000| Untracked 
|  23|0x0000000703f00000, 0x0000000703f00000, 0x0000000704000000|  0%| F|  |TAMS 0x0000000703f00000, 0x0000000703f00000| Untracked 
|  24|0x0000000704000000, 0x0000000704000000, 0x0000000704100000|  0%| F|  |TAMS 0x0000000704000000, 0x0000000704000000| Untracked 
|  25|0x0000000704100000, 0x0000000704100000, 0x0000000704200000|  0%| F|  |TAMS 0x0000000704100000, 0x0000000704100000| Untracked 
|  26|0x0000000704200000, 0x0000000704200000, 0x0000000704300000|  0%| F|  |TAMS 0x0000000704200000, 0x0000000704200000| Untracked 
|  27|0x0000000704300000, 0x0000000704300000, 0x0000000704400000|  0%| F|  |TAMS 0x0000000704300000, 0x0000000704300000| Untracked 
|  28|0x0000000704400000, 0x0000000704400000, 0x0000000704500000|  0%| F|  |TAMS 0x0000000704400000, 0x0000000704400000| Untracked 
|  29|0x0000000704500000, 0x0000000704500000, 0x0000000704600000|  0%| F|  |TAMS 0x0000000704500000, 0x0000000704500000| Untracked 
|  30|0x0000000704600000, 0x0000000704600000, 0x0000000704700000|  0%| F|  |TAMS 0x0000000704600000, 0x0000000704600000| Untracked 
|  31|0x0000000704700000, 0x0000000704700000, 0x0000000704800000|  0%| F|  |TAMS 0x0000000704700000, 0x0000000704700000| Untracked 
|  32|0x0000000704800000, 0x0000000704800000, 0x0000000704900000|  0%| F|  |TAMS 0x0000000704800000, 0x0000000704800000| Untracked 
|  33|0x0000000704900000, 0x0000000704900000, 0x0000000704a00000|  0%| F|  |TAMS 0x0000000704900000, 0x0000000704900000| Untracked 
|  34|0x0000000704a00000, 0x0000000704a00000, 0x0000000704b00000|  0%| F|  |TAMS 0x0000000704a00000, 0x0000000704a00000| Untracked 
|  35|0x0000000704b00000, 0x0000000704b00000, 0x0000000704c00000|  0%| F|  |TAMS 0x0000000704b00000, 0x0000000704b00000| Untracked 
|  36|0x0000000704c00000, 0x0000000704c00000, 0x0000000704d00000|  0%| F|  |TAMS 0x0000000704c00000, 0x0000000704c00000| Untracked 
|  37|0x0000000704d00000, 0x0000000704d00000, 0x0000000704e00000|  0%| F|  |TAMS 0x0000000704d00000, 0x0000000704d00000| Untracked 
|  38|0x0000000704e00000, 0x0000000704e00000, 0x0000000704f00000|  0%| F|  |TAMS 0x0000000704e00000, 0x0000000704e00000| Untracked 
|  39|0x0000000704f00000, 0x0000000704f00000, 0x0000000705000000|  0%| F|  |TAMS 0x0000000704f00000, 0x0000000704f00000| Untracked 
|  40|0x0000000705000000, 0x0000000705000000, 0x0000000705100000|  0%| F|  |TAMS 0x0000000705000000, 0x0000000705000000| Untracked 
|  41|0x0000000705100000, 0x0000000705100000, 0x0000000705200000|  0%| F|  |TAMS 0x0000000705100000, 0x0000000705100000| Untracked 
|  42|0x0000000705200000, 0x0000000705200000, 0x0000000705300000|  0%| F|  |TAMS 0x0000000705200000, 0x0000000705200000| Untracked 
|  43|0x0000000705300000, 0x0000000705300000, 0x0000000705400000|  0%| F|  |TAMS 0x0000000705300000, 0x0000000705300000| Untracked 
|  44|0x0000000705400000, 0x0000000705400000, 0x0000000705500000|  0%| F|  |TAMS 0x0000000705400000, 0x0000000705400000| Untracked 
|  45|0x0000000705500000, 0x0000000705500000, 0x0000000705600000|  0%| F|  |TAMS 0x0000000705500000, 0x0000000705500000| Untracked 
|  46|0x0000000705600000, 0x0000000705600000, 0x0000000705700000|  0%| F|  |TAMS 0x0000000705600000, 0x0000000705600000| Untracked 
|  47|0x0000000705700000, 0x0000000705700000, 0x0000000705800000|  0%| F|  |TAMS 0x0000000705700000, 0x0000000705700000| Untracked 
|  48|0x0000000705800000, 0x0000000705800000, 0x0000000705900000|  0%| F|  |TAMS 0x0000000705800000, 0x0000000705800000| Untracked 
|  49|0x0000000705900000, 0x0000000705900000, 0x0000000705a00000|  0%| F|  |TAMS 0x0000000705900000, 0x0000000705900000| Untracked 
|  50|0x0000000705a00000, 0x0000000705a00000, 0x0000000705b00000|  0%| F|  |TAMS 0x0000000705a00000, 0x0000000705a00000| Untracked 
|  51|0x0000000705b00000, 0x0000000705b00000, 0x0000000705c00000|  0%| F|  |TAMS 0x0000000705b00000, 0x0000000705b00000| Untracked 
|  52|0x0000000705c00000, 0x0000000705c00000, 0x0000000705d00000|  0%| F|  |TAMS 0x0000000705c00000, 0x0000000705c00000| Untracked 
|  53|0x0000000705d00000, 0x0000000705d00000, 0x0000000705e00000|  0%| F|  |TAMS 0x0000000705d00000, 0x0000000705d00000| Untracked 
|  54|0x0000000705e00000, 0x0000000705e00000, 0x0000000705f00000|  0%| F|  |TAMS 0x0000000705e00000, 0x0000000705e00000| Untracked 
|  55|0x0000000705f00000, 0x0000000705f00000, 0x0000000706000000|  0%| F|  |TAMS 0x0000000705f00000, 0x0000000705f00000| Untracked 
|  56|0x0000000706000000, 0x0000000706000000, 0x0000000706100000|  0%| F|  |TAMS 0x0000000706000000, 0x0000000706000000| Untracked 
|  57|0x0000000706100000, 0x0000000706100000, 0x0000000706200000|  0%| F|  |TAMS 0x0000000706100000, 0x0000000706100000| Untracked 
|  58|0x0000000706200000, 0x0000000706200000, 0x0000000706300000|  0%| F|  |TAMS 0x0000000706200000, 0x0000000706200000| Untracked 
|  59|0x0000000706300000, 0x0000000706300000, 0x0000000706400000|  0%| F|  |TAMS 0x0000000706300000, 0x0000000706300000| Untracked 
|  60|0x0000000706400000, 0x0000000706400000, 0x0000000706500000|  0%| F|  |TAMS 0x0000000706400000, 0x0000000706400000| Untracked 
|  61|0x0000000706500000, 0x0000000706500000, 0x0000000706600000|  0%| F|  |TAMS 0x0000000706500000, 0x0000000706500000| Untracked 
|  62|0x0000000706600000, 0x0000000706600000, 0x0000000706700000|  0%| F|  |TAMS 0x0000000706600000, 0x0000000706600000| Untracked 
|  63|0x0000000706700000, 0x0000000706700000, 0x0000000706800000|  0%| F|  |TAMS 0x0000000706700000, 0x0000000706700000| Untracked 
|  64|0x0000000706800000, 0x0000000706800000, 0x0000000706900000|  0%| F|  |TAMS 0x0000000706800000, 0x0000000706800000| Untracked 
|  65|0x0000000706900000, 0x0000000706900000, 0x0000000706a00000|  0%| F|  |TAMS 0x0000000706900000, 0x0000000706900000| Untracked 
|  66|0x0000000706a00000, 0x0000000706a00000, 0x0000000706b00000|  0%| F|  |TAMS 0x0000000706a00000, 0x0000000706a00000| Untracked 
|  67|0x0000000706b00000, 0x0000000706b00000, 0x0000000706c00000|  0%| F|  |TAMS 0x0000000706b00000, 0x0000000706b00000| Untracked 
|  68|0x0000000706c00000, 0x0000000706c00000, 0x0000000706d00000|  0%| F|  |TAMS 0x0000000706c00000, 0x0000000706c00000| Untracked 
|  69|0x0000000706d00000, 0x0000000706d00000, 0x0000000706e00000|  0%| F|  |TAMS 0x0000000706d00000, 0x0000000706d00000| Untracked 
|  70|0x0000000706e00000, 0x0000000706e00000, 0x0000000706f00000|  0%| F|  |TAMS 0x0000000706e00000, 0x0000000706e00000| Untracked 
|  71|0x0000000706f00000, 0x0000000706f00000, 0x0000000707000000|  0%| F|  |TAMS 0x0000000706f00000, 0x0000000706f00000| Untracked 
|  72|0x0000000707000000, 0x0000000707000000, 0x0000000707100000|  0%| F|  |TAMS 0x0000000707000000, 0x0000000707000000| Untracked 
|  73|0x0000000707100000, 0x0000000707100000, 0x0000000707200000|  0%| F|  |TAMS 0x0000000707100000, 0x0000000707100000| Untracked 
|  74|0x0000000707200000, 0x0000000707200000, 0x0000000707300000|  0%| F|  |TAMS 0x0000000707200000, 0x0000000707200000| Untracked 
|  75|0x0000000707300000, 0x0000000707300000, 0x0000000707400000|  0%| F|  |TAMS 0x0000000707300000, 0x0000000707300000| Untracked 
|  76|0x0000000707400000, 0x0000000707400000, 0x0000000707500000|  0%| F|  |TAMS 0x0000000707400000, 0x0000000707400000| Untracked 
|  77|0x0000000707500000, 0x0000000707500000, 0x0000000707600000|  0%| F|  |TAMS 0x0000000707500000, 0x0000000707500000| Untracked 
|  78|0x0000000707600000, 0x0000000707600000, 0x0000000707700000|  0%| F|  |TAMS 0x0000000707600000, 0x0000000707600000| Untracked 
|  79|0x0000000707700000, 0x0000000707700000, 0x0000000707800000|  0%| F|  |TAMS 0x0000000707700000, 0x0000000707700000| Untracked 
|  80|0x0000000707800000, 0x0000000707800000, 0x0000000707900000|  0%| F|  |TAMS 0x0000000707800000, 0x0000000707800000| Untracked 
|  81|0x0000000707900000, 0x0000000707900000, 0x0000000707a00000|  0%| F|  |TAMS 0x0000000707900000, 0x0000000707900000| Untracked 
|  82|0x0000000707a00000, 0x0000000707a00000, 0x0000000707b00000|  0%| F|  |TAMS 0x0000000707a00000, 0x0000000707a00000| Untracked 
|  83|0x0000000707b00000, 0x0000000707b00000, 0x0000000707c00000|  0%| F|  |TAMS 0x0000000707b00000, 0x0000000707b00000| Untracked 
|  84|0x0000000707c00000, 0x0000000707c00000, 0x0000000707d00000|  0%| F|  |TAMS 0x0000000707c00000, 0x0000000707c00000| Untracked 
|  85|0x0000000707d00000, 0x0000000707d00000, 0x0000000707e00000|  0%| F|  |TAMS 0x0000000707d00000, 0x0000000707d00000| Untracked 
|  86|0x0000000707e00000, 0x0000000707e00000, 0x0000000707f00000|  0%| F|  |TAMS 0x0000000707e00000, 0x0000000707e00000| Untracked 
|  87|0x0000000707f00000, 0x0000000707f00000, 0x0000000708000000|  0%| F|  |TAMS 0x0000000707f00000, 0x0000000707f00000| Untracked 
|  88|0x0000000708000000, 0x0000000708000000, 0x0000000708100000|  0%| F|  |TAMS 0x0000000708000000, 0x0000000708000000| Untracked 
|  89|0x0000000708100000, 0x0000000708100000, 0x0000000708200000|  0%| F|  |TAMS 0x0000000708100000, 0x0000000708100000| Untracked 
|  90|0x0000000708200000, 0x0000000708200000, 0x0000000708300000|  0%| F|  |TAMS 0x0000000708200000, 0x0000000708200000| Untracked 
|  91|0x0000000708300000, 0x0000000708300000, 0x0000000708400000|  0%| F|  |TAMS 0x0000000708300000, 0x0000000708300000| Untracked 
|  92|0x0000000708400000, 0x0000000708400000, 0x0000000708500000|  0%| F|  |TAMS 0x0000000708400000, 0x0000000708400000| Untracked 
|  93|0x0000000708500000, 0x0000000708500000, 0x0000000708600000|  0%| F|  |TAMS 0x0000000708500000, 0x0000000708500000| Untracked 
|  94|0x0000000708600000, 0x0000000708600000, 0x0000000708700000|  0%| F|  |TAMS 0x0000000708600000, 0x0000000708600000| Untracked 
|  95|0x0000000708700000, 0x0000000708700000, 0x0000000708800000|  0%| F|  |TAMS 0x0000000708700000, 0x0000000708700000| Untracked 
|  96|0x0000000708800000, 0x0000000708800000, 0x0000000708900000|  0%| F|  |TAMS 0x0000000708800000, 0x0000000708800000| Untracked 
|  97|0x0000000708900000, 0x0000000708900000, 0x0000000708a00000|  0%| F|  |TAMS 0x0000000708900000, 0x0000000708900000| Untracked 
|  98|0x0000000708a00000, 0x0000000708a00000, 0x0000000708b00000|  0%| F|  |TAMS 0x0000000708a00000, 0x0000000708a00000| Untracked 
|  99|0x0000000708b00000, 0x0000000708b00000, 0x0000000708c00000|  0%| F|  |TAMS 0x0000000708b00000, 0x0000000708b00000| Untracked 
| 100|0x0000000708c00000, 0x0000000708c00000, 0x0000000708d00000|  0%| F|  |TAMS 0x0000000708c00000, 0x0000000708c00000| Untracked 
| 101|0x0000000708d00000, 0x0000000708d00000, 0x0000000708e00000|  0%| F|  |TAMS 0x0000000708d00000, 0x0000000708d00000| Untracked 
| 102|0x0000000708e00000, 0x0000000708e00000, 0x0000000708f00000|  0%| F|  |TAMS 0x0000000708e00000, 0x0000000708e00000| Untracked 
| 103|0x0000000708f00000, 0x0000000708f00000, 0x0000000709000000|  0%| F|  |TAMS 0x0000000708f00000, 0x0000000708f00000| Untracked 
| 104|0x0000000709000000, 0x0000000709000000, 0x0000000709100000|  0%| F|  |TAMS 0x0000000709000000, 0x0000000709000000| Untracked 
| 105|0x0000000709100000, 0x0000000709100000, 0x0000000709200000|  0%| F|  |TAMS 0x0000000709100000, 0x0000000709100000| Untracked 
| 106|0x0000000709200000, 0x0000000709200000, 0x0000000709300000|  0%| F|  |TAMS 0x0000000709200000, 0x0000000709200000| Untracked 
| 107|0x0000000709300000, 0x0000000709300000, 0x0000000709400000|  0%| F|  |TAMS 0x0000000709300000, 0x0000000709300000| Untracked 
| 108|0x0000000709400000, 0x0000000709400000, 0x0000000709500000|  0%| F|  |TAMS 0x0000000709400000, 0x0000000709400000| Untracked 
| 109|0x0000000709500000, 0x0000000709500000, 0x0000000709600000|  0%| F|  |TAMS 0x0000000709500000, 0x0000000709500000| Untracked 
| 110|0x0000000709600000, 0x0000000709600000, 0x0000000709700000|  0%| F|  |TAMS 0x0000000709600000, 0x0000000709600000| Untracked 
| 111|0x0000000709700000, 0x0000000709700000, 0x0000000709800000|  0%| F|  |TAMS 0x0000000709700000, 0x0000000709700000| Untracked 
| 112|0x0000000709800000, 0x0000000709800000, 0x0000000709900000|  0%| F|  |TAMS 0x0000000709800000, 0x0000000709800000| Untracked 
| 113|0x0000000709900000, 0x0000000709900000, 0x0000000709a00000|  0%| F|  |TAMS 0x0000000709900000, 0x0000000709900000| Untracked 
| 114|0x0000000709a00000, 0x0000000709a00000, 0x0000000709b00000|  0%| F|  |TAMS 0x0000000709a00000, 0x0000000709a00000| Untracked 
| 115|0x0000000709b00000, 0x0000000709b00000, 0x0000000709c00000|  0%| F|  |TAMS 0x0000000709b00000, 0x0000000709b00000| Untracked 
| 116|0x0000000709c00000, 0x0000000709c00000, 0x0000000709d00000|  0%| F|  |TAMS 0x0000000709c00000, 0x0000000709c00000| Untracked 
| 117|0x0000000709d00000, 0x0000000709d00000, 0x0000000709e00000|  0%| F|  |TAMS 0x0000000709d00000, 0x0000000709d00000| Untracked 
| 118|0x0000000709e00000, 0x0000000709e00000, 0x0000000709f00000|  0%| F|  |TAMS 0x0000000709e00000, 0x0000000709e00000| Untracked 
| 119|0x0000000709f00000, 0x0000000709f00000, 0x000000070a000000|  0%| F|  |TAMS 0x0000000709f00000, 0x0000000709f00000| Untracked 
| 120|0x000000070a000000, 0x000000070a000000, 0x000000070a100000|  0%| F|  |TAMS 0x000000070a000000, 0x000000070a000000| Untracked 
| 121|0x000000070a100000, 0x000000070a100000, 0x000000070a200000|  0%| F|  |TAMS 0x000000070a100000, 0x000000070a100000| Untracked 
| 122|0x000000070a200000, 0x000000070a200000, 0x000000070a300000|  0%| F|  |TAMS 0x000000070a200000, 0x000000070a200000| Untracked 
| 123|0x000000070a300000, 0x000000070a300000, 0x000000070a400000|  0%| F|  |TAMS 0x000000070a300000, 0x000000070a300000| Untracked 
| 124|0x000000070a400000, 0x000000070a442758, 0x000000070a500000| 25%| S|CS|TAMS 0x000000070a400000, 0x000000070a400000| Complete 
| 125|0x000000070a500000, 0x000000070a600000, 0x000000070a600000|100%| S|CS|TAMS 0x000000070a500000, 0x000000070a500000| Complete 
| 126|0x000000070a600000, 0x000000070a700000, 0x000000070a700000|100%| S|CS|TAMS 0x000000070a600000, 0x000000070a600000| Complete 
| 127|0x000000070a700000, 0x000000070a800000, 0x000000070a800000|100%| S|CS|TAMS 0x000000070a700000, 0x000000070a700000| Complete 
| 128|0x000000070a800000, 0x000000070a900000, 0x000000070a900000|100%| S|CS|TAMS 0x000000070a800000, 0x000000070a800000| Complete 
| 129|0x000000070a900000, 0x000000070aa00000, 0x000000070aa00000|100%| S|CS|TAMS 0x000000070a900000, 0x000000070a900000| Complete 
| 130|0x000000070aa00000, 0x000000070ab00000, 0x000000070ab00000|100%| S|CS|TAMS 0x000000070aa00000, 0x000000070aa00000| Complete 
| 131|0x000000070ab00000, 0x000000070ac00000, 0x000000070ac00000|100%| S|CS|TAMS 0x000000070ab00000, 0x000000070ab00000| Complete 
| 132|0x000000070ac00000, 0x000000070ad00000, 0x000000070ad00000|100%| S|CS|TAMS 0x000000070ac00000, 0x000000070ac00000| Complete 
| 133|0x000000070ad00000, 0x000000070ae00000, 0x000000070ae00000|100%| S|CS|TAMS 0x000000070ad00000, 0x000000070ad00000| Complete 
| 134|0x000000070ae00000, 0x000000070af00000, 0x000000070af00000|100%| S|CS|TAMS 0x000000070ae00000, 0x000000070ae00000| Complete 
| 135|0x000000070af00000, 0x000000070b000000, 0x000000070b000000|100%| S|CS|TAMS 0x000000070af00000, 0x000000070af00000| Complete 
| 136|0x000000070b000000, 0x000000070b100000, 0x000000070b100000|100%| S|CS|TAMS 0x000000070b000000, 0x000000070b000000| Complete 
| 137|0x000000070b100000, 0x000000070b200000, 0x000000070b200000|100%| S|CS|TAMS 0x000000070b100000, 0x000000070b100000| Complete 
| 138|0x000000070b200000, 0x000000070b300000, 0x000000070b300000|100%| S|CS|TAMS 0x000000070b200000, 0x000000070b200000| Complete 
| 139|0x000000070b300000, 0x000000070b300000, 0x000000070b400000|  0%| F|  |TAMS 0x000000070b300000, 0x000000070b300000| Untracked 
| 140|0x000000070b400000, 0x000000070b400000, 0x000000070b500000|  0%| F|  |TAMS 0x000000070b400000, 0x000000070b400000| Untracked 
| 141|0x000000070b500000, 0x000000070b500000, 0x000000070b600000|  0%| F|  |TAMS 0x000000070b500000, 0x000000070b500000| Untracked 
| 142|0x000000070b600000, 0x000000070b600000, 0x000000070b700000|  0%| F|  |TAMS 0x000000070b600000, 0x000000070b600000| Untracked 
| 143|0x000000070b700000, 0x000000070b700000, 0x000000070b800000|  0%| F|  |TAMS 0x000000070b700000, 0x000000070b700000| Untracked 
| 144|0x000000070b800000, 0x000000070b800000, 0x000000070b900000|  0%| F|  |TAMS 0x000000070b800000, 0x000000070b800000| Untracked 
| 145|0x000000070b900000, 0x000000070b900000, 0x000000070ba00000|  0%| F|  |TAMS 0x000000070b900000, 0x000000070b900000| Untracked 
| 146|0x000000070ba00000, 0x000000070ba00000, 0x000000070bb00000|  0%| F|  |TAMS 0x000000070ba00000, 0x000000070ba00000| Untracked 
| 147|0x000000070bb00000, 0x000000070bb00000, 0x000000070bc00000|  0%| F|  |TAMS 0x000000070bb00000, 0x000000070bb00000| Untracked 
| 148|0x000000070bc00000, 0x000000070bc00000, 0x000000070bd00000|  0%| F|  |TAMS 0x000000070bc00000, 0x000000070bc00000| Untracked 
| 149|0x000000070bd00000, 0x000000070bd00000, 0x000000070be00000|  0%| F|  |TAMS 0x000000070bd00000, 0x000000070bd00000| Untracked 
| 150|0x000000070be00000, 0x000000070be00000, 0x000000070bf00000|  0%| F|  |TAMS 0x000000070be00000, 0x000000070be00000| Untracked 
| 151|0x000000070bf00000, 0x000000070bf00000, 0x000000070c000000|  0%| F|  |TAMS 0x000000070bf00000, 0x000000070bf00000| Untracked 
| 152|0x000000070c000000, 0x000000070c000000, 0x000000070c100000|  0%| F|  |TAMS 0x000000070c000000, 0x000000070c000000| Untracked 
| 153|0x000000070c100000, 0x000000070c100000, 0x000000070c200000|  0%| F|  |TAMS 0x000000070c100000, 0x000000070c100000| Untracked 
| 154|0x000000070c200000, 0x000000070c200000, 0x000000070c300000|  0%| F|  |TAMS 0x000000070c200000, 0x000000070c200000| Untracked 
| 155|0x000000070c300000, 0x000000070c300000, 0x000000070c400000|  0%| F|  |TAMS 0x000000070c300000, 0x000000070c300000| Untracked 
| 156|0x000000070c400000, 0x000000070c400000, 0x000000070c500000|  0%| F|  |TAMS 0x000000070c400000, 0x000000070c400000| Untracked 
| 157|0x000000070c500000, 0x000000070c500000, 0x000000070c600000|  0%| F|  |TAMS 0x000000070c500000, 0x000000070c500000| Untracked 
| 158|0x000000070c600000, 0x000000070c600000, 0x000000070c700000|  0%| F|  |TAMS 0x000000070c600000, 0x000000070c600000| Untracked 
| 159|0x000000070c700000, 0x000000070c700000, 0x000000070c800000|  0%| F|  |TAMS 0x000000070c700000, 0x000000070c700000| Untracked 
| 160|0x000000070c800000, 0x000000070c800000, 0x000000070c900000|  0%| F|  |TAMS 0x000000070c800000, 0x000000070c800000| Untracked 
| 161|0x000000070c900000, 0x000000070c900000, 0x000000070ca00000|  0%| F|  |TAMS 0x000000070c900000, 0x000000070c900000| Untracked 
| 162|0x000000070ca00000, 0x000000070ca00000, 0x000000070cb00000|  0%| F|  |TAMS 0x000000070ca00000, 0x000000070ca00000| Untracked 
| 163|0x000000070cb00000, 0x000000070cb00000, 0x000000070cc00000|  0%| F|  |TAMS 0x000000070cb00000, 0x000000070cb00000| Untracked 
| 164|0x000000070cc00000, 0x000000070cc00000, 0x000000070cd00000|  0%| F|  |TAMS 0x000000070cc00000, 0x000000070cc00000| Untracked 
| 165|0x000000070cd00000, 0x000000070cd00000, 0x000000070ce00000|  0%| F|  |TAMS 0x000000070cd00000, 0x000000070cd00000| Untracked 
| 166|0x000000070ce00000, 0x000000070ce00000, 0x000000070cf00000|  0%| F|  |TAMS 0x000000070ce00000, 0x000000070ce00000| Untracked 
| 167|0x000000070cf00000, 0x000000070cf00000, 0x000000070d000000|  0%| F|  |TAMS 0x000000070cf00000, 0x000000070cf00000| Untracked 
| 168|0x000000070d000000, 0x000000070d000000, 0x000000070d100000|  0%| F|  |TAMS 0x000000070d000000, 0x000000070d000000| Untracked 
| 169|0x000000070d100000, 0x000000070d100000, 0x000000070d200000|  0%| F|  |TAMS 0x000000070d100000, 0x000000070d100000| Untracked 
| 170|0x000000070d200000, 0x000000070d200000, 0x000000070d300000|  0%| F|  |TAMS 0x000000070d200000, 0x000000070d200000| Untracked 
| 171|0x000000070d300000, 0x000000070d300000, 0x000000070d400000|  0%| F|  |TAMS 0x000000070d300000, 0x000000070d300000| Untracked 
| 172|0x000000070d400000, 0x000000070d400000, 0x000000070d500000|  0%| F|  |TAMS 0x000000070d400000, 0x000000070d400000| Untracked 
| 173|0x000000070d500000, 0x000000070d500000, 0x000000070d600000|  0%| F|  |TAMS 0x000000070d500000, 0x000000070d500000| Untracked 
| 174|0x000000070d600000, 0x000000070d600000, 0x000000070d700000|  0%| F|  |TAMS 0x000000070d600000, 0x000000070d600000| Untracked 
| 175|0x000000070d700000, 0x000000070d700000, 0x000000070d800000|  0%| F|  |TAMS 0x000000070d700000, 0x000000070d700000| Untracked 
| 176|0x000000070d800000, 0x000000070d800000, 0x000000070d900000|  0%| F|  |TAMS 0x000000070d800000, 0x000000070d800000| Untracked 
| 177|0x000000070d900000, 0x000000070d900000, 0x000000070da00000|  0%| F|  |TAMS 0x000000070d900000, 0x000000070d900000| Untracked 
| 178|0x000000070da00000, 0x000000070da00000, 0x000000070db00000|  0%| F|  |TAMS 0x000000070da00000, 0x000000070da00000| Untracked 
| 179|0x000000070db00000, 0x000000070db00000, 0x000000070dc00000|  0%| F|  |TAMS 0x000000070db00000, 0x000000070db00000| Untracked 
| 180|0x000000070dc00000, 0x000000070dc00000, 0x000000070dd00000|  0%| F|  |TAMS 0x000000070dc00000, 0x000000070dc00000| Untracked 
| 181|0x000000070dd00000, 0x000000070dd00000, 0x000000070de00000|  0%| F|  |TAMS 0x000000070dd00000, 0x000000070dd00000| Untracked 
| 182|0x000000070de00000, 0x000000070de00000, 0x000000070df00000|  0%| F|  |TAMS 0x000000070de00000, 0x000000070de00000| Untracked 
| 183|0x000000070df00000, 0x000000070df00000, 0x000000070e000000|  0%| F|  |TAMS 0x000000070df00000, 0x000000070df00000| Untracked 
| 184|0x000000070e000000, 0x000000070e000000, 0x000000070e100000|  0%| F|  |TAMS 0x000000070e000000, 0x000000070e000000| Untracked 
| 185|0x000000070e100000, 0x000000070e100000, 0x000000070e200000|  0%| F|  |TAMS 0x000000070e100000, 0x000000070e100000| Untracked 
| 186|0x000000070e200000, 0x000000070e200000, 0x000000070e300000|  0%| F|  |TAMS 0x000000070e200000, 0x000000070e200000| Untracked 
| 187|0x000000070e300000, 0x000000070e300000, 0x000000070e400000|  0%| F|  |TAMS 0x000000070e300000, 0x000000070e300000| Untracked 
| 188|0x000000070e400000, 0x000000070e400000, 0x000000070e500000|  0%| F|  |TAMS 0x000000070e400000, 0x000000070e400000| Untracked 
| 189|0x000000070e500000, 0x000000070e500000, 0x000000070e600000|  0%| F|  |TAMS 0x000000070e500000, 0x000000070e500000| Untracked 
| 190|0x000000070e600000, 0x000000070e600000, 0x000000070e700000|  0%| F|  |TAMS 0x000000070e600000, 0x000000070e600000| Untracked 
| 191|0x000000070e700000, 0x000000070e700000, 0x000000070e800000|  0%| F|  |TAMS 0x000000070e700000, 0x000000070e700000| Untracked 
| 192|0x000000070e800000, 0x000000070e800000, 0x000000070e900000|  0%| F|  |TAMS 0x000000070e800000, 0x000000070e800000| Untracked 
| 193|0x000000070e900000, 0x000000070e900000, 0x000000070ea00000|  0%| F|  |TAMS 0x000000070e900000, 0x000000070e900000| Untracked 
| 194|0x000000070ea00000, 0x000000070ea00000, 0x000000070eb00000|  0%| F|  |TAMS 0x000000070ea00000, 0x000000070ea00000| Untracked 
| 195|0x000000070eb00000, 0x000000070eb00000, 0x000000070ec00000|  0%| F|  |TAMS 0x000000070eb00000, 0x000000070eb00000| Untracked 
| 196|0x000000070ec00000, 0x000000070ec00000, 0x000000070ed00000|  0%| F|  |TAMS 0x000000070ec00000, 0x000000070ec00000| Untracked 
| 197|0x000000070ed00000, 0x000000070ed00000, 0x000000070ee00000|  0%| F|  |TAMS 0x000000070ed00000, 0x000000070ed00000| Untracked 
| 198|0x000000070ee00000, 0x000000070ee00000, 0x000000070ef00000|  0%| F|  |TAMS 0x000000070ee00000, 0x000000070ee00000| Untracked 
| 199|0x000000070ef00000, 0x000000070ef00000, 0x000000070f000000|  0%| F|  |TAMS 0x000000070ef00000, 0x000000070ef00000| Untracked 
| 200|0x000000070f000000, 0x000000070f000000, 0x000000070f100000|  0%| F|  |TAMS 0x000000070f000000, 0x000000070f000000| Untracked 
| 201|0x000000070f100000, 0x000000070f100000, 0x000000070f200000|  0%| F|  |TAMS 0x000000070f100000, 0x000000070f100000| Untracked 
| 202|0x000000070f200000, 0x000000070f200000, 0x000000070f300000|  0%| F|  |TAMS 0x000000070f200000, 0x000000070f200000| Untracked 
| 203|0x000000070f300000, 0x000000070f300000, 0x000000070f400000|  0%| F|  |TAMS 0x000000070f300000, 0x000000070f300000| Untracked 
| 204|0x000000070f400000, 0x000000070f400000, 0x000000070f500000|  0%| F|  |TAMS 0x000000070f400000, 0x000000070f400000| Untracked 
| 205|0x000000070f500000, 0x000000070f500000, 0x000000070f600000|  0%| F|  |TAMS 0x000000070f500000, 0x000000070f500000| Untracked 
| 206|0x000000070f600000, 0x000000070f600000, 0x000000070f700000|  0%| F|  |TAMS 0x000000070f600000, 0x000000070f600000| Untracked 
| 207|0x000000070f700000, 0x000000070f700000, 0x000000070f800000|  0%| F|  |TAMS 0x000000070f700000, 0x000000070f700000| Untracked 
| 208|0x000000070f800000, 0x000000070f800000, 0x000000070f900000|  0%| F|  |TAMS 0x000000070f800000, 0x000000070f800000| Untracked 
| 209|0x000000070f900000, 0x000000070f900000, 0x000000070fa00000|  0%| F|  |TAMS 0x000000070f900000, 0x000000070f900000| Untracked 
| 210|0x000000070fa00000, 0x000000070fa00000, 0x000000070fb00000|  0%| F|  |TAMS 0x000000070fa00000, 0x000000070fa00000| Untracked 
| 211|0x000000070fb00000, 0x000000070fb00000, 0x000000070fc00000|  0%| F|  |TAMS 0x000000070fb00000, 0x000000070fb00000| Untracked 
| 212|0x000000070fc00000, 0x000000070fc00000, 0x000000070fd00000|  0%| F|  |TAMS 0x000000070fc00000, 0x000000070fc00000| Untracked 
| 213|0x000000070fd00000, 0x000000070fd00000, 0x000000070fe00000|  0%| F|  |TAMS 0x000000070fd00000, 0x000000070fd00000| Untracked 
| 214|0x000000070fe00000, 0x000000070fe00000, 0x000000070ff00000|  0%| F|  |TAMS 0x000000070fe00000, 0x000000070fe00000| Untracked 
| 215|0x000000070ff00000, 0x000000070ff00000, 0x0000000710000000|  0%| F|  |TAMS 0x000000070ff00000, 0x000000070ff00000| Untracked 
| 216|0x0000000710000000, 0x0000000710000000, 0x0000000710100000|  0%| F|  |TAMS 0x0000000710000000, 0x0000000710000000| Untracked 
| 217|0x0000000710100000, 0x0000000710100000, 0x0000000710200000|  0%| F|  |TAMS 0x0000000710100000, 0x0000000710100000| Untracked 
| 218|0x0000000710200000, 0x0000000710200000, 0x0000000710300000|  0%| F|  |TAMS 0x0000000710200000, 0x0000000710200000| Untracked 
| 219|0x0000000710300000, 0x0000000710300000, 0x0000000710400000|  0%| F|  |TAMS 0x0000000710300000, 0x0000000710300000| Untracked 
| 220|0x0000000710400000, 0x0000000710400000, 0x0000000710500000|  0%| F|  |TAMS 0x0000000710400000, 0x0000000710400000| Untracked 
| 221|0x0000000710500000, 0x0000000710500000, 0x0000000710600000|  0%| F|  |TAMS 0x0000000710500000, 0x0000000710500000| Untracked 
| 222|0x0000000710600000, 0x0000000710600000, 0x0000000710700000|  0%| F|  |TAMS 0x0000000710600000, 0x0000000710600000| Untracked 
| 223|0x0000000710700000, 0x0000000710700000, 0x0000000710800000|  0%| F|  |TAMS 0x0000000710700000, 0x0000000710700000| Untracked 
| 224|0x0000000710800000, 0x0000000710800000, 0x0000000710900000|  0%| F|  |TAMS 0x0000000710800000, 0x0000000710800000| Untracked 
| 225|0x0000000710900000, 0x0000000710900000, 0x0000000710a00000|  0%| F|  |TAMS 0x0000000710900000, 0x0000000710900000| Untracked 
| 226|0x0000000710a00000, 0x0000000710a00000, 0x0000000710b00000|  0%| F|  |TAMS 0x0000000710a00000, 0x0000000710a00000| Untracked 
| 227|0x0000000710b00000, 0x0000000710b00000, 0x0000000710c00000|  0%| F|  |TAMS 0x0000000710b00000, 0x0000000710b00000| Untracked 
| 228|0x0000000710c00000, 0x0000000710c00000, 0x0000000710d00000|  0%| F|  |TAMS 0x0000000710c00000, 0x0000000710c00000| Untracked 
| 229|0x0000000710d00000, 0x0000000710d00000, 0x0000000710e00000|  0%| F|  |TAMS 0x0000000710d00000, 0x0000000710d00000| Untracked 
| 230|0x0000000710e00000, 0x0000000710e00000, 0x0000000710f00000|  0%| F|  |TAMS 0x0000000710e00000, 0x0000000710e00000| Untracked 
| 231|0x0000000710f00000, 0x0000000710f00000, 0x0000000711000000|  0%| F|  |TAMS 0x0000000710f00000, 0x0000000710f00000| Untracked 
| 232|0x0000000711000000, 0x0000000711000000, 0x0000000711100000|  0%| F|  |TAMS 0x0000000711000000, 0x0000000711000000| Untracked 
| 233|0x0000000711100000, 0x0000000711100000, 0x0000000711200000|  0%| F|  |TAMS 0x0000000711100000, 0x0000000711100000| Untracked 
| 234|0x0000000711200000, 0x0000000711200000, 0x0000000711300000|  0%| F|  |TAMS 0x0000000711200000, 0x0000000711200000| Untracked 
| 235|0x0000000711300000, 0x0000000711300000, 0x0000000711400000|  0%| F|  |TAMS 0x0000000711300000, 0x0000000711300000| Untracked 
| 236|0x0000000711400000, 0x0000000711400000, 0x0000000711500000|  0%| F|  |TAMS 0x0000000711400000, 0x0000000711400000| Untracked 
| 237|0x0000000711500000, 0x0000000711500000, 0x0000000711600000|  0%| F|  |TAMS 0x0000000711500000, 0x0000000711500000| Untracked 
| 238|0x0000000711600000, 0x0000000711600000, 0x0000000711700000|  0%| F|  |TAMS 0x0000000711600000, 0x0000000711600000| Untracked 
| 239|0x0000000711700000, 0x0000000711700000, 0x0000000711800000|  0%| F|  |TAMS 0x0000000711700000, 0x0000000711700000| Untracked 
| 240|0x0000000711800000, 0x0000000711800000, 0x0000000711900000|  0%| F|  |TAMS 0x0000000711800000, 0x0000000711800000| Untracked 
| 241|0x0000000711900000, 0x0000000711900000, 0x0000000711a00000|  0%| F|  |TAMS 0x0000000711900000, 0x0000000711900000| Untracked 
| 242|0x0000000711a00000, 0x0000000711a00000, 0x0000000711b00000|  0%| F|  |TAMS 0x0000000711a00000, 0x0000000711a00000| Untracked 
| 243|0x0000000711b00000, 0x0000000711b00000, 0x0000000711c00000|  0%| F|  |TAMS 0x0000000711b00000, 0x0000000711b00000| Untracked 
| 244|0x0000000711c00000, 0x0000000711c00000, 0x0000000711d00000|  0%| F|  |TAMS 0x0000000711c00000, 0x0000000711c00000| Untracked 
| 245|0x0000000711d00000, 0x0000000711d00000, 0x0000000711e00000|  0%| F|  |TAMS 0x0000000711d00000, 0x0000000711d00000| Untracked 
| 246|0x0000000711e00000, 0x0000000711e00000, 0x0000000711f00000|  0%| F|  |TAMS 0x0000000711e00000, 0x0000000711e00000| Untracked 
| 247|0x0000000711f00000, 0x0000000711f00000, 0x0000000712000000|  0%| F|  |TAMS 0x0000000711f00000, 0x0000000711f00000| Untracked 
| 248|0x0000000712000000, 0x0000000712000000, 0x0000000712100000|  0%| F|  |TAMS 0x0000000712000000, 0x0000000712000000| Untracked 
| 249|0x0000000712100000, 0x0000000712100000, 0x0000000712200000|  0%| F|  |TAMS 0x0000000712100000, 0x0000000712100000| Untracked 
| 250|0x0000000712200000, 0x0000000712200000, 0x0000000712300000|  0%| F|  |TAMS 0x0000000712200000, 0x0000000712200000| Untracked 
| 251|0x0000000712300000, 0x0000000712300000, 0x0000000712400000|  0%| F|  |TAMS 0x0000000712300000, 0x0000000712300000| Untracked 
| 252|0x0000000712400000, 0x0000000712400000, 0x0000000712500000|  0%| F|  |TAMS 0x0000000712400000, 0x0000000712400000| Untracked 
| 253|0x0000000712500000, 0x0000000712500000, 0x0000000712600000|  0%| F|  |TAMS 0x0000000712500000, 0x0000000712500000| Untracked 

Card table byte_map: [0x00000265d15e0000,0x00000265d1dd0000] _byte_map_base: 0x00000265cddcc000

Marking Bits (Prev, Next): (CMBitMap*) 0x00000265b76e38f8, (CMBitMap*) 0x00000265b76e3930
 Prev Bits: [0x00000265d25c0000, 0x00000265d6520000)
 Next Bits: [0x00000265d6520000, 0x00000265da480000)

Polling page: 0x00000265b77b0000

Metaspace:

Usage:
  Non-class:     51.04 MB capacity,    50.02 MB ( 98%) used,   844.60 KB (  2%) free+waste,   205.56 KB ( <1%) overhead. 
      Class:      7.97 MB capacity,     7.31 MB ( 92%) used,   580.58 KB (  7%) free+waste,    99.63 KB (  1%) overhead. 
       Both:     59.02 MB capacity,    57.33 MB ( 97%) used,     1.39 MB (  2%) free+waste,   305.19 KB ( <1%) overhead. 

Virtual space:
  Non-class space:       52.00 MB reserved,      51.09 MB ( 98%) committed 
      Class space:        1.00 GB reserved,       8.00 MB ( <1%) committed 
             Both:        1.05 GB reserved,      59.09 MB (  5%) committed 

Chunk freelists:
   Non-Class:  4.25 KB
       Class:  0 bytes
        Both:  4.25 KB

CodeHeap 'non-profiled nmethods': size=238336Kb used=8195Kb max_used=8195Kb free=230140Kb
 bounds [0x00000265c1ac0000, 0x00000265c22d0000, 0x00000265d0380000]
CodeHeap 'non-nmethods': size=7424Kb used=1309Kb max_used=1309Kb free=6114Kb
 bounds [0x00000265c1380000, 0x00000265c15f0000, 0x00000265c1ac0000]
 total_blobs=5754 nmethods=5013 adapters=628
 compilation: enabled
              stopped_count=0, restarted_count=0
 full_count=0

Compilation events (10 events):
Event: 7.362 Thread 0x00000265dd108000 nmethod 5031 0x00000265c22bf110 code [0x00000265c22bf2c0, 0x00000265c22bf3d8]
Event: 7.363 Thread 0x00000265dd108000 5032       1       java.util.TreeMap::forEach (58 bytes)
Event: 7.364 Thread 0x00000265dd108000 nmethod 5032 0x00000265c22bf490 code [0x00000265c22bf680, 0x00000265c22bf9a0]
Event: 7.365 Thread 0x00000265dd108000 5035       1       org.springframework.boot.autoconfigure.condition.ConditionEvaluationReport$ConditionAndOutcomes::isFullMatch (41 bytes)
Event: 7.366 Thread 0x00000265dd108000 nmethod 5035 0x00000265c22bfb90 code [0x00000265c22bfda0, 0x00000265c22c02c0]
Event: 7.366 Thread 0x00000265dd108000 5033       1       org.springframework.boot.autoconfigure.condition.ConditionEvaluationReport$$Lambda$921/0x00000008007f8440::accept (16 bytes)
Event: 7.366 Thread 0x00000265dd108000 nmethod 5033 0x00000265c22c0510 code [0x00000265c22c06e0, 0x00000265c22c08e0]
Event: 7.366 Thread 0x00000265dd108000 5034       1       org.springframework.boot.autoconfigure.condition.ConditionEvaluationReport::lambda$getConditionAndOutcomesBySource$0 (13 bytes)
Event: 7.366 Thread 0x00000265dd108000 nmethod 5034 0x00000265c22c0a10 code [0x00000265c22c0be0, 0x00000265c22c0d60]
Event: 7.366 Thread 0x00000265dd108000 5036       1       org.springframework.boot.autoconfigure.condition.ConditionEvaluationReport$ConditionAndOutcomes::iterator (13 bytes)

GC Heap History (10 events):
Event: 1.971 GC heap after
{Heap after GC invocations=2 (full 0):
 garbage-first heap   total 260096K, used 7624K [0x0000000702800000, 0x0000000800000000)
  region size 1024K, 4 young (4096K), 4 survivors (4096K)
 Metaspace       used 15413K, capacity 15845K, committed 16000K, reserved 1062912K
  class space    used 1662K, capacity 1825K, committed 1920K, reserved 1048576K
}
Event: 2.349 GC heap before
{Heap before GC invocations=2 (full 0):
 garbage-first heap   total 260096K, used 34248K [0x0000000702800000, 0x0000000800000000)
  region size 1024K, 31 young (31744K), 4 survivors (4096K)
 Metaspace       used 20393K, capacity 21119K, committed 21248K, reserved 1067008K
  class space    used 2385K, capacity 2690K, committed 2816K, reserved 1048576K
}
Event: 2.357 GC heap after
{Heap after GC invocations=3 (full 0):
 garbage-first heap   total 260096K, used 8934K [0x0000000702800000, 0x0000000800000000)
  region size 1024K, 5 young (5120K), 5 survivors (5120K)
 Metaspace       used 20393K, capacity 21119K, committed 21248K, reserved 1067008K
  class space    used 2385K, capacity 2690K, committed 2816K, reserved 1048576K
}
Event: 3.269 GC heap before
{Heap before GC invocations=4 (full 0):
 garbage-first heap   total 260096K, used 77542K [0x0000000702800000, 0x0000000800000000)
  region size 1024K, 69 young (70656K), 5 survivors (5120K)
 Metaspace       used 27547K, capacity 28484K, committed 28672K, reserved 1075200K
  class space    used 3230K, capacity 3575K, committed 3584K, reserved 1048576K
}
Event: 3.276 GC heap after
{Heap after GC invocations=5 (full 0):
 garbage-first heap   total 260096K, used 10301K [0x0000000702800000, 0x0000000800000000)
  region size 1024K, 6 young (6144K), 6 survivors (6144K)
 Metaspace       used 27547K, capacity 28484K, committed 28672K, reserved 1075200K
  class space    used 3230K, capacity 3575K, committed 3584K, reserved 1048576K
}
Event: 5.021 GC heap before
{Heap before GC invocations=5 (full 0):
 garbage-first heap   total 260096K, used 136253K [0x0000000702800000, 0x0000000800000000)
  region size 1024K, 131 young (134144K), 6 survivors (6144K)
 Metaspace       used 34622K, capacity 35913K, committed 36048K, reserved 1081344K
  class space    used 4256K, capacity 4779K, committed 4864K, reserved 1048576K
}
Event: 5.042 GC heap after
{Heap after GC invocations=6 (full 0):
 garbage-first heap   total 260096K, used 14359K [0x0000000702800000, 0x0000000800000000)
  region size 1024K, 10 young (10240K), 10 survivors (10240K)
 Metaspace       used 34622K, capacity 35913K, committed 36048K, reserved 1081344K
  class space    used 4256K, capacity 4779K, committed 4864K, reserved 1048576K
}
Event: 5.875 GC heap before
{Heap before GC invocations=7 (full 0):
 garbage-first heap   total 260096K, used 158743K [0x0000000702800000, 0x0000000800000000)
  region size 1024K, 152 young (155648K), 10 survivors (10240K)
 Metaspace       used 43639K, capacity 45116K, committed 45392K, reserved 1089536K
  class space    used 5310K, capacity 5902K, committed 6016K, reserved 1048576K
}
Event: 5.890 GC heap after
{Heap after GC invocations=8 (full 0):
 garbage-first heap   total 260096K, used 18299K [0x0000000702800000, 0x0000000800000000)
  region size 1024K, 14 young (14336K), 14 survivors (14336K)
 Metaspace       used 43639K, capacity 45116K, committed 45392K, reserved 1089536K
  class space    used 5310K, capacity 5902K, committed 6016K, reserved 1048576K
}
Event: 7.366 GC heap before
{Heap before GC invocations=8 (full 0):
 garbage-first heap   total 260096K, used 134011K [0x0000000702800000, 0x0000000800000000)
  region size 1024K, 129 young (132096K), 14 survivors (14336K)
 Metaspace       used 58702K, capacity 60433K, committed 60508K, reserved 1101824K
  class space    used 7482K, capacity 8163K, committed 8192K, reserved 1048576K
}

Deoptimization events (0 events):
No events

Classes redefined (0 events):
No events

Internal exceptions (10 events):
Event: 7.275 Thread 0x00000265de606000 Exception <a 'java/lang/ClassNotFoundException'{0x000000070c21c1e0}: edu/cybersoft/elearning/domain/CourseCustomizer> (0x000000070c21c1e0) thrown at [t:/workspace/open/src/hotspot/share/classfile/systemDictionary.cpp, line 231]
Event: 7.302 Thread 0x00000265de606000 Exception <a 'java/lang/ClassNotFoundException'{0x000000070bf51c40}: java/lang/ObjectCustomizer> (0x000000070bf51c40) thrown at [t:/workspace/open/src/hotspot/share/classfile/systemDictionary.cpp, line 231]
Event: 7.302 Thread 0x00000265de606000 Exception <a 'java/lang/ClassNotFoundException'{0x000000070bf65968}: edu/cybersoft/elearning/domain/BaseEntityCustomizer> (0x000000070bf65968) thrown at [t:/workspace/open/src/hotspot/share/classfile/systemDictionary.cpp, line 231]
Event: 7.303 Thread 0x00000265de606000 Exception <a 'java/lang/ClassNotFoundException'{0x000000070bf77858}: edu/cybersoft/elearning/domain/CategoryCustomizer> (0x000000070bf77858) thrown at [t:/workspace/open/src/hotspot/share/classfile/systemDictionary.cpp, line 231]
Event: 7.317 Thread 0x00000265de606000 Exception <a 'java/lang/ClassNotFoundException'{0x000000070bc7b188}: java/lang/ObjectCustomizer> (0x000000070bc7b188) thrown at [t:/workspace/open/src/hotspot/share/classfile/systemDictionary.cpp, line 231]
Event: 7.318 Thread 0x00000265de606000 Exception <a 'java/lang/ClassNotFoundException'{0x000000070bc8f170}: edu/cybersoft/elearning/domain/BaseEntityCustomizer> (0x000000070bc8f170) thrown at [t:/workspace/open/src/hotspot/share/classfile/systemDictionary.cpp, line 231]
Event: 7.318 Thread 0x00000265de606000 Exception <a 'java/lang/ClassNotFoundException'{0x000000070bca0f60}: edu/cybersoft/elearning/domain/TargetCustomizer> (0x000000070bca0f60) thrown at [t:/workspace/open/src/hotspot/share/classfile/systemDictionary.cpp, line 231]
Event: 7.345 Thread 0x00000265de606000 Exception <a 'java/lang/ClassNotFoundException'{0x000000070b68a530}: java/lang/ObjectCustomizer> (0x000000070b68a530) thrown at [t:/workspace/open/src/hotspot/share/classfile/systemDictionary.cpp, line 231]
Event: 7.346 Thread 0x00000265de606000 Exception <a 'java/lang/ClassNotFoundException'{0x000000070b69e258}: edu/cybersoft/elearning/domain/BaseEntityCustomizer> (0x000000070b69e258) thrown at [t:/workspace/open/src/hotspot/share/classfile/systemDictionary.cpp, line 231]
Event: 7.346 Thread 0x00000265de606000 Exception <a 'java/lang/ClassNotFoundException'{0x000000070b6afed8}: edu/cybersoft/elearning/domain/VideoCustomizer> (0x000000070b6afed8) thrown at [t:/workspace/open/src/hotspot/share/classfile/systemDictionary.cpp, line 231]

Events (10 events):
Event: 7.359 loading class org/springframework/boot/autoconfigure/condition/ConditionEvaluationReport$ConditionAndOutcomes done
Event: 7.360 loading class org/springframework/boot/autoconfigure/condition/ConditionEvaluationReport$ConditionAndOutcomes
Event: 7.360 loading class org/springframework/boot/autoconfigure/condition/ConditionEvaluationReport$ConditionAndOutcomes done
Event: 7.360 loading class org/springframework/boot/autoconfigure/condition/ConditionEvaluationReport
Event: 7.360 loading class org/springframework/boot/autoconfigure/condition/ConditionEvaluationReport done
Event: 7.360 loading class org/springframework/boot/autoconfigure/condition/ConditionEvaluationReport$ConditionAndOutcomes
Event: 7.360 loading class org/springframework/boot/autoconfigure/condition/ConditionEvaluationReport$ConditionAndOutcomes done
Event: 7.366 loading class org/springframework/context/support/LiveBeansView
Event: 7.366 loading class org/springframework/context/support/LiveBeansView done
Event: 7.366 Executing VM operation: CollectForMetadataAllocation


Dynamic libraries:
0x00007ff7f2e70000 - 0x00007ff7f2eb7000 	C:\Java Development Kit\JDK 11\bin\java.exe
0x00007ffbfcf30000 - 0x00007ffbfd125000 	C:\WINDOWS\SYSTEM32\ntdll.dll
0x00007ffbfcd10000 - 0x00007ffbfcdcd000 	C:\WINDOWS\System32\KERNEL32.DLL
0x00007ffbfaa00000 - 0x00007ffbfacc7000 	C:\WINDOWS\System32\KERNELBASE.dll
0x00007ffbfb2b0000 - 0x00007ffbfb35a000 	C:\WINDOWS\System32\ADVAPI32.dll
0x00007ffbfb370000 - 0x00007ffbfb40e000 	C:\WINDOWS\System32\msvcrt.dll
0x00007ffbfba20000 - 0x00007ffbfbabb000 	C:\WINDOWS\System32\sechost.dll
0x00007ffbfbce0000 - 0x00007ffbfbe03000 	C:\WINDOWS\System32\RPCRT4.dll
0x00007ffbfbea0000 - 0x00007ffbfc040000 	C:\WINDOWS\System32\USER32.dll
0x00007ffbfad30000 - 0x00007ffbfad52000 	C:\WINDOWS\System32\win32u.dll
0x00007ffbfce50000 - 0x00007ffbfce7a000 	C:\WINDOWS\System32\GDI32.dll
0x00007ffbfad60000 - 0x00007ffbfae6a000 	C:\WINDOWS\System32\gdi32full.dll
0x00007ffbfa960000 - 0x00007ffbfa9fd000 	C:\WINDOWS\System32\msvcp_win.dll
0x00007ffbfa860000 - 0x00007ffbfa960000 	C:\WINDOWS\System32\ucrtbase.dll
0x00007ffbe73a0000 - 0x00007ffbe763a000 	C:\WINDOWS\WinSxS\amd64_microsoft.windows.common-controls_6595b64144ccf1df_6.0.19041.1_none_b555e41d4684ddec\COMCTL32.dll
0x00007ffbec140000 - 0x00007ffbec14a000 	C:\WINDOWS\SYSTEM32\VERSION.dll
0x00007ffbfbe10000 - 0x00007ffbfbe40000 	C:\WINDOWS\System32\IMM32.DLL
0x00007ffbeb480000 - 0x00007ffbeb496000 	C:\Java Development Kit\JDK 11\bin\vcruntime140.dll
0x00007ffba7df0000 - 0x00007ffba7e9a000 	C:\Java Development Kit\JDK 11\bin\msvcp140.dll
0x00007ffb82fc0000 - 0x00007ffb83ae8000 	C:\Java Development Kit\JDK 11\bin\server\jvm.dll
0x00007ffbfcee0000 - 0x00007ffbfcee8000 	C:\WINDOWS\System32\PSAPI.DLL
0x00007ffbeb850000 - 0x00007ffbeb877000 	C:\WINDOWS\SYSTEM32\WINMM.dll
0x00007ffbe51d0000 - 0x00007ffbe51d9000 	C:\WINDOWS\SYSTEM32\WSOCK32.dll
0x00007ffbfbc70000 - 0x00007ffbfbcdb000 	C:\WINDOWS\System32\WS2_32.dll
0x00007ffbf8fa0000 - 0x00007ffbf8fb3000 	C:\WINDOWS\SYSTEM32\kernel.appcore.dll
0x00007ffbeb460000 - 0x00007ffbeb471000 	C:\Java Development Kit\JDK 11\bin\verify.dll
0x000000005e9e0000 - 0x000000005eb76000 	C:\Program Files\Microsoft SQL Server\120\Shared\DBGHELP.DLL
0x00007ffbe8400000 - 0x00007ffbe8429000 	C:\Java Development Kit\JDK 11\bin\java.dll
0x00007ffbc39a0000 - 0x00007ffbc39cf000 	C:\Java Development Kit\JDK 11\bin\instrument.dll
0x00007ffbe83e0000 - 0x00007ffbe83f6000 	C:\Java Development Kit\JDK 11\bin\zip.dll
0x00007ffbebeb0000 - 0x00007ffbebeba000 	C:\Java Development Kit\JDK 11\bin\jimage.dll
0x00007ffbfc5d0000 - 0x00007ffbfcd10000 	C:\WINDOWS\System32\SHELL32.dll
0x00007ffbf86a0000 - 0x00007ffbf8e31000 	C:\WINDOWS\SYSTEM32\windows.storage.dll
0x00007ffbfb570000 - 0x00007ffbfb8c3000 	C:\WINDOWS\System32\combase.dll
0x00007ffbfa030000 - 0x00007ffbfa05c000 	C:\WINDOWS\SYSTEM32\Wldp.dll
0x00007ffbfb050000 - 0x00007ffbfb0fe000 	C:\WINDOWS\System32\SHCORE.dll
0x00007ffbfb9c0000 - 0x00007ffbfba15000 	C:\WINDOWS\System32\shlwapi.dll
0x00007ffbfa5c0000 - 0x00007ffbfa5df000 	C:\WINDOWS\SYSTEM32\profapi.dll
0x00007ffbe83c0000 - 0x00007ffbe83d9000 	C:\Java Development Kit\JDK 11\bin\net.dll
0x00007ffbf0530000 - 0x00007ffbf0630000 	C:\WINDOWS\SYSTEM32\WINHTTP.dll
0x00007ffbf9d60000 - 0x00007ffbf9dca000 	C:\WINDOWS\system32\mswsock.dll
0x00007ffbe7c10000 - 0x00007ffbe7c23000 	C:\Java Development Kit\JDK 11\bin\nio.dll
0x00007ffbc2cd0000 - 0x00007ffbc2cea000 	C:\Users\Hieu\AppData\Local\JetBrains\Toolbox\apps\IDEA-U\ch-0\202.6397.94\bin\breakgen64.dll
0x00007ffbf9aa0000 - 0x00007ffbf9b6a000 	C:\WINDOWS\SYSTEM32\DNSAPI.dll
0x00007ffbf9a60000 - 0x00007ffbf9a9b000 	C:\WINDOWS\SYSTEM32\IPHLPAPI.DLL
0x00007ffbfb360000 - 0x00007ffbfb369000 	C:\WINDOWS\System32\NSI.dll
0x00007ffbf1ca0000 - 0x00007ffbf1caa000 	C:\Windows\System32\rasadhlp.dll
0x00007ffbeeec0000 - 0x00007ffbeef3f000 	C:\WINDOWS\System32\fwpuclnt.dll
0x00007ffbfae70000 - 0x00007ffbfae97000 	C:\WINDOWS\System32\bcrypt.dll
0x00007ffbf5d30000 - 0x00007ffbf5d39000 	C:\Java Development Kit\JDK 11\bin\management.dll
0x00007ffbf5290000 - 0x00007ffbf529c000 	C:\Java Development Kit\JDK 11\bin\management_ext.dll
0x00007ffbf9f10000 - 0x00007ffbf9f28000 	C:\WINDOWS\SYSTEM32\CRYPTSP.dll
0x00007ffbf9700000 - 0x00007ffbf9734000 	C:\WINDOWS\system32\rsaenh.dll
0x00007ffbfa580000 - 0x00007ffbfa5ae000 	C:\WINDOWS\SYSTEM32\USERENV.dll
0x00007ffbfa680000 - 0x00007ffbfa6ff000 	C:\WINDOWS\System32\bcryptprimitives.dll
0x00007ffbf9f00000 - 0x00007ffbf9f0c000 	C:\WINDOWS\SYSTEM32\CRYPTBASE.dll
0x00007ffbf2410000 - 0x00007ffbf2427000 	C:\WINDOWS\SYSTEM32\dhcpcsvc6.DLL
0x00007ffbf2490000 - 0x00007ffbf24ad000 	C:\WINDOWS\SYSTEM32\dhcpcsvc.DLL
0x00007ffbc9600000 - 0x00007ffbc9617000 	C:\WINDOWS\system32\napinsp.dll
0x00007ffbc95e0000 - 0x00007ffbc95fb000 	C:\WINDOWS\system32\pnrpnsp.dll
0x00007ffbc8ba0000 - 0x00007ffbc8bb5000 	C:\WINDOWS\system32\wshbth.dll
0x00007ffbf5af0000 - 0x00007ffbf5b0d000 	C:\WINDOWS\system32\NLAapi.dll
0x00007ffbc9520000 - 0x00007ffbc9532000 	C:\WINDOWS\System32\winrnr.dll
0x00007ffba9420000 - 0x00007ffba95bf000 	C:\Java Development Kit\JDK 11\bin\awt.dll
0x00007ffbfb1e0000 - 0x00007ffbfb2ad000 	C:\WINDOWS\System32\OLEAUT32.dll
0x00007ffbf6720000 - 0x00007ffbf6ce0000 	C:\WINDOWS\SYSTEM32\d2d1.dll
0x00007ffbf7a30000 - 0x00007ffbf7ac0000 	C:\WINDOWS\SYSTEM32\apphelp.dll
0x00007ffbf7d50000 - 0x00007ffbf7def000 	C:\WINDOWS\system32\uxtheme.dll
0x00007ffbfc4b0000 - 0x00007ffbfc5c5000 	C:\WINDOWS\System32\MSCTF.dll
0x00007ffbfb440000 - 0x00007ffbfb569000 	C:\WINDOWS\System32\ole32.dll
0x00007ffbf8030000 - 0x00007ffbf805f000 	C:\WINDOWS\system32\DWMAPI.DLL
0x00007ffbb62a0000 - 0x00007ffbb62df000 	C:\Java Development Kit\JDK 11\bin\lcms.dll

dbghelp: loaded successfully - version: 4.0.5 - missing functions: none
symbol engine: initialized successfully - sym options: 0x614 - pdb path: .;C:\Java Development Kit\JDK 11\bin;C:\WINDOWS\SYSTEM32;C:\WINDOWS\WinSxS\amd64_microsoft.windows.common-controls_6595b64144ccf1df_6.0.19041.1_none_b555e41d4684ddec;C:\Java Development Kit\JDK 11\bin\server;C:\Program Files\Microsoft SQL Server\120\Shared;C:\Users\Hieu\AppData\Local\JetBrains\Toolbox\apps\IDEA-U\ch-0\202.6397.94\bin

VM Arguments:
jvm_args: -XX:TieredStopAtLevel=1 -Xverify:none -Dspring.output.ansi.enabled=always -Dcom.sun.management.jmxremote -Dspring.jmx.enabled=true -Dspring.liveBeansView.mbeanDomain -Dspring.application.admin.enabled=true -javaagent:C:\Users\Hieu\AppData\Local\JetBrains\Toolbox\apps\IDEA-U\ch-0\202.6397.94\lib\idea_rt.jar=52973:C:\Users\Hieu\AppData\Local\JetBrains\Toolbox\apps\IDEA-U\ch-0\202.6397.94\bin -Dfile.encoding=UTF-8 
java_command: edu.cybersoft.elearning.ELearningApplication
java_class_path (initial): D:\Cybersoft Academy\Java Backend\Java\Spring Framework\E-Learning\Backend\IntelliJ IDEA\e-learning\target\classes;C:\Users\Hieu\.m2\repository\org\springframework\boot\spring-boot-starter-data-jpa\2.3.3.RELEASE\spring-boot-starter-data-jpa-2.3.3.RELEASE.jar;C:\Users\Hieu\.m2\repository\org\springframework\boot\spring-boot-starter-aop\2.3.3.RELEASE\spring-boot-starter-aop-2.3.3.RELEASE.jar;C:\Users\Hieu\.m2\repository\org\springframework\spring-aop\5.2.8.RELEASE\spring-aop-5.2.8.RELEASE.jar;C:\Users\Hieu\.m2\repository\org\aspectj\aspectjweaver\1.9.6\aspectjweaver-1.9.6.jar;C:\Users\Hieu\.m2\repository\org\springframework\boot\spring-boot-starter-jdbc\2.3.3.RELEASE\spring-boot-starter-jdbc-2.3.3.RELEASE.jar;C:\Users\Hieu\.m2\repository\com\zaxxer\HikariCP\3.4.5\HikariCP-3.4.5.jar;C:\Users\Hieu\.m2\repository\org\springframework\spring-jdbc\5.2.8.RELEASE\spring-jdbc-5.2.8.RELEASE.jar;C:\Users\Hieu\.m2\repository\jakarta\transaction\jakarta.transaction-api\1.3.3\jakarta.transaction-api-1.3.3.jar;C:\Users\Hieu\.m2\repository\jakarta\persistence\jakarta.persistence-api\2.2.3\jakarta.persistence-api-2.2.3.jar;C:\Users\Hieu\.m2\repository\org\hibernate\hibernate-core\5.4.20.Final\hibernate-core-5.4.20.Final.jar;C:\Users\Hieu\.m2\repository\org\jboss\logging\jboss-logging\3.4.1.Final\jboss-logging-3.4.1.Final.jar;C:\Users\Hieu\.m2\repository\org\javassist\javassist\3.24.0-GA\javassist-3.24.0-GA.jar;C:\Users\Hieu\.m2\repository\net\bytebuddy\byte-buddy\1.10.14\byte-buddy-1.10.14.jar;C:\Users\Hieu\.m2\repository\antlr\antlr\2.7.7\antlr-2.7.7.jar;C:\Users\Hieu\.m2\repository\org\jboss\jandex\2.1.3.Final\jandex-2.1.3.Final.jar;C:\Users\Hieu\.m2\repository\com\fasterxml\classmate\1.5.1\classmate-1.5.1.jar;C:\Users\Hieu\.m2\repository\org\dom4j\dom4j\2.1.3\dom4j-2.1.3.jar;C:\Users\Hieu\.m2\repository\org\hibernate\common\hibernate-commons-annotations\5.1.0.Final\hibernate-commons-annotations-5.1.0.Final.jar;C:\Users\Hieu\.m2\repository\org\glassfish\
Launcher Type: SUN_STANDARD

[Global flags]
     bool BytecodeVerificationLocal                = false                                     {product} {command line}
     bool BytecodeVerificationRemote               = false                                     {product} {command line}
     intx CICompilerCount                          = 4                                         {product} {ergonomic}
     uint ConcGCThreads                            = 2                                         {product} {ergonomic}
     uint G1ConcRefinementThreads                  = 8                                         {product} {ergonomic}
   size_t G1HeapRegionSize                         = 1048576                                   {product} {ergonomic}
    uintx GCDrainStackTargetSize                   = 64                                        {product} {ergonomic}
   size_t InitialHeapSize                          = 266338304                                 {product} {ergonomic}
     bool ManagementServer                         = true                                      {product} {command line}
   size_t MarkStackSize                            = 4194304                                   {product} {ergonomic}
   size_t MaxHeapSize                              = 4253024256                                {product} {ergonomic}
   size_t MaxNewSize                               = 2551185408                                {product} {ergonomic}
   size_t MinHeapDeltaBytes                        = 1048576                                   {product} {ergonomic}
    uintx NonNMethodCodeHeapSize                   = 7549744                                {pd product} {ergonomic}
    uintx NonProfiledCodeHeapSize                  = 244108496                              {pd product} {ergonomic}
    uintx ProfiledCodeHeapSize                     = 0                                      {pd product} {ergonomic}
    uintx ReservedCodeCacheSize                    = 251658240                              {pd product} {ergonomic}
     bool SegmentedCodeCache                       = true                                      {product} {ergonomic}
     intx TieredStopAtLevel                        = 1                                         {product} {command line}
     bool UseCompressedClassPointers               = true                                 {lp64_product} {ergonomic}
     bool UseCompressedOops                        = true                                 {lp64_product} {ergonomic}
     bool UseG1GC                                  = true                                      {product} {ergonomic}
     bool UseLargePagesIndividualAllocation        = false                                  {pd product} {ergonomic}

Logging:
Log output configuration:
 #0: stdout all=warning uptime,level,tags
 #1: stderr all=off uptime,level,tags

Environment Variables:
JAVA_HOME=C:\Java Development Kit\JDK 11
PATH=C:\app\Hieu\product\18.0.0\dbhomeXE\bin;C:\Python\Python 3;C:\Python\Python 3\Scripts;C:\Python27\;C:\Python27\Scripts;C:\WINDOWS;C:\WINDOWS\System32\Wbem;C:\WINDOWS\System32\WindowsPowerShell\v1.0\;C:\WINDOWS\System32\OpenSSH\;c:\Program Files (x86)\Microsoft SQL Server\110\DTS\Binn\;C:\Program Files\Git\cmd;C:\Go\bin;C:\Program Files\dotnet\;C:\Program Files\Microsoft SQL Server\130\Tools\Binn\;C:\Program Files\Microsoft SQL Server\Client SDK\ODBC\170\Tools\Binn\;C:\Program Files\Microsoft SQL Server\120\Tools\Binn\;C:\Java Development Kit\JDK 11\bin;C:\Apache Maven\apache-maven-3.6.2\bin;C:\Program Files\Microsoft\Web Platform Installer\;C:\Program Files (x86)\Microsoft SQL Server\120\DTS\Binn\;C:\Program Files (x86)\Microsoft SQL Server\130\DTS\Binn\;C:\Program Files (x86)\Microsoft SQL Server\140\DTS\Binn\;C:\Program Files\Microsoft DNX\Dnvm\;c:\Program Files (x86)\Microsoft SQL Server\100\Tools\Binn\;c:\Program Files\Microsoft SQL Server\100\Tools\Binn\;c:\Program Files\Microsoft SQL Server\100\DTS\Binn\;c:\Program Files (x86)\Microsoft SQL Server\100\Tools\Binn\VSShell\Common7\IDE\;c:\Program Files (x86)\Microsoft Visual Studio 9.0\Common7\IDE\PrivateAssemblies\;c:\Program Files (x86)\Microsoft SQL Server\100\DTS\Binn\;c:\Program Files\Microsoft SQL Server\110\Tools\Binn\;c:\Program Files (x86)\Microsoft SQL Server\110\Tools\Binn\;c:\Program Files\Microsoft SQL Server\110\DTS\Binn\;c:\Program Files (x86)\Microsoft SQL Server\110\Tools\Binn\ManagementStudio\;c:\Program Files (x86)\Microsoft Visual Studio 10.0\Common7\IDE\PrivateAssemblies\;C:\Groovy\groovy-2.5.8\bin;C:\Gradle\gradle-6.4.1\bin;C:\Spring Boot CLI\spring-2.2.4.RELEASE\bin;C:\sqlite3;C:\ProgramData\chocolatey\bin;C:\Java Development Kit\JDK 8\bin;C:\WINDOWS\System32;C:\aspectj1.9\bin;C:\Oracle Glassfish\glassfish5\glassfish\bin;C:\Apache Derby\db-derby-10.8.1.2-bin\bin;C:\Users\Hieu\.jpm\windows\bin;C:\Program Files (x86)\Brackets\command;C:\Program Files\nodejs\;C:\Program Files\Docker\Docker\r
USERNAME=Hieu
OS=Windows_NT
PROCESSOR_IDENTIFIER=Intel64 Family 6 Model 142 Stepping 10, GenuineIntel



---------------  S Y S T E M  ---------------

OS: Windows 10 , 64 bit Build 19041 (10.0.19041.292)

CPU:total 8 (initial active 8) (4 cores per cpu, 2 threads per core) family 6 model 142 stepping 10, cmov, cx8, fxsr, mmx, sse, sse2, sse3, ssse3, sse4.1, sse4.2, popcnt, avx, avx2, aes, clmul, erms, 3dnowpref, lzcnt, ht, tsc, tscinvbit, bmi1, bmi2, adx, fma

Memory: 4k page, system-wide physical 16217M (928M free)
TotalPageFile size 34159M (AvailPageFile size 40M)
current process WorkingSet (physical memory assigned to process): 305M, peak: 305M
current process commit charge ("private bytes"): 427M, peak: 478M

vm_info: Java HotSpot(TM) 64-Bit Server VM (11.0.5+10-LTS) for windows-amd64 JRE (11.0.5+10-LTS), built on Oct  6 2019 12:37:14 by "mach5one" with MS VC++ 15.5 (VS2017)

END.
